#
# There is insufficient memory for the Java Runtime Environment to continue.
# Native memory allocation (mmap) failed to map 169869312 bytes for G1 virtual space
# Possible reasons:
#   The system is out of physical RAM or swap space
#   The process is running with CompressedOops enabled, and the Java Heap may be blocking the growth of the native heap
# Possible solutions:
#   Reduce memory load on the system
#   Increase physical memory or swap space
#   Check if swap backing store is full
#   Decrease Java heap size (-Xmx/-Xms)
#   Decrease number of Java threads
#   Decrease Java thread stack sizes (-Xss)
#   Set larger code cache with -XX:ReservedCodeCacheSize=
#   JVM is running with Zero Based Compressed Oops mode in which the Java heap is
#     placed in the first 32GB address space. The Java Heap base address is the
#     maximum limit for the native heap growth. Please use -XX:HeapBaseMinAddress
#     to set the Java Heap base and to place the Java Heap above 32GB virtual address.
# This output file may be truncated or incomplete.
#
#  Out of Memory Error (os_windows.cpp:3527), pid=9020, tid=22416
#
# JRE version: Java(TM) SE Runtime Environment (19.0.1+10) (build 19.0.1+10-21)
# Java VM: Java HotSpot(TM) 64-Bit Server VM (19.0.1+10-21, mixed mode, sharing, tiered, compressed oops, compressed class ptrs, g1 gc, windows-amd64)
# No core dump will be written. Minidumps are not enabled by default on client versions of Windows
#

---------------  S U M M A R Y ------------

Command Line: -Dfile.encoding=UTF-8 --module-path=C:\Users\Fredy Salvador\Documents\NetBeansProjects\InteracFlix\build\classes interacflix.Comienzo

Host: Intel(R) Core(TM) i3-8145U CPU @ 2.10GHz, 4 cores, 15G,  Windows 11 , 64 bit Build 22621 (10.0.22621.1778)
Time: Wed Jun 21 04:10:35 2023 Hora estándar, América Central elapsed time: 3.814220 seconds (0d 0h 0m 3s)

---------------  T H R E A D  ---------------

Current thread (0x00000218d5c3fcc0):  VMThread "VM Thread" [stack: 0x000000d9a5c00000,0x000000d9a5d00000] [id=22416]

Stack: [0x000000d9a5c00000,0x000000d9a5d00000]
Native frames: (J=compiled Java code, j=interpreted, Vv=VM code, C=native code)
V  [jvm.dll+0x6ee8fa]
V  [jvm.dll+0x857a1e]
V  [jvm.dll+0x85940e]
V  [jvm.dll+0x859ac3]
V  [jvm.dll+0x28291f]
V  [jvm.dll+0x6eb6e9]
V  [jvm.dll+0x6e028a]
V  [jvm.dll+0x357136]
V  [jvm.dll+0x35eb96]
V  [jvm.dll+0x3b555e]
V  [jvm.dll+0x3b578f]
V  [jvm.dll+0x32c6ea]
V  [jvm.dll+0x32c797]
V  [jvm.dll+0x374b52]
V  [jvm.dll+0x37328f]
V  [jvm.dll+0x32bf10]
V  [jvm.dll+0x37282b]
V  [jvm.dll+0x85ef83]
V  [jvm.dll+0x85fd49]
V  [jvm.dll+0x86027d]
V  [jvm.dll+0x86070b]
V  [jvm.dll+0x8607c7]
V  [jvm.dll+0x8015fa]
V  [jvm.dll+0x6ed5eb]
C  [ucrtbase.dll+0x29363]
C  [KERNEL32.DLL+0x126ad]
C  [ntdll.dll+0x5a9f8]

VM_Operation (0x000000d9ad1ff0a0): G1CollectForAllocation, mode: safepoint, requested by thread 0x00000218e35ca250


---------------  P R O C E S S  ---------------

Threads class SMR info:
_java_thread_list=0x0000021880bf45e0, length=64, elements={
0x00000218d5c57660, 0x00000218d5c58400, 0x00000218d5c5d520, 0x00000218d5c61010,
0x00000218d5c64440, 0x00000218d5c65980, 0x00000218d5c6be50, 0x00000218d5c74970,
0x00000218d5c65ed0, 0x00000218d5c66ec0, 0x00000218d5c66420, 0x00000218d5c66970,
0x00000218d5c639a0, 0x00000218d5c63ef0, 0x00000218d5c65430, 0x00000218d5c64990,
0x00000218dafa1d70, 0x00000218daf9f2f0, 0x00000218dafa0830, 0x00000218daf9f840,
0x00000218daf9e300, 0x00000218dafa12d0, 0x00000218dafa2d60, 0x00000218daf9e850,
0x00000218daf9d860, 0x00000218dafa22c0, 0x00000218dafa47f0, 0x00000218dafa02e0,
0x00000218daf9eda0, 0x00000218daf9fd90, 0x00000218dafa0d80, 0x00000218dafa1820,
0x00000218dafa2810, 0x00000218dafa32b0, 0x00000218dafa3800, 0x00000218dafa42a0,
0x00000218daf9d310, 0x00000218dafa3d50, 0x00000218d5c64ee0, 0x00000218daf9cdc0,
0x00000218dfeff250, 0x00000218dfeffcf0, 0x00000218dff05740, 0x00000218dff02cc0,
0x00000218dff03760, 0x00000218dff01780, 0x00000218dff03210, 0x00000218dff00ce0,
0x00000218dff03cb0, 0x00000218dff00240, 0x00000218dff01230, 0x00000218dff00790,
0x00000218dff01cd0, 0x00000218dff04200, 0x00000218dfeff7a0, 0x00000218dff04750,
0x00000218dff02220, 0x00000218dff04ca0, 0x00000218dff05c90, 0x00000218dff02770,
0x00000218dff051f0, 0x00000218dfefe260, 0x00000218dfefe7b0, 0x00000218e35ca250
}

Java Threads: ( => current thread )
  0x00000218d5c57660 JavaThread "Reference Handler" daemon [_thread_blocked, id=4336, stack(0x000000d9a5d00000,0x000000d9a5e00000)]
  0x00000218d5c58400 JavaThread "Finalizer" daemon [_thread_blocked, id=1112, stack(0x000000d9a5e00000,0x000000d9a5f00000)]
  0x00000218d5c5d520 JavaThread "Signal Dispatcher" daemon [_thread_blocked, id=18404, stack(0x000000d9a5f00000,0x000000d9a6000000)]
  0x00000218d5c61010 JavaThread "Attach Listener" daemon [_thread_blocked, id=10708, stack(0x000000d9a6000000,0x000000d9a6100000)]
  0x00000218d5c64440 JavaThread "Service Thread" daemon [_thread_blocked, id=16712, stack(0x000000d9a6100000,0x000000d9a6200000)]
  0x00000218d5c65980 JavaThread "Monitor Deflation Thread" daemon [_thread_blocked, id=22044, stack(0x000000d9a6200000,0x000000d9a6300000)]
  0x00000218d5c6be50 JavaThread "C2 CompilerThread0" daemon [_thread_blocked, id=22912, stack(0x000000d9a6300000,0x000000d9a6400000)]
  0x00000218d5c74970 JavaThread "C1 CompilerThread0" daemon [_thread_blocked, id=9340, stack(0x000000d9a6400000,0x000000d9a6500000)]
  0x00000218d5c65ed0 JavaThread "Sweeper thread" daemon [_thread_blocked, id=18672, stack(0x000000d9a6500000,0x000000d9a6600000)]
  0x00000218d5c66ec0 JavaThread "Common-Cleaner" daemon [_thread_blocked, id=5236, stack(0x000000d9a6600000,0x000000d9a6700000)]
  0x00000218d5c66420 JavaThread "Notification Thread" daemon [_thread_blocked, id=17244, stack(0x000000d9a6700000,0x000000d9a6800000)]
  0x00000218d5c66970 JavaThread "Java2D Disposer" daemon [_thread_blocked, id=24588, stack(0x000000d9a6a00000,0x000000d9a6b00000)]
  0x00000218d5c639a0 JavaThread "AWT-Shutdown" [_thread_blocked, id=13824, stack(0x000000d9a6b00000,0x000000d9a6c00000)]
  0x00000218d5c63ef0 JavaThread "AWT-Windows" daemon [_thread_blocked, id=17216, stack(0x000000d9a6c00000,0x000000d9a6d00000)]
  0x00000218d5c65430 JavaThread "AWT-EventQueue-0" [_thread_blocked, id=3268, stack(0x000000d9a6d00000,0x000000d9a6e00000)]
  0x00000218d5c64990 JavaThread "DestroyJavaVM" [_thread_blocked, id=14924, stack(0x000000d9a5600000,0x000000d9a5700000)]
  0x00000218dafa1d70 JavaThread "QuantumRenderer-0" daemon [_thread_blocked, id=21368, stack(0x000000d9a6f00000,0x000000d9a7000000)]
  0x00000218daf9f2f0 JavaThread "InvokeLaterDispatcher" daemon [_thread_blocked, id=17776, stack(0x000000d9a7300000,0x000000d9a7400000)]
  0x00000218dafa0830 JavaThread "JavaFX Application Thread" [_thread_in_native, id=23284, stack(0x000000d9a7400000,0x000000d9a7500000)]
  0x00000218daf9f840 JavaThread "Thread-2" daemon [_thread_blocked, id=18312, stack(0x000000d9a6e00000,0x000000d9a6f00000)]
  0x00000218daf9e300 JavaThread "JFXMedia Player EventQueueThread" daemon [_thread_blocked, id=22212, stack(0x000000d9a7900000,0x000000d9a7a00000)]
  0x00000218dafa12d0 JavaThread "Media Resource Disposer" daemon [_thread_blocked, id=8224, stack(0x000000d9a7c00000,0x000000d9a7d00000)]
  0x00000218dafa2d60 JavaThread "JFXMedia Player EventQueueThread" daemon [_thread_blocked, id=7620, stack(0x000000d9a7d00000,0x000000d9a7e00000)]
  0x00000218daf9e850 JavaThread "JFXMedia Player EventQueueThread" daemon [_thread_blocked, id=21760, stack(0x000000d9a8000000,0x000000d9a8100000)]
  0x00000218daf9d860 JavaThread "JFXMedia Player EventQueueThread" daemon [_thread_blocked, id=3540, stack(0x000000d9a8400000,0x000000d9a8500000)]
  0x00000218dafa22c0 JavaThread "JFXMedia Player EventQueueThread" daemon [_thread_blocked, id=22532, stack(0x000000d9a8600000,0x000000d9a8700000)]
  0x00000218dafa47f0 JavaThread "JFXMedia Player EventQueueThread" daemon [_thread_blocked, id=980, stack(0x000000d9a8800000,0x000000d9a8900000)]
  0x00000218dafa02e0 JavaThread "JFXMedia Player EventQueueThread" daemon [_thread_blocked, id=5692, stack(0x000000d9a8c00000,0x000000d9a8d00000)]
  0x00000218daf9eda0 JavaThread "JFXMedia Player EventQueueThread" daemon [_thread_blocked, id=27068, stack(0x000000d9a9000000,0x000000d9a9100000)]
  0x00000218daf9fd90 JavaThread "JFXMedia Player EventQueueThread" daemon [_thread_blocked, id=16936, stack(0x000000d9a9200000,0x000000d9a9300000)]
  0x00000218dafa0d80 JavaThread "JFXMedia Player EventQueueThread" daemon [_thread_blocked, id=14008, stack(0x000000d9a9400000,0x000000d9a9500000)]
  0x00000218dafa1820 JavaThread "JFXMedia Player EventQueueThread" daemon [_thread_blocked, id=15792, stack(0x000000d9a9700000,0x000000d9a9800000)]
  0x00000218dafa2810 JavaThread "JFXMedia Player EventQueueThread" daemon [_thread_blocked, id=8292, stack(0x000000d9a9900000,0x000000d9a9a00000)]
  0x00000218dafa32b0 JavaThread "JFXMedia Player EventQueueThread" daemon [_thread_blocked, id=21312, stack(0x000000d9a9b00000,0x000000d9a9c00000)]
  0x00000218dafa3800 JavaThread "JFXMedia Player EventQueueThread" daemon [_thread_blocked, id=5184, stack(0x000000d9a9d00000,0x000000d9a9e00000)]
  0x00000218dafa42a0 JavaThread "JFXMedia Player EventQueueThread" daemon [_thread_blocked, id=3252, stack(0x000000d9a9f00000,0x000000d9aa000000)]
  0x00000218daf9d310 JavaThread "JFXMedia Player EventQueueThread" daemon [_thread_blocked, id=19188, stack(0x000000d9aa200000,0x000000d9aa300000)]
  0x00000218dafa3d50 JavaThread "JFXMedia Player EventQueueThread" daemon [_thread_blocked, id=24076, stack(0x000000d9aa500000,0x000000d9aa600000)]
  0x00000218d5c64ee0 JavaThread "JFXMedia Player EventQueueThread" daemon [_thread_blocked, id=3572, stack(0x000000d9aa900000,0x000000d9aaa00000)]
  0x00000218daf9cdc0 JavaThread "JFXMedia Player EventQueueThread" daemon [_thread_blocked, id=26200, stack(0x000000d9aab00000,0x000000d9aac00000)]
  0x00000218dfeff250 JavaThread "JFXMedia Player EventQueueThread" daemon [_thread_blocked, id=16824, stack(0x000000d9ab000000,0x000000d9ab100000)]
  0x00000218dfeffcf0 JavaThread "JFXMedia Player EventQueueThread" daemon [_thread_blocked, id=13496, stack(0x000000d9ab300000,0x000000d9ab400000)]
  0x00000218dff05740 JavaThread "JFXMedia Player EventQueueThread" daemon [_thread_blocked, id=8064, stack(0x000000d9ab600000,0x000000d9ab700000)]
  0x00000218dff02cc0 JavaThread "JFXMedia Player EventQueueThread" daemon [_thread_blocked, id=7760, stack(0x000000d9aba00000,0x000000d9abb00000)]
  0x00000218dff03760 JavaThread "JFXMedia Player EventQueueThread" daemon [_thread_blocked, id=23580, stack(0x000000d9abc00000,0x000000d9abd00000)]
  0x00000218dff01780 JavaThread "JFXMedia Player EventQueueThread" daemon [_thread_blocked, id=5520, stack(0x000000d9abf00000,0x000000d9ac000000)]
  0x00000218dff03210 JavaThread "JFXMedia Player EventQueueThread" daemon [_thread_blocked, id=25860, stack(0x000000d9ac200000,0x000000d9ac300000)]
  0x00000218dff00ce0 JavaThread "JFXMedia Player EventQueueThread" daemon [_thread_blocked, id=22860, stack(0x000000d9ac500000,0x000000d9ac600000)]
  0x00000218dff03cb0 JavaThread "JFXMedia Player EventQueueThread" daemon [_thread_blocked, id=13660, stack(0x000000d9aa400000,0x000000d9aa500000)]
  0x00000218dff00240 JavaThread "JFXMedia Player EventQueueThread" daemon [_thread_blocked, id=13664, stack(0x000000d9acb00000,0x000000d9acc00000)]
  0x00000218dff01230 JavaThread "JFXMedia Player EventQueueThread" daemon [_thread_blocked, id=8840, stack(0x000000d9acd00000,0x000000d9ace00000)]
  0x00000218dff00790 JavaThread "JFXMedia Player EventQueueThread" daemon [_thread_blocked, id=4256, stack(0x000000d9ad000000,0x000000d9ad100000)]
  0x00000218dff01cd0 JavaThread "JFXMedia Player EventQueueThread" daemon [_thread_blocked, id=16372, stack(0x000000d9ab200000,0x000000d9ab300000)]
  0x00000218dff04200 JavaThread "JFXMedia Player EventQueueThread" daemon [_thread_blocked, id=3232, stack(0x000000d9ad700000,0x000000d9ad800000)]
  0x00000218dfeff7a0 JavaThread "JFXMedia Player EventQueueThread" daemon [_thread_blocked, id=1712, stack(0x000000d9ab400000,0x000000d9ab500000)]
  0x00000218dff04750 JavaThread "JFXMedia Player EventQueueThread" daemon [_thread_blocked, id=19248, stack(0x000000d9add00000,0x000000d9ade00000)]
  0x00000218dff02220 JavaThread "JFXMedia Player EventQueueThread" daemon [_thread_blocked, id=26728, stack(0x000000d9ab900000,0x000000d9aba00000)]
  0x00000218dff04ca0 JavaThread "JFXMedia Player EventQueueThread" daemon [_thread_blocked, id=21420, stack(0x000000d9ae200000,0x000000d9ae300000)]
  0x00000218dff05c90 JavaThread "JFXMedia Player EventQueueThread" daemon [_thread_blocked, id=15748, stack(0x000000d9ae500000,0x000000d9ae600000)]
  0x00000218dff02770 JavaThread "JFXMedia Player EventQueueThread" daemon [_thread_blocked, id=23124, stack(0x000000d9ac400000,0x000000d9ac500000)]
  0x00000218dff051f0 JavaThread "JFXMedia Player EventQueueThread" daemon [_thread_blocked, id=10528, stack(0x000000d9aec00000,0x000000d9aed00000)]
  0x00000218dfefe260 JavaThread "JFXMedia Player EventQueueThread" daemon [_thread_blocked, id=17952, stack(0x000000d9aef00000,0x000000d9af000000)]
  0x00000218dfefe7b0 JavaThread "JFXMedia Player EventQueueThread" daemon [_thread_blocked, id=16644, stack(0x000000d9af100000,0x000000d9af200000)]
  0x00000218e35ca250 JavaThread "Unknown thread" [_thread_blocked, id=25036, stack(0x000000d9ad100000,0x000000d9ad200000)]

Other Threads:
=>0x00000218d5c3fcc0 VMThread "VM Thread" [stack: 0x000000d9a5c00000,0x000000d9a5d00000] [id=22416]
  0x00000218da0ca500 WatcherThread "VM Periodic Task Thread" [stack: 0x000000d9a6800000,0x000000d9a6900000] [id=24184]
  0x00000218b329d990 WorkerThread "GC Thread#0" [stack: 0x000000d9a5700000,0x000000d9a5800000] [id=9920]
  0x00000218db01ec10 WorkerThread "GC Thread#1" [stack: 0x000000d9a7000000,0x000000d9a7100000] [id=21176]
  0x00000218db01eee0 WorkerThread "GC Thread#2" [stack: 0x000000d9a7100000,0x000000d9a7200000] [id=5824]
  0x00000218db01f1b0 WorkerThread "GC Thread#3" [stack: 0x000000d9a7200000,0x000000d9a7300000] [id=12756]
  0x00000218b32ae900 ConcurrentGCThread "G1 Main Marker" [stack: 0x000000d9a5800000,0x000000d9a5900000] [id=12980]
  0x00000218b32afad0 WorkerThread "G1 Conc#0" [stack: 0x000000d9a5900000,0x000000d9a5a00000] [id=21776]
  0x00000218d5af4560 ConcurrentGCThread "G1 Refine#0" [stack: 0x000000d9a5a00000,0x000000d9a5b00000] [id=25744]
  0x00000218d5af5d60 ConcurrentGCThread "G1 Service" [stack: 0x000000d9a5b00000,0x000000d9a5c00000] [id=27340]

Threads with active compile tasks:

VM state: at safepoint (normal execution)

VM Mutex/Monitor currently owned by a thread:  ([mutex/lock_event])
[0x00000218b322ba90] Threads_lock - owner thread: 0x00000218d5c3fcc0
[0x00000218b322bd60] Heap_lock - owner thread: 0x00000218e35ca250

Heap address: 0x0000000703c00000, size: 4036 MB, Compressed Oops mode: Zero based, Oop shift amount: 3

CDS archive(s) mapped at: [0x0000000800000000-0x0000000800c40000-0x0000000800c40000), size 12845056, SharedBaseAddress: 0x0000000800000000, ArchiveRelocationMode: 0.
Compressed class space mapped at: 0x0000000801000000-0x0000000841000000, reserved size: 1073741824
Narrow klass base: 0x0000000800000000, Narrow klass shift: 0, Narrow klass range: 0x100000000

GC Precious Log:
 CardTable entry size: 512
 Card Set container configuration: InlinePtr #cards 4 size 8 Array Of Cards #cards 16 size 48 Howl #buckets 8 coarsen threshold 3686 Howl Bitmap #cards 512 size 80 coarsen threshold 460 Card regions per heap region 1 cards per card region 4096
 CPUs: 4 total, 4 available
 Memory: 16141M
 Large Page Support: Disabled
 NUMA Support: Disabled
 Compressed Oops: Enabled (Zero based)
 Heap Region Size: 2M
 Heap Min Capacity: 8M
 Heap Initial Capacity: 254M
 Heap Max Capacity: 4036M
 Pre-touch: Disabled
 Parallel Workers: 4
 Concurrent Workers: 1
 Concurrent Refinement Workers: 4
 Periodic GC: Disabled

Heap:
 garbage-first heap   total 313344K, used 8797K [0x0000000703c00000, 0x0000000800000000)
  region size 2048K, 2 young (4096K), 2 survivors (4096K)
 Metaspace       used 14727K, committed 14976K, reserved 1114112K
  class space    used 1795K, committed 1920K, reserved 1048576K

Heap Regions: E=young(eden), S=young(survivor), O=old, HS=humongous(starts), HC=humongous(continues), CS=collection set, F=free, OA=open archive, CA=closed archive, TAMS=top-at-mark-start (previous, next)
|   0|0x0000000703c00000, 0x0000000703e00000, 0x0000000703e00000|100%| O|  |TAMS 0x0000000703c00000, 0x0000000703c00000| Untracked 
|   1|0x0000000703e00000, 0x0000000703f84e00, 0x0000000704000000| 75%| O|  |TAMS 0x0000000703e00000, 0x0000000703e00000| Untracked 
|   2|0x0000000704000000, 0x0000000704200000, 0x0000000704200000|100%|HS|  |TAMS 0x0000000704000000, 0x0000000704000000| Complete 
|   3|0x0000000704200000, 0x0000000704200000, 0x0000000704400000|  0%| F|  |TAMS 0x0000000704200000, 0x0000000704200000| Untracked 
|   4|0x0000000704400000, 0x0000000704400000, 0x0000000704600000|  0%| F|  |TAMS 0x0000000704400000, 0x0000000704400000| Untracked 
|   5|0x0000000704600000, 0x0000000704600000, 0x0000000704800000|  0%| F|  |TAMS 0x0000000704600000, 0x0000000704600000| Untracked 
|   6|0x0000000704800000, 0x0000000704800000, 0x0000000704a00000|  0%| F|  |TAMS 0x0000000704800000, 0x0000000704800000| Untracked 
|   7|0x0000000704a00000, 0x0000000704a00000, 0x0000000704c00000|  0%| F|  |TAMS 0x0000000704a00000, 0x0000000704a00000| Untracked 
|   8|0x0000000704c00000, 0x0000000704c00000, 0x0000000704e00000|  0%| F|  |TAMS 0x0000000704c00000, 0x0000000704c00000| Untracked 
|   9|0x0000000704e00000, 0x0000000704e00000, 0x0000000705000000|  0%| F|  |TAMS 0x0000000704e00000, 0x0000000704e00000| Untracked 
|  10|0x0000000705000000, 0x0000000705000000, 0x0000000705200000|  0%| F|  |TAMS 0x0000000705000000, 0x0000000705000000| Untracked 
|  11|0x0000000705200000, 0x0000000705200000, 0x0000000705400000|  0%| F|  |TAMS 0x0000000705200000, 0x0000000705200000| Untracked 
|  12|0x0000000705400000, 0x0000000705400000, 0x0000000705600000|  0%| F|  |TAMS 0x0000000705400000, 0x0000000705400000| Untracked 
|  13|0x0000000705600000, 0x0000000705600000, 0x0000000705800000|  0%| F|  |TAMS 0x0000000705600000, 0x0000000705600000| Untracked 
|  14|0x0000000705800000, 0x0000000705800000, 0x0000000705a00000|  0%| F|  |TAMS 0x0000000705800000, 0x0000000705800000| Untracked 
|  15|0x0000000705a00000, 0x0000000705a00000, 0x0000000705c00000|  0%| F|  |TAMS 0x0000000705a00000, 0x0000000705a00000| Untracked 
|  16|0x0000000705c00000, 0x0000000705c00000, 0x0000000705e00000|  0%| F|  |TAMS 0x0000000705c00000, 0x0000000705c00000| Untracked 
|  17|0x0000000705e00000, 0x0000000705e00000, 0x0000000706000000|  0%| F|  |TAMS 0x0000000705e00000, 0x0000000705e00000| Untracked 
|  18|0x0000000706000000, 0x0000000706000000, 0x0000000706200000|  0%| F|  |TAMS 0x0000000706000000, 0x0000000706000000| Untracked 
|  19|0x0000000706200000, 0x0000000706200000, 0x0000000706400000|  0%| F|  |TAMS 0x0000000706200000, 0x0000000706200000| Untracked 
|  20|0x0000000706400000, 0x0000000706400000, 0x0000000706600000|  0%| F|  |TAMS 0x0000000706400000, 0x0000000706400000| Untracked 
|  21|0x0000000706600000, 0x0000000706600000, 0x0000000706800000|  0%| F|  |TAMS 0x0000000706600000, 0x0000000706600000| Untracked 
|  22|0x0000000706800000, 0x0000000706800000, 0x0000000706a00000|  0%| F|  |TAMS 0x0000000706800000, 0x0000000706800000| Untracked 
|  23|0x0000000706a00000, 0x0000000706a00000, 0x0000000706c00000|  0%| F|  |TAMS 0x0000000706a00000, 0x0000000706a00000| Untracked 
|  24|0x0000000706c00000, 0x0000000706c00000, 0x0000000706e00000|  0%| F|  |TAMS 0x0000000706c00000, 0x0000000706c00000| Untracked 
|  25|0x0000000706e00000, 0x0000000706e00000, 0x0000000707000000|  0%| F|  |TAMS 0x0000000706e00000, 0x0000000706e00000| Untracked 
|  26|0x0000000707000000, 0x0000000707000000, 0x0000000707200000|  0%| F|  |TAMS 0x0000000707000000, 0x0000000707000000| Untracked 
|  27|0x0000000707200000, 0x0000000707200000, 0x0000000707400000|  0%| F|  |TAMS 0x0000000707200000, 0x0000000707200000| Untracked 
|  28|0x0000000707400000, 0x0000000707400000, 0x0000000707600000|  0%| F|  |TAMS 0x0000000707400000, 0x0000000707400000| Untracked 
|  29|0x0000000707600000, 0x0000000707600000, 0x0000000707800000|  0%| F|  |TAMS 0x0000000707600000, 0x0000000707600000| Untracked 
|  30|0x0000000707800000, 0x0000000707800000, 0x0000000707a00000|  0%| F|  |TAMS 0x0000000707800000, 0x0000000707800000| Untracked 
|  31|0x0000000707a00000, 0x0000000707a00000, 0x0000000707c00000|  0%| F|  |TAMS 0x0000000707a00000, 0x0000000707a00000| Untracked 
|  32|0x0000000707c00000, 0x0000000707c00000, 0x0000000707e00000|  0%| F|  |TAMS 0x0000000707c00000, 0x0000000707c00000| Untracked 
|  33|0x0000000707e00000, 0x0000000707e00000, 0x0000000708000000|  0%| F|  |TAMS 0x0000000707e00000, 0x0000000707e00000| Untracked 
|  34|0x0000000708000000, 0x0000000708000000, 0x0000000708200000|  0%| F|  |TAMS 0x0000000708000000, 0x0000000708000000| Untracked 
|  35|0x0000000708200000, 0x0000000708200000, 0x0000000708400000|  0%| F|  |TAMS 0x0000000708200000, 0x0000000708200000| Untracked 
|  36|0x0000000708400000, 0x0000000708400000, 0x0000000708600000|  0%| F|  |TAMS 0x0000000708400000, 0x0000000708400000| Untracked 
|  37|0x0000000708600000, 0x0000000708600000, 0x0000000708800000|  0%| F|  |TAMS 0x0000000708600000, 0x0000000708600000| Untracked 
|  38|0x0000000708800000, 0x0000000708800000, 0x0000000708a00000|  0%| F|  |TAMS 0x0000000708800000, 0x0000000708800000| Untracked 
|  39|0x0000000708a00000, 0x0000000708a00000, 0x0000000708c00000|  0%| F|  |TAMS 0x0000000708a00000, 0x0000000708a00000| Untracked 
|  40|0x0000000708c00000, 0x0000000708c00000, 0x0000000708e00000|  0%| F|  |TAMS 0x0000000708c00000, 0x0000000708c00000| Untracked 
|  41|0x0000000708e00000, 0x0000000708e00000, 0x0000000709000000|  0%| F|  |TAMS 0x0000000708e00000, 0x0000000708e00000| Untracked 
|  42|0x0000000709000000, 0x0000000709000000, 0x0000000709200000|  0%| F|  |TAMS 0x0000000709000000, 0x0000000709000000| Untracked 
|  43|0x0000000709200000, 0x0000000709200000, 0x0000000709400000|  0%| F|  |TAMS 0x0000000709200000, 0x0000000709200000| Untracked 
|  44|0x0000000709400000, 0x0000000709400000, 0x0000000709600000|  0%| F|  |TAMS 0x0000000709400000, 0x0000000709400000| Untracked 
|  45|0x0000000709600000, 0x0000000709600000, 0x0000000709800000|  0%| F|  |TAMS 0x0000000709600000, 0x0000000709600000| Untracked 
|  46|0x0000000709800000, 0x0000000709800000, 0x0000000709a00000|  0%| F|  |TAMS 0x0000000709800000, 0x0000000709800000| Untracked 
|  47|0x0000000709a00000, 0x0000000709a00000, 0x0000000709c00000|  0%| F|  |TAMS 0x0000000709a00000, 0x0000000709a00000| Untracked 
|  48|0x0000000709c00000, 0x0000000709c00000, 0x0000000709e00000|  0%| F|  |TAMS 0x0000000709c00000, 0x0000000709c00000| Untracked 
|  49|0x0000000709e00000, 0x0000000709e00000, 0x000000070a000000|  0%| F|  |TAMS 0x0000000709e00000, 0x0000000709e00000| Untracked 
|  50|0x000000070a000000, 0x000000070a000000, 0x000000070a200000|  0%| F|  |TAMS 0x000000070a000000, 0x000000070a000000| Untracked 
|  51|0x000000070a200000, 0x000000070a200000, 0x000000070a400000|  0%| F|  |TAMS 0x000000070a200000, 0x000000070a200000| Untracked 
|  52|0x000000070a400000, 0x000000070a400000, 0x000000070a600000|  0%| F|  |TAMS 0x000000070a400000, 0x000000070a400000| Untracked 
|  53|0x000000070a600000, 0x000000070a600000, 0x000000070a800000|  0%| F|  |TAMS 0x000000070a600000, 0x000000070a600000| Untracked 
|  54|0x000000070a800000, 0x000000070a800000, 0x000000070aa00000|  0%| F|  |TAMS 0x000000070a800000, 0x000000070a800000| Untracked 
|  55|0x000000070aa00000, 0x000000070aa00000, 0x000000070ac00000|  0%| F|  |TAMS 0x000000070aa00000, 0x000000070aa00000| Untracked 
|  56|0x000000070ac00000, 0x000000070ac00000, 0x000000070ae00000|  0%| F|  |TAMS 0x000000070ac00000, 0x000000070ac00000| Untracked 
|  57|0x000000070ae00000, 0x000000070ae00000, 0x000000070b000000|  0%| F|  |TAMS 0x000000070ae00000, 0x000000070ae00000| Untracked 
|  58|0x000000070b000000, 0x000000070b000000, 0x000000070b200000|  0%| F|  |TAMS 0x000000070b000000, 0x000000070b000000| Untracked 
|  59|0x000000070b200000, 0x000000070b200000, 0x000000070b400000|  0%| F|  |TAMS 0x000000070b200000, 0x000000070b200000| Untracked 
|  60|0x000000070b400000, 0x000000070b512800, 0x000000070b600000| 53%| S|CS|TAMS 0x000000070b400000, 0x000000070b400000| Complete 
|  61|0x000000070b600000, 0x000000070b800000, 0x000000070b800000|100%| S|CS|TAMS 0x000000070b600000, 0x000000070b600000| Complete 
|  62|0x000000070b800000, 0x000000070b800000, 0x000000070ba00000|  0%| F|  |TAMS 0x000000070b800000, 0x000000070b800000| Untracked 
|  63|0x000000070ba00000, 0x000000070ba00000, 0x000000070bc00000|  0%| F|  |TAMS 0x000000070ba00000, 0x000000070ba00000| Untracked 
|  64|0x000000070bc00000, 0x000000070bc00000, 0x000000070be00000|  0%| F|  |TAMS 0x000000070bc00000, 0x000000070bc00000| Untracked 
|  65|0x000000070be00000, 0x000000070be00000, 0x000000070c000000|  0%| F|  |TAMS 0x000000070be00000, 0x000000070be00000| Untracked 
|  66|0x000000070c000000, 0x000000070c000000, 0x000000070c200000|  0%| F|  |TAMS 0x000000070c000000, 0x000000070c000000| Untracked 
|  67|0x000000070c200000, 0x000000070c200000, 0x000000070c400000|  0%| F|  |TAMS 0x000000070c200000, 0x000000070c200000| Untracked 
|  68|0x000000070c400000, 0x000000070c400000, 0x000000070c600000|  0%| F|  |TAMS 0x000000070c400000, 0x000000070c400000| Untracked 
|  69|0x000000070c600000, 0x000000070c600000, 0x000000070c800000|  0%| F|  |TAMS 0x000000070c600000, 0x000000070c600000| Untracked 
|  70|0x000000070c800000, 0x000000070c800000, 0x000000070ca00000|  0%| F|  |TAMS 0x000000070c800000, 0x000000070c800000| Untracked 
|  71|0x000000070ca00000, 0x000000070ca00000, 0x000000070cc00000|  0%| F|  |TAMS 0x000000070ca00000, 0x000000070ca00000| Untracked 
|  72|0x000000070cc00000, 0x000000070cc00000, 0x000000070ce00000|  0%| F|  |TAMS 0x000000070cc00000, 0x000000070cc00000| Untracked 
|  73|0x000000070ce00000, 0x000000070ce00000, 0x000000070d000000|  0%| F|  |TAMS 0x000000070ce00000, 0x000000070ce00000| Untracked 
|  74|0x000000070d000000, 0x000000070d000000, 0x000000070d200000|  0%| F|  |TAMS 0x000000070d000000, 0x000000070d000000| Untracked 
|  75|0x000000070d200000, 0x000000070d200000, 0x000000070d400000|  0%| F|  |TAMS 0x000000070d200000, 0x000000070d200000| Untracked 
|  76|0x000000070d400000, 0x000000070d400000, 0x000000070d600000|  0%| F|  |TAMS 0x000000070d400000, 0x000000070d400000| Untracked 
|  77|0x000000070d600000, 0x000000070d600000, 0x000000070d800000|  0%| F|  |TAMS 0x000000070d600000, 0x000000070d600000| Untracked 
|  78|0x000000070d800000, 0x000000070d800000, 0x000000070da00000|  0%| F|  |TAMS 0x000000070d800000, 0x000000070d800000| Untracked 
|  79|0x000000070da00000, 0x000000070da00000, 0x000000070dc00000|  0%| F|  |TAMS 0x000000070da00000, 0x000000070da00000| Untracked 
|  80|0x000000070dc00000, 0x000000070dc00000, 0x000000070de00000|  0%| F|  |TAMS 0x000000070dc00000, 0x000000070dc00000| Untracked 
|  81|0x000000070de00000, 0x000000070de00000, 0x000000070e000000|  0%| F|  |TAMS 0x000000070de00000, 0x000000070de00000| Untracked 
|  82|0x000000070e000000, 0x000000070e000000, 0x000000070e200000|  0%| F|  |TAMS 0x000000070e000000, 0x000000070e000000| Untracked 
|  83|0x000000070e200000, 0x000000070e200000, 0x000000070e400000|  0%| F|  |TAMS 0x000000070e200000, 0x000000070e200000| Untracked 
|  84|0x000000070e400000, 0x000000070e400000, 0x000000070e600000|  0%| F|  |TAMS 0x000000070e400000, 0x000000070e400000| Untracked 
|  85|0x000000070e600000, 0x000000070e600000, 0x000000070e800000|  0%| F|  |TAMS 0x000000070e600000, 0x000000070e600000| Untracked 
|  86|0x000000070e800000, 0x000000070e800000, 0x000000070ea00000|  0%| F|  |TAMS 0x000000070e800000, 0x000000070e800000| Untracked 
|  87|0x000000070ea00000, 0x000000070ea00000, 0x000000070ec00000|  0%| F|  |TAMS 0x000000070ea00000, 0x000000070ea00000| Untracked 
|  88|0x000000070ec00000, 0x000000070ec00000, 0x000000070ee00000|  0%| F|  |TAMS 0x000000070ec00000, 0x000000070ec00000| Untracked 
|  89|0x000000070ee00000, 0x000000070ee00000, 0x000000070f000000|  0%| F|  |TAMS 0x000000070ee00000, 0x000000070ee00000| Untracked 
|  90|0x000000070f000000, 0x000000070f000000, 0x000000070f200000|  0%| F|  |TAMS 0x000000070f000000, 0x000000070f000000| Untracked 
|  91|0x000000070f200000, 0x000000070f200000, 0x000000070f400000|  0%| F|  |TAMS 0x000000070f200000, 0x000000070f200000| Untracked 
|  92|0x000000070f400000, 0x000000070f400000, 0x000000070f600000|  0%| F|  |TAMS 0x000000070f400000, 0x000000070f400000| Untracked 
|  93|0x000000070f600000, 0x000000070f600000, 0x000000070f800000|  0%| F|  |TAMS 0x000000070f600000, 0x000000070f600000| Untracked 
|  94|0x000000070f800000, 0x000000070f800000, 0x000000070fa00000|  0%| F|  |TAMS 0x000000070f800000, 0x000000070f800000| Untracked 
|  95|0x000000070fa00000, 0x000000070fa00000, 0x000000070fc00000|  0%| F|  |TAMS 0x000000070fa00000, 0x000000070fa00000| Untracked 
|  96|0x000000070fc00000, 0x000000070fc00000, 0x000000070fe00000|  0%| F|  |TAMS 0x000000070fc00000, 0x000000070fc00000| Untracked 
|  97|0x000000070fe00000, 0x000000070fe00000, 0x0000000710000000|  0%| F|  |TAMS 0x000000070fe00000, 0x000000070fe00000| Untracked 
|  98|0x0000000710000000, 0x0000000710000000, 0x0000000710200000|  0%| F|  |TAMS 0x0000000710000000, 0x0000000710000000| Untracked 
|  99|0x0000000710200000, 0x0000000710200000, 0x0000000710400000|  0%| F|  |TAMS 0x0000000710200000, 0x0000000710200000| Untracked 
| 100|0x0000000710400000, 0x0000000710400000, 0x0000000710600000|  0%| F|  |TAMS 0x0000000710400000, 0x0000000710400000| Untracked 
| 101|0x0000000710600000, 0x0000000710600000, 0x0000000710800000|  0%| F|  |TAMS 0x0000000710600000, 0x0000000710600000| Untracked 
| 102|0x0000000710800000, 0x0000000710800000, 0x0000000710a00000|  0%| F|  |TAMS 0x0000000710800000, 0x0000000710800000| Untracked 
| 103|0x0000000710a00000, 0x0000000710a00000, 0x0000000710c00000|  0%| F|  |TAMS 0x0000000710a00000, 0x0000000710a00000| Untracked 
| 104|0x0000000710c00000, 0x0000000710c00000, 0x0000000710e00000|  0%| F|  |TAMS 0x0000000710c00000, 0x0000000710c00000| Untracked 
| 105|0x0000000710e00000, 0x0000000710e00000, 0x0000000711000000|  0%| F|  |TAMS 0x0000000710e00000, 0x0000000710e00000| Untracked 
| 106|0x0000000711000000, 0x0000000711000000, 0x0000000711200000|  0%| F|  |TAMS 0x0000000711000000, 0x0000000711000000| Untracked 
| 107|0x0000000711200000, 0x0000000711200000, 0x0000000711400000|  0%| F|  |TAMS 0x0000000711200000, 0x0000000711200000| Untracked 
| 108|0x0000000711400000, 0x0000000711400000, 0x0000000711600000|  0%| F|  |TAMS 0x0000000711400000, 0x0000000711400000| Untracked 
| 109|0x0000000711600000, 0x0000000711600000, 0x0000000711800000|  0%| F|  |TAMS 0x0000000711600000, 0x0000000711600000| Untracked 
| 110|0x0000000711800000, 0x0000000711800000, 0x0000000711a00000|  0%| F|  |TAMS 0x0000000711800000, 0x0000000711800000| Untracked 
| 111|0x0000000711a00000, 0x0000000711a00000, 0x0000000711c00000|  0%| F|  |TAMS 0x0000000711a00000, 0x0000000711a00000| Untracked 
| 112|0x0000000711c00000, 0x0000000711c00000, 0x0000000711e00000|  0%| F|  |TAMS 0x0000000711c00000, 0x0000000711c00000| Untracked 
| 113|0x0000000711e00000, 0x0000000711e00000, 0x0000000712000000|  0%| F|  |TAMS 0x0000000711e00000, 0x0000000711e00000| Untracked 
| 114|0x0000000712000000, 0x0000000712000000, 0x0000000712200000|  0%| F|  |TAMS 0x0000000712000000, 0x0000000712000000| Untracked 
| 115|0x0000000712200000, 0x0000000712200000, 0x0000000712400000|  0%| F|  |TAMS 0x0000000712200000, 0x0000000712200000| Untracked 
| 116|0x0000000712400000, 0x0000000712400000, 0x0000000712600000|  0%| F|  |TAMS 0x0000000712400000, 0x0000000712400000| Untracked 
| 117|0x0000000712600000, 0x0000000712600000, 0x0000000712800000|  0%| F|  |TAMS 0x0000000712600000, 0x0000000712600000| Untracked 
| 118|0x0000000712800000, 0x0000000712800000, 0x0000000712a00000|  0%| F|  |TAMS 0x0000000712800000, 0x0000000712800000| Untracked 
| 119|0x0000000712a00000, 0x0000000712a00000, 0x0000000712c00000|  0%| F|  |TAMS 0x0000000712a00000, 0x0000000712a00000| Untracked 
| 120|0x0000000712c00000, 0x0000000712c00000, 0x0000000712e00000|  0%| F|  |TAMS 0x0000000712c00000, 0x0000000712c00000| Untracked 
| 121|0x0000000712e00000, 0x0000000712e00000, 0x0000000713000000|  0%| F|  |TAMS 0x0000000712e00000, 0x0000000712e00000| Untracked 
| 122|0x0000000713000000, 0x0000000713000000, 0x0000000713200000|  0%| F|  |TAMS 0x0000000713000000, 0x0000000713000000| Untracked 
| 123|0x0000000713200000, 0x0000000713200000, 0x0000000713400000|  0%| F|  |TAMS 0x0000000713200000, 0x0000000713200000| Untracked 
| 124|0x0000000713400000, 0x0000000713400000, 0x0000000713600000|  0%| F|  |TAMS 0x0000000713400000, 0x0000000713400000| Untracked 
| 125|0x0000000713600000, 0x0000000713600000, 0x0000000713800000|  0%| F|  |TAMS 0x0000000713600000, 0x0000000713600000| Untracked 
| 126|0x0000000713800000, 0x0000000713800000, 0x0000000713a00000|  0%| F|  |TAMS 0x0000000713800000, 0x0000000713800000| Untracked 
| 127|0x0000000713a00000, 0x0000000713a00000, 0x0000000713c00000|  0%| F|  |TAMS 0x0000000713a00000, 0x0000000713a00000| Untracked 
| 128|0x0000000713c00000, 0x0000000713c00000, 0x0000000713e00000|  0%| F|  |TAMS 0x0000000713c00000, 0x0000000713c00000| Untracked 
| 129|0x0000000713e00000, 0x0000000713e00000, 0x0000000714000000|  0%| F|  |TAMS 0x0000000713e00000, 0x0000000713e00000| Untracked 
| 130|0x0000000714000000, 0x0000000714000000, 0x0000000714200000|  0%| F|  |TAMS 0x0000000714000000, 0x0000000714000000| Untracked 
| 131|0x0000000714200000, 0x0000000714200000, 0x0000000714400000|  0%| F|  |TAMS 0x0000000714200000, 0x0000000714200000| Untracked 
| 132|0x0000000714400000, 0x0000000714400000, 0x0000000714600000|  0%| F|  |TAMS 0x0000000714400000, 0x0000000714400000| Untracked 
| 133|0x0000000714600000, 0x0000000714600000, 0x0000000714800000|  0%| F|  |TAMS 0x0000000714600000, 0x0000000714600000| Untracked 
| 134|0x0000000714800000, 0x0000000714800000, 0x0000000714a00000|  0%| F|  |TAMS 0x0000000714800000, 0x0000000714800000| Untracked 
| 135|0x0000000714a00000, 0x0000000714a00000, 0x0000000714c00000|  0%| F|  |TAMS 0x0000000714a00000, 0x0000000714a00000| Untracked 
| 136|0x0000000714c00000, 0x0000000714c00000, 0x0000000714e00000|  0%| F|  |TAMS 0x0000000714c00000, 0x0000000714c00000| Untracked 
| 137|0x0000000714e00000, 0x0000000714e00000, 0x0000000715000000|  0%| F|  |TAMS 0x0000000714e00000, 0x0000000714e00000| Untracked 
| 138|0x0000000715000000, 0x0000000715000000, 0x0000000715200000|  0%| F|  |TAMS 0x0000000715000000, 0x0000000715000000| Untracked 
| 139|0x0000000715200000, 0x0000000715200000, 0x0000000715400000|  0%| F|  |TAMS 0x0000000715200000, 0x0000000715200000| Untracked 
| 140|0x0000000715400000, 0x0000000715400000, 0x0000000715600000|  0%| F|  |TAMS 0x0000000715400000, 0x0000000715400000| Untracked 
| 141|0x0000000715600000, 0x0000000715600000, 0x0000000715800000|  0%| F|  |TAMS 0x0000000715600000, 0x0000000715600000| Untracked 
| 142|0x0000000715800000, 0x0000000715800000, 0x0000000715a00000|  0%| F|  |TAMS 0x0000000715800000, 0x0000000715800000| Untracked 
| 143|0x0000000715a00000, 0x0000000715a00000, 0x0000000715c00000|  0%| F|  |TAMS 0x0000000715a00000, 0x0000000715a00000| Untracked 
| 144|0x0000000715c00000, 0x0000000715c00000, 0x0000000715e00000|  0%| F|  |TAMS 0x0000000715c00000, 0x0000000715c00000| Untracked 
| 145|0x0000000715e00000, 0x0000000715e00000, 0x0000000716000000|  0%| F|  |TAMS 0x0000000715e00000, 0x0000000715e00000| Untracked 
| 146|0x0000000716000000, 0x0000000716000000, 0x0000000716200000|  0%| F|  |TAMS 0x0000000716000000, 0x0000000716000000| Untracked 
| 147|0x0000000716200000, 0x0000000716200000, 0x0000000716400000|  0%| F|  |TAMS 0x0000000716200000, 0x0000000716200000| Untracked 
| 148|0x0000000716400000, 0x0000000716400000, 0x0000000716600000|  0%| F|  |TAMS 0x0000000716400000, 0x0000000716400000| Untracked 
| 149|0x0000000716600000, 0x0000000716600000, 0x0000000716800000|  0%| F|  |TAMS 0x0000000716600000, 0x0000000716600000| Untracked 
| 150|0x0000000716800000, 0x0000000716800000, 0x0000000716a00000|  0%| F|  |TAMS 0x0000000716800000, 0x0000000716800000| Untracked 
| 151|0x0000000716a00000, 0x0000000716a00000, 0x0000000716c00000|  0%| F|  |TAMS 0x0000000716a00000, 0x0000000716a00000| Untracked 
| 152|0x0000000716c00000, 0x0000000716c00000, 0x0000000716e00000|  0%| F|  |TAMS 0x0000000716c00000, 0x0000000716c00000| Untracked 

Card table byte_map: [0x00000218ca980000,0x00000218cb170000] _byte_map_base: 0x00000218c7162000

Marking Bits (Prev, Next): (CMBitMap*) 0x00000218b329dfc0, (CMBitMap*) 0x00000218b329e000
 Prev Bits: [0x00000218cb960000, 0x00000218cf870000)
 Next Bits: [0x00000218cf870000, 0x00000218d3780000)

Polling page: 0x00000218b1220000

Metaspace:

Usage:
  Non-class:     12.63 MB used.
      Class:      1.75 MB used.
       Both:     14.38 MB used.

Virtual space:
  Non-class space:       64.00 MB reserved,      12.75 MB ( 20%) committed,  1 nodes.
      Class space:        1.00 GB reserved,       1.88 MB ( <1%) committed,  1 nodes.
             Both:        1.06 GB reserved,      14.62 MB (  1%) committed. 

Chunk freelists:
   Non-Class:  2.76 MB
       Class:  2.03 MB
        Both:  4.78 MB

MaxMetaspaceSize: unlimited
CompressedClassSpaceSize: 1.00 GB
Initial GC threshold: 21.00 MB
Current GC threshold: 21.00 MB
CDS: on
MetaspaceReclaimPolicy: balanced
 - commit_granule_bytes: 65536.
 - commit_granule_words: 8192.
 - virtual_space_node_default_size: 8388608.
 - enlarge_chunks_in_place: 1.
 - new_chunks_are_fully_committed: 0.
 - uncommit_free_chunks: 1.
 - use_allocation_guard: 0.


Internal statistics:

num_allocs_failed_limit: 0.
num_arena_births: 208.
num_arena_deaths: 0.
num_vsnodes_births: 2.
num_vsnodes_deaths: 0.
num_space_committed: 234.
num_space_uncommitted: 0.
num_chunks_returned_to_freelist: 0.
num_chunks_taken_from_freelist: 411.
num_chunk_merges: 0.
num_chunk_splits: 282.
num_chunks_enlarged: 213.
num_inconsistent_stats: 0.

CodeHeap 'non-profiled nmethods': size=120000Kb used=610Kb max_used=610Kb free=119389Kb
 bounds [0x00000218c2c60000, 0x00000218c2ed0000, 0x00000218ca190000]
CodeHeap 'profiled nmethods': size=120000Kb used=3746Kb max_used=3746Kb free=116253Kb
 bounds [0x00000218bb190000, 0x00000218bb540000, 0x00000218c26c0000]
CodeHeap 'non-nmethods': size=5760Kb used=1475Kb max_used=1508Kb free=4284Kb
 bounds [0x00000218c26c0000, 0x00000218c2930000, 0x00000218c2c60000]
 total_blobs=2756 nmethods=2007 adapters=659
 compilation: enabled
              stopped_count=0, restarted_count=0
 full_count=0

Compilation events (20 events):
Event: 2.584 Thread 0x00000218d5c74970 1998       3       java.util.WeakHashMap::unmaskNull (13 bytes)
Event: 2.585 Thread 0x00000218d5c74970 nmethod 1998 0x00000218bb538810 code [0x00000218bb5389a0, 0x00000218bb538af8]
Event: 2.618 Thread 0x00000218d5c6be50 1999       4       java.lang.AbstractStringBuilder::append (55 bytes)
Event: 2.633 Thread 0x00000218d5c6be50 nmethod 1999 0x00000218c2cf0390 code [0x00000218c2cf0560, 0x00000218c2cf1068]
Event: 2.640 Thread 0x00000218d5c6be50 2000       4       java.security.AccessControlContext::optimize (319 bytes)
Event: 2.655 Thread 0x00000218d5c6be50 nmethod 2000 0x00000218c2cf1510 code [0x00000218c2cf16e0, 0x00000218c2cf1dd0]
Event: 2.655 Thread 0x00000218d5c6be50 2001       4       java.security.AccessControlContext::combine (205 bytes)
Event: 2.667 Thread 0x00000218d5c6be50 nmethod 2001 0x00000218c2cf2210 code [0x00000218c2cf23c0, 0x00000218c2cf2cd8]
Event: 2.667 Thread 0x00000218d5c6be50 2002       4       java.security.AccessController::getContext (23 bytes)
Event: 2.677 Thread 0x00000218d5c6be50 nmethod 2002 0x00000218c2cf3090 code [0x00000218c2cf3260, 0x00000218c2cf3960]
Event: 2.806 Thread 0x00000218d5c6be50 2003       4       java.lang.Thread::<init> (364 bytes)
Event: 2.860 Thread 0x00000218d5c6be50 nmethod 2003 0x00000218c2cf3d90 code [0x00000218c2cf4080, 0x00000218c2cf6728]
Event: 2.860 Thread 0x00000218d5c6be50 2004       4       java.lang.Thread$FieldHolder::<init> (36 bytes)
Event: 2.863 Thread 0x00000218d5c6be50 nmethod 2004 0x00000218c2cf7990 code [0x00000218c2cf7b20, 0x00000218c2cf7dd8]
Event: 2.882 Thread 0x00000218d5c6be50 2005       4       java.lang.Thread::<init> (11 bytes)
Event: 2.984 Thread 0x00000218d5c6be50 nmethod 2005 0x00000218c2cf7e90 code [0x00000218c2cf8020, 0x00000218c2cf80c8]
Event: 2.986 Thread 0x00000218d5c6be50 2006   !   4       java.lang.Thread::exit (58 bytes)
Event: 2.991 Thread 0x00000218d5c6be50 nmethod 2006 0x00000218c2cf8190 code [0x00000218c2cf8320, 0x00000218c2cf8538]
Event: 2.992 Thread 0x00000218d5c6be50 2007       4       java.lang.Thread::clearReferences (40 bytes)
Event: 2.994 Thread 0x00000218d5c6be50 nmethod 2007 0x00000218c2cf8690 code [0x00000218c2cf8820, 0x00000218c2cf89f8]

GC Heap History (20 events):
Event: 1.881 GC heap after
{Heap after GC invocations=4 (full 0):
 garbage-first heap   total 260096K, used 5957K [0x0000000703c00000, 0x0000000800000000)
  region size 2048K, 2 young (4096K), 2 survivors (4096K)
 Metaspace       used 13483K, committed 13696K, reserved 1114112K
  class space    used 1677K, committed 1792K, reserved 1048576K
}
Event: 1.995 GC heap before
{Heap before GC invocations=4 (full 0):
 garbage-first heap   total 260096K, used 159557K [0x0000000703c00000, 0x0000000800000000)
  region size 2048K, 76 young (155648K), 2 survivors (4096K)
 Metaspace       used 13716K, committed 14016K, reserved 1114112K
  class space    used 1703K, committed 1856K, reserved 1048576K
}
Event: 1.998 GC heap after
{Heap after GC invocations=5 (full 0):
 garbage-first heap   total 260096K, used 8033K [0x0000000703c00000, 0x0000000800000000)
  region size 2048K, 2 young (4096K), 2 survivors (4096K)
 Metaspace       used 13716K, committed 14016K, reserved 1114112K
  class space    used 1703K, committed 1856K, reserved 1048576K
}
Event: 2.035 GC heap before
{Heap before GC invocations=5 (full 0):
 garbage-first heap   total 260096K, used 159585K [0x0000000703c00000, 0x0000000800000000)
  region size 2048K, 76 young (155648K), 2 survivors (4096K)
 Metaspace       used 14067K, committed 14336K, reserved 1114112K
  class space    used 1735K, committed 1856K, reserved 1048576K
}
Event: 2.039 GC heap after
{Heap after GC invocations=6 (full 0):
 garbage-first heap   total 313344K, used 8497K [0x0000000703c00000, 0x0000000800000000)
  region size 2048K, 2 young (4096K), 2 survivors (4096K)
 Metaspace       used 14067K, committed 14336K, reserved 1114112K
  class space    used 1735K, committed 1856K, reserved 1048576K
}
Event: 2.349 GC heap before
{Heap before GC invocations=6 (full 0):
 garbage-first heap   total 313344K, used 190769K [0x0000000703c00000, 0x0000000800000000)
  region size 2048K, 91 young (186368K), 2 survivors (4096K)
 Metaspace       used 14528K, committed 14784K, reserved 1114112K
  class space    used 1777K, committed 1920K, reserved 1048576K
}
Event: 2.352 GC heap after
{Heap after GC invocations=7 (full 0):
 garbage-first heap   total 313344K, used 8720K [0x0000000703c00000, 0x0000000800000000)
  region size 2048K, 2 young (4096K), 2 survivors (4096K)
 Metaspace       used 14528K, committed 14784K, reserved 1114112K
  class space    used 1777K, committed 1920K, reserved 1048576K
}
Event: 2.595 GC heap before
{Heap before GC invocations=7 (full 0):
 garbage-first heap   total 313344K, used 190992K [0x0000000703c00000, 0x0000000800000000)
  region size 2048K, 91 young (186368K), 2 survivors (4096K)
 Metaspace       used 14727K, committed 14976K, reserved 1114112K
  class space    used 1795K, committed 1920K, reserved 1048576K
}
Event: 2.598 GC heap after
{Heap after GC invocations=8 (full 0):
 garbage-first heap   total 313344K, used 8768K [0x0000000703c00000, 0x0000000800000000)
  region size 2048K, 2 young (4096K), 2 survivors (4096K)
 Metaspace       used 14727K, committed 14976K, reserved 1114112K
  class space    used 1795K, committed 1920K, reserved 1048576K
}
Event: 2.657 GC heap before
{Heap before GC invocations=8 (full 0):
 garbage-first heap   total 313344K, used 191040K [0x0000000703c00000, 0x0000000800000000)
  region size 2048K, 91 young (186368K), 2 survivors (4096K)
 Metaspace       used 14727K, committed 14976K, reserved 1114112K
  class space    used 1795K, committed 1920K, reserved 1048576K
}
Event: 2.660 GC heap after
{Heap after GC invocations=9 (full 0):
 garbage-first heap   total 313344K, used 8900K [0x0000000703c00000, 0x0000000800000000)
  region size 2048K, 2 young (4096K), 2 survivors (4096K)
 Metaspace       used 14727K, committed 14976K, reserved 1114112K
  class space    used 1795K, committed 1920K, reserved 1048576K
}
Event: 2.981 GC heap before
{Heap before GC invocations=9 (full 0):
 garbage-first heap   total 313344K, used 191172K [0x0000000703c00000, 0x0000000800000000)
  region size 2048K, 91 young (186368K), 2 survivors (4096K)
 Metaspace       used 14727K, committed 14976K, reserved 1114112K
  class space    used 1795K, committed 1920K, reserved 1048576K
}
Event: 2.983 GC heap after
{Heap after GC invocations=10 (full 0):
 garbage-first heap   total 313344K, used 8810K [0x0000000703c00000, 0x0000000800000000)
  region size 2048K, 2 young (4096K), 2 survivors (4096K)
 Metaspace       used 14727K, committed 14976K, reserved 1114112K
  class space    used 1795K, committed 1920K, reserved 1048576K
}
Event: 3.027 GC heap before
{Heap before GC invocations=10 (full 0):
 garbage-first heap   total 313344K, used 191082K [0x0000000703c00000, 0x0000000800000000)
  region size 2048K, 91 young (186368K), 2 survivors (4096K)
 Metaspace       used 14727K, committed 14976K, reserved 1114112K
  class space    used 1795K, committed 1920K, reserved 1048576K
}
Event: 3.029 GC heap after
{Heap after GC invocations=11 (full 0):
 garbage-first heap   total 313344K, used 8749K [0x0000000703c00000, 0x0000000800000000)
  region size 2048K, 2 young (4096K), 2 survivors (4096K)
 Metaspace       used 14727K, committed 14976K, reserved 1114112K
  class space    used 1795K, committed 1920K, reserved 1048576K
}
Event: 3.362 GC heap before
{Heap before GC invocations=11 (full 0):
 garbage-first heap   total 313344K, used 191021K [0x0000000703c00000, 0x0000000800000000)
  region size 2048K, 91 young (186368K), 2 survivors (4096K)
 Metaspace       used 14727K, committed 14976K, reserved 1114112K
  class space    used 1795K, committed 1920K, reserved 1048576K
}
Event: 3.365 GC heap after
{Heap after GC invocations=12 (full 0):
 garbage-first heap   total 313344K, used 8752K [0x0000000703c00000, 0x0000000800000000)
  region size 2048K, 2 young (4096K), 2 survivors (4096K)
 Metaspace       used 14727K, committed 14976K, reserved 1114112K
  class space    used 1795K, committed 1920K, reserved 1048576K
}
Event: 3.530 GC heap before
{Heap before GC invocations=12 (full 0):
 garbage-first heap   total 313344K, used 191024K [0x0000000703c00000, 0x0000000800000000)
  region size 2048K, 91 young (186368K), 2 survivors (4096K)
 Metaspace       used 14727K, committed 14976K, reserved 1114112K
  class space    used 1795K, committed 1920K, reserved 1048576K
}
Event: 3.533 GC heap after
{Heap after GC invocations=13 (full 0):
 garbage-first heap   total 313344K, used 8770K [0x0000000703c00000, 0x0000000800000000)
  region size 2048K, 2 young (4096K), 2 survivors (4096K)
 Metaspace       used 14727K, committed 14976K, reserved 1114112K
  class space    used 1795K, committed 1920K, reserved 1048576K
}
Event: 3.810 GC heap before
{Heap before GC invocations=13 (full 0):
 garbage-first heap   total 313344K, used 191042K [0x0000000703c00000, 0x0000000800000000)
  region size 2048K, 91 young (186368K), 2 survivors (4096K)
 Metaspace       used 14727K, committed 14976K, reserved 1114112K
  class space    used 1795K, committed 1920K, reserved 1048576K
}

Dll operation events (20 events):
Event: 0.458 Loaded shared library C:\Users\Fredy Salvador\Music\javafx-sdk-20.0.1\bin\api-ms-win-crt-math-l1-1-0.dll
Event: 0.460 Loaded shared library C:\Users\Fredy Salvador\Music\javafx-sdk-20.0.1\bin\api-ms-win-crt-multibyte-l1-1-0.dll
Event: 0.462 Loaded shared library C:\Users\Fredy Salvador\Music\javafx-sdk-20.0.1\bin\api-ms-win-crt-private-l1-1-0.dll
Event: 0.464 Loaded shared library C:\Users\Fredy Salvador\Music\javafx-sdk-20.0.1\bin\api-ms-win-crt-process-l1-1-0.dll
Event: 0.466 Loaded shared library C:\Users\Fredy Salvador\Music\javafx-sdk-20.0.1\bin\api-ms-win-crt-runtime-l1-1-0.dll
Event: 0.469 Loaded shared library C:\Users\Fredy Salvador\Music\javafx-sdk-20.0.1\bin\api-ms-win-crt-stdio-l1-1-0.dll
Event: 0.471 Loaded shared library C:\Users\Fredy Salvador\Music\javafx-sdk-20.0.1\bin\api-ms-win-crt-string-l1-1-0.dll
Event: 0.473 Loaded shared library C:\Users\Fredy Salvador\Music\javafx-sdk-20.0.1\bin\api-ms-win-crt-time-l1-1-0.dll
Event: 0.475 Loaded shared library C:\Users\Fredy Salvador\Music\javafx-sdk-20.0.1\bin\api-ms-win-crt-utility-l1-1-0.dll
Event: 0.477 Loaded shared library C:\Users\Fredy Salvador\Music\javafx-sdk-20.0.1\bin\ucrtbase.dll
Event: 0.479 Loaded shared library C:\Users\Fredy Salvador\Music\javafx-sdk-20.0.1\bin\vcruntime140.dll
Event: 0.481 Loaded shared library C:\Users\Fredy Salvador\Music\javafx-sdk-20.0.1\bin\vcruntime140_1.dll
Event: 0.483 Loaded shared library C:\Users\Fredy Salvador\Music\javafx-sdk-20.0.1\bin\msvcp140.dll
Event: 0.485 Loaded shared library C:\Users\Fredy Salvador\Music\javafx-sdk-20.0.1\bin\msvcp140_1.dll
Event: 0.486 Loaded shared library C:\Users\Fredy Salvador\Music\javafx-sdk-20.0.1\bin\msvcp140_2.dll
Event: 0.537 Loaded shared library C:\Users\Fredy Salvador\Music\javafx-sdk-20.0.1\bin\prism_d3d.dll
Event: 0.596 Loaded shared library C:\Users\Fredy Salvador\Music\javafx-sdk-20.0.1\bin\glass.dll
Event: 1.407 Loaded shared library C:\Users\Fredy Salvador\Music\javafx-sdk-20.0.1\bin\glib-lite.dll
Event: 1.411 Loaded shared library C:\Users\Fredy Salvador\Music\javafx-sdk-20.0.1\bin\gstreamer-lite.dll
Event: 1.414 Loaded shared library C:\Users\Fredy Salvador\Music\javafx-sdk-20.0.1\bin\jfxmedia.dll

Deoptimization events (20 events):
Event: 1.457 Thread 0x00000218d5c65430 DEOPT PACKING pc=0x00000218c2cc841c sp=0x000000d9a6dfe590
Event: 1.457 Thread 0x00000218d5c65430 DEOPT UNPACKING pc=0x00000218c2726da3 sp=0x000000d9a6dfe510 mode 2
Event: 1.457 Thread 0x00000218d5c65430 Uncommon trap: trap_request=0xffffff45 fr.pc=0x00000218c2cc89fc relative=0x000000000000005c
Event: 1.457 Thread 0x00000218d5c65430 Uncommon trap: reason=unstable_if action=reinterpret pc=0x00000218c2cc89fc method=java.lang.AbstractStringBuilder.isLatin1()Z @ 10 c2
Event: 1.457 Thread 0x00000218d5c65430 DEOPT PACKING pc=0x00000218c2cc89fc sp=0x000000d9a6dfe570
Event: 1.457 Thread 0x00000218d5c65430 DEOPT UNPACKING pc=0x00000218c2726da3 sp=0x000000d9a6dfe500 mode 2
Event: 1.477 Thread 0x00000218d5c65430 Uncommon trap: trap_request=0xffffff45 fr.pc=0x00000218c2c8f87c relative=0x0000000000000a5c
Event: 1.477 Thread 0x00000218d5c65430 Uncommon trap: reason=unstable_if action=reinterpret pc=0x00000218c2c8f87c method=java.util.HashMap.putVal(ILjava/lang/Object;Ljava/lang/Object;ZZ)Ljava/lang/Object; @ 109 c2
Event: 1.478 Thread 0x00000218d5c65430 DEOPT PACKING pc=0x00000218c2c8f87c sp=0x000000d9a6dfded0
Event: 1.478 Thread 0x00000218d5c65430 DEOPT UNPACKING pc=0x00000218c2726da3 sp=0x000000d9a6dfde10 mode 2
Event: 1.727 Thread 0x00000218d5c65430 DEOPT PACKING pc=0x00000218bb438465 sp=0x000000d9a6df97e0
Event: 1.727 Thread 0x00000218d5c65430 DEOPT UNPACKING pc=0x00000218c2727543 sp=0x000000d9a6df8c30 mode 0
Event: 1.955 Thread 0x00000218d5c63ef0 Uncommon trap: trap_request=0xffffff45 fr.pc=0x00000218c2cb939c relative=0x000000000000007c
Event: 1.955 Thread 0x00000218d5c63ef0 Uncommon trap: reason=unstable_if action=reinterpret pc=0x00000218c2cb939c method=sun.awt.SunToolkit.getAppContext(Ljava/lang/Object;)Lsun/awt/AppContext; @ 4 c2
Event: 1.955 Thread 0x00000218d5c63ef0 DEOPT PACKING pc=0x00000218c2cb939c sp=0x000000d9a6cfe120
Event: 1.955 Thread 0x00000218d5c63ef0 DEOPT UNPACKING pc=0x00000218c2726da3 sp=0x000000d9a6cfe0b8 mode 2
Event: 2.043 Thread 0x00000218d5c65430 Uncommon trap: trap_request=0xffffff45 fr.pc=0x00000218c2cbd6e0 relative=0x00000000000001c0
Event: 2.043 Thread 0x00000218d5c65430 Uncommon trap: reason=unstable_if action=reinterpret pc=0x00000218c2cbd6e0 method=javax.swing.JComponent.getClientProperty(Ljava/lang/Object;)Ljava/lang/Object; @ 4 c2
Event: 2.043 Thread 0x00000218d5c65430 DEOPT PACKING pc=0x00000218c2cbd6e0 sp=0x000000d9a6dfda00
Event: 2.043 Thread 0x00000218d5c65430 DEOPT UNPACKING pc=0x00000218c2726da3 sp=0x000000d9a6dfd9c8 mode 2

Classes loaded (20 events):
Event: 2.405 Loading class sun/awt/windows/WInputMethod
Event: 2.406 Loading class sun/awt/im/InputMethodAdapter
Event: 2.406 Loading class java/awt/im/spi/InputMethod
Event: 2.406 Loading class java/awt/im/spi/InputMethod done
Event: 2.406 Loading class sun/awt/im/InputMethodAdapter done
Event: 2.406 Loading class sun/awt/windows/WInputMethod done
Event: 2.407 Loading class java/awt/TextComponent
Event: 2.407 Loading class java/awt/TextComponent done
Event: 2.408 Loading class java/awt/KeyboardFocusManager$3
Event: 2.408 Loading class java/awt/KeyboardFocusManager$3 done
Event: 2.409 Loading class sun/awt/im/CompositionAreaHandler
Event: 2.409 Loading class sun/awt/im/CompositionAreaHandler done
Event: 2.409 Loading class java/text/AttributedString
Event: 2.410 Loading class java/text/AttributedString done
Event: 2.410 Loading class java/text/AttributedString$AttributedStringIterator
Event: 2.410 Loading class java/text/AttributedCharacterIterator
Event: 2.410 Loading class java/text/CharacterIterator
Event: 2.410 Loading class java/text/CharacterIterator done
Event: 2.410 Loading class java/text/AttributedCharacterIterator done
Event: 2.410 Loading class java/text/AttributedString$AttributedStringIterator done

Classes unloaded (0 events):
No events

Classes redefined (0 events):
No events

Internal exceptions (20 events):
Event: 1.632 Thread 0x00000218d5c65430 Exception <a 'java/lang/NullPointerException'{0x0000000712623bb8}> (0x0000000712623bb8) 
thrown [s\open\src\hotspot\share\interpreter\linkResolver.cpp, line 1458]
Event: 1.637 Thread 0x00000218d5c65430 Exception <a 'java/lang/NullPointerException'{0x000000071262c330}> (0x000000071262c330) 
thrown [s\open\src\hotspot\share\interpreter\linkResolver.cpp, line 1458]
Event: 1.645 Thread 0x00000218d5c65430 Exception <a 'java/lang/NullPointerException'{0x00000007125ab188}> (0x00000007125ab188) 
thrown [s\open\src\hotspot\share\interpreter\linkResolver.cpp, line 1458]
Event: 1.649 Thread 0x00000218d5c65430 Exception <a 'java/lang/NullPointerException'{0x00000007125b3810}> (0x00000007125b3810) 
thrown [s\open\src\hotspot\share\interpreter\linkResolver.cpp, line 1458]
Event: 1.655 Thread 0x00000218d5c65430 Exception <a 'java/lang/NullPointerException'{0x00000007125bbf30}> (0x00000007125bbf30) 
thrown [s\open\src\hotspot\share\interpreter\linkResolver.cpp, line 1458]
Event: 1.659 Thread 0x00000218d5c65430 Exception <a 'java/lang/NullPointerException'{0x00000007120aa880}> (0x00000007120aa880) 
thrown [s\open\src\hotspot\share\interpreter\linkResolver.cpp, line 1458]
Event: 1.663 Thread 0x00000218d5c65430 Exception <a 'java/lang/NullPointerException'{0x00000007120b2f08}> (0x00000007120b2f08) 
thrown [s\open\src\hotspot\share\interpreter\linkResolver.cpp, line 1458]
Event: 1.668 Thread 0x00000218d5c65430 Exception <a 'java/lang/NullPointerException'{0x00000007120bb5a0}> (0x00000007120bb5a0) 
thrown [s\open\src\hotspot\share\interpreter\linkResolver.cpp, line 1458]
Event: 1.672 Thread 0x00000218d5c65430 Exception <a 'java/lang/NullPointerException'{0x0000000711fa8cc0}> (0x0000000711fa8cc0) 
thrown [s\open\src\hotspot\share\interpreter\linkResolver.cpp, line 1458]
Event: 1.676 Thread 0x00000218d5c65430 Exception <a 'java/lang/NullPointerException'{0x0000000711fb1368}> (0x0000000711fb1368) 
thrown [s\open\src\hotspot\share\interpreter\linkResolver.cpp, line 1458]
Event: 1.681 Thread 0x00000218d5c65430 Exception <a 'java/lang/NullPointerException'{0x0000000711fb9f98}> (0x0000000711fb9f98) 
thrown [s\open\src\hotspot\share\interpreter\linkResolver.cpp, line 1458]
Event: 1.685 Thread 0x00000218d5c65430 Exception <a 'java/lang/NullPointerException'{0x0000000711d91928}> (0x0000000711d91928) 
thrown [s\open\src\hotspot\share\interpreter\linkResolver.cpp, line 1458]
Event: 1.690 Thread 0x00000218d5c65430 Exception <a 'java/lang/NullPointerException'{0x0000000711d99ed0}> (0x0000000711d99ed0) 
thrown [s\open\src\hotspot\share\interpreter\linkResolver.cpp, line 1458]
Event: 1.733 Thread 0x00000218d5c65430 Exception <a 'java/lang/NoSuchMethodError'{0x0000000712f8de90}: 'java.lang.Object java.lang.invoke.DirectMethodHandle$Holder.invokeStaticInit(java.lang.Object, java.lang.Object, java.lang.Object, java.lang.Object)'> (0x0000000712f8de90) 
thrown [s\open\src\hotspot\share\interpreter\linkResolver.cpp, line 774]
Event: 2.083 Thread 0x00000218d5c65430 Exception <a 'java/io/FileNotFoundException'{0x000000071484a2f8}> (0x000000071484a2f8) 
thrown [s\open\src\hotspot\share\prims\jni.cpp, line 517]
Event: 2.088 Thread 0x00000218d5c65430 Exception <a 'java/io/FileNotFoundException'{0x0000000711ee5170}> (0x0000000711ee5170) 
thrown [s\open\src\hotspot\share\prims\jni.cpp, line 517]
Event: 2.207 Thread 0x00000218dafa1820 Exception <a 'java/lang/NoSuchMethodError'{0x000000070ee08060}: 'java.lang.Object java.lang.invoke.DirectMethodHandle$Holder.newInvokeSpecial(java.lang.Object, java.lang.Object, int, int)'> (0x000000070ee08060) 
thrown [s\open\src\hotspot\share\interpreter\linkResolver.cpp, line 774]
Event: 2.208 Thread 0x00000218dafa1820 Exception <a 'java/lang/NoSuchMethodError'{0x000000070ee0bfb8}: 'java.lang.Object java.lang.invoke.DirectMethodHandle$Holder.invokeSpecial(java.lang.Object, java.lang.Object, java.lang.Object, int, int)'> (0x000000070ee0bfb8) 
thrown [s\open\src\hotspot\share\interpreter\linkResolver.cpp, line 774]
Event: 2.213 Thread 0x00000218d5c65430 Exception <a 'java/io/FileNotFoundException'{0x000000070ea0f698}> (0x000000070ea0f698) 
thrown [s\open\src\hotspot\share\prims\jni.cpp, line 517]
Event: 2.225 Thread 0x00000218d5c65430 Exception <a 'java/io/FileNotFoundException'{0x000000070ea2b9e8}> (0x000000070ea2b9e8) 
thrown [s\open\src\hotspot\share\prims\jni.cpp, line 517]

VM Operations (20 events):
Event: 2.039 Executing VM operation: G1CollectForAllocation done
Event: 2.067 Executing VM operation: HandshakeAllThreads
Event: 2.067 Executing VM operation: HandshakeAllThreads done
Event: 2.349 Executing VM operation: G1CollectForAllocation
Event: 2.352 Executing VM operation: G1CollectForAllocation done
Event: 2.407 Executing VM operation: HandshakeAllThreads
Event: 2.407 Executing VM operation: HandshakeAllThreads done
Event: 2.595 Executing VM operation: G1CollectForAllocation
Event: 2.598 Executing VM operation: G1CollectForAllocation done
Event: 2.657 Executing VM operation: G1CollectForAllocation
Event: 2.660 Executing VM operation: G1CollectForAllocation done
Event: 2.883 Executing VM operation: G1CollectForAllocation
Event: 2.984 Executing VM operation: G1CollectForAllocation done
Event: 3.027 Executing VM operation: G1CollectForAllocation
Event: 3.029 Executing VM operation: G1CollectForAllocation done
Event: 3.362 Executing VM operation: G1CollectForAllocation
Event: 3.365 Executing VM operation: G1CollectForAllocation done
Event: 3.530 Executing VM operation: G1CollectForAllocation
Event: 3.533 Executing VM operation: G1CollectForAllocation done
Event: 3.810 Executing VM operation: G1CollectForAllocation

Events (20 events):
Event: 3.809 Thread 0x00000218fb3cfa90 Thread exited: 0x00000218fb3cfa90
Event: 3.809 Thread 0x00000218e3d39890 Thread added: 0x00000218e3d39890
Event: 3.809 Thread 0x00000218e3d39890 Thread exited: 0x00000218e3d39890
Event: 3.809 Thread 0x00000218fb3d0530 Thread added: 0x00000218fb3d0530
Event: 3.809 Thread 0x00000218fb3d0530 Thread exited: 0x00000218fb3d0530
Event: 3.809 Thread 0x00000218e3d39340 Thread added: 0x00000218e3d39340
Event: 3.809 Thread 0x00000218e3d39340 Thread exited: 0x00000218e3d39340
Event: 3.809 Thread 0x00000218fb3cfa90 Thread added: 0x00000218fb3cfa90
Event: 3.809 Thread 0x00000218fb3cfa90 Thread exited: 0x00000218fb3cfa90
Event: 3.809 Thread 0x00000218e3d3a330 Thread added: 0x00000218e3d3a330
Event: 3.809 Thread 0x00000218e3d3a330 Thread exited: 0x00000218e3d3a330
Event: 3.809 Thread 0x00000218e3d3b870 Thread added: 0x00000218e3d3b870
Event: 3.809 Thread 0x00000218e3d3b870 Thread exited: 0x00000218e3d3b870
Event: 3.809 Thread 0x00000218e3d3b870 Thread added: 0x00000218e3d3b870
Event: 3.809 Thread 0x00000218e3d3b870 Thread exited: 0x00000218e3d3b870
Event: 3.809 Thread 0x00000218e3d3b870 Thread added: 0x00000218e3d3b870
Event: 3.809 Thread 0x00000218e3d3b870 Thread exited: 0x00000218e3d3b870
Event: 3.809 Thread 0x00000218e3d3add0 Thread added: 0x00000218e3d3add0
Event: 3.809 Thread 0x00000218e3d3add0 Thread exited: 0x00000218e3d3add0
Event: 3.810 Thread 0x00000218e35ca250 Thread added: 0x00000218e35ca250


Dynamic libraries:
0x00007ff649120000 - 0x00007ff649130000 	C:\Program Files\Java\jdk-19\bin\java.exe
0x00007fff23fd0000 - 0x00007fff241e4000 	C:\WINDOWS\SYSTEM32\ntdll.dll
0x00007fff16f10000 - 0x00007fff16f29000 	C:\Program Files\Avast Software\Avast\aswhook.dll
0x00007fff22eb0000 - 0x00007fff22f72000 	C:\WINDOWS\System32\KERNEL32.DLL
0x00007fff21450000 - 0x00007fff217f3000 	C:\WINDOWS\System32\KERNELBASE.dll
0x00007fff21800000 - 0x00007fff21911000 	C:\WINDOWS\System32\ucrtbase.dll
0x00007fff1d7a0000 - 0x00007fff1d7b8000 	C:\Program Files\Java\jdk-19\bin\jli.dll
0x00007fff22a80000 - 0x00007fff22b2e000 	C:\WINDOWS\System32\ADVAPI32.dll
0x00007fff16e50000 - 0x00007fff16e6b000 	C:\Program Files\Java\jdk-19\bin\VCRUNTIME140.dll
0x00007fff22cc0000 - 0x00007fff22d67000 	C:\WINDOWS\System32\msvcrt.dll
0x00007fff22810000 - 0x00007fff228b4000 	C:\WINDOWS\System32\sechost.dll
0x00007fff22d70000 - 0x00007fff22e87000 	C:\WINDOWS\System32\RPCRT4.dll
0x00007fff22460000 - 0x00007fff2260b000 	C:\WINDOWS\System32\USER32.dll
0x00007fff21a50000 - 0x00007fff21a76000 	C:\WINDOWS\System32\win32u.dll
0x00007fff23280000 - 0x00007fff232a9000 	C:\WINDOWS\System32\GDI32.dll
0x00007fff21c90000 - 0x00007fff21da9000 	C:\WINDOWS\System32\gdi32full.dll
0x00007fff21bf0000 - 0x00007fff21c8a000 	C:\WINDOWS\System32\msvcp_win.dll
0x00007fff04b20000 - 0x00007fff04dae000 	C:\WINDOWS\WinSxS\amd64_microsoft.windows.common-controls_6595b64144ccf1df_6.0.22621.1635_none_270f70857386168e\COMCTL32.dll
0x00007fff0eb40000 - 0x00007fff0eb4a000 	C:\WINDOWS\SYSTEM32\VERSION.dll
0x00007fff22410000 - 0x00007fff22441000 	C:\WINDOWS\System32\IMM32.DLL
0x00007fff0b890000 - 0x00007fff0b89c000 	C:\Program Files\Java\jdk-19\bin\vcruntime140_1.dll
0x00007ffee1dc0000 - 0x00007ffee1e4e000 	C:\Program Files\Java\jdk-19\bin\msvcp140.dll
0x00007ffed83a0000 - 0x00007ffed9060000 	C:\Program Files\Java\jdk-19\bin\server\jvm.dll
0x00007fff06d90000 - 0x00007fff06d99000 	C:\WINDOWS\SYSTEM32\WSOCK32.dll
0x00007fff15720000 - 0x00007fff15754000 	C:\WINDOWS\SYSTEM32\WINMM.dll
0x00007fff22710000 - 0x00007fff22781000 	C:\WINDOWS\System32\WS2_32.dll
0x00007fff20400000 - 0x00007fff20418000 	C:\WINDOWS\SYSTEM32\kernel.appcore.dll
0x00007fff0b7e0000 - 0x00007fff0b7ea000 	C:\Program Files\Java\jdk-19\bin\jimage.dll
0x00007fff1eeb0000 - 0x00007fff1f0de000 	C:\WINDOWS\SYSTEM32\DBGHELP.DLL
0x00007fff22080000 - 0x00007fff22409000 	C:\WINDOWS\System32\combase.dll
0x00007fff22f80000 - 0x00007fff23057000 	C:\WINDOWS\System32\OLEAUT32.dll
0x00007fff0edb0000 - 0x00007fff0ede2000 	C:\WINDOWS\SYSTEM32\dbgcore.DLL
0x00007fff213d0000 - 0x00007fff2144b000 	C:\WINDOWS\System32\bcryptPrimitives.dll
0x00007ffef7cf0000 - 0x00007ffef7d16000 	C:\Program Files\Java\jdk-19\bin\java.dll
0x00007ffef7c10000 - 0x00007ffef7ce7000 	C:\Program Files\Java\jdk-19\bin\jsvml.dll
0x00007fff23780000 - 0x00007fff23f7a000 	C:\WINDOWS\System32\SHELL32.dll
0x00007fff1f3b0000 - 0x00007fff1fc7e000 	C:\WINDOWS\SYSTEM32\windows.storage.dll
0x00007fff1f270000 - 0x00007fff1f3ae000 	C:\WINDOWS\SYSTEM32\wintypes.dll
0x00007fff22610000 - 0x00007fff22701000 	C:\WINDOWS\System32\SHCORE.dll
0x00007fff23060000 - 0x00007fff230be000 	C:\WINDOWS\System32\shlwapi.dll
0x00007fff21300000 - 0x00007fff21321000 	C:\WINDOWS\SYSTEM32\profapi.dll
0x00007ffef7f80000 - 0x00007ffef7f93000 	C:\Program Files\Java\jdk-19\bin\net.dll
0x00007fff1bff0000 - 0x00007fff1c127000 	C:\WINDOWS\SYSTEM32\WINHTTP.dll
0x00007fff20870000 - 0x00007fff208d9000 	C:\WINDOWS\system32\mswsock.dll
0x00007ffef7bf0000 - 0x00007ffef7c06000 	C:\Program Files\Java\jdk-19\bin\nio.dll
0x00007ffef7bd0000 - 0x00007ffef7be8000 	C:\Program Files\Java\jdk-19\bin\zip.dll
0x00007ffef21b0000 - 0x00007ffef2341000 	C:\Program Files\Java\jdk-19\bin\awt.dll
0x00007fff1e250000 - 0x00007fff1e2e7000 	C:\WINDOWS\SYSTEM32\apphelp.dll
0x00007fff1e410000 - 0x00007fff1e4bb000 	C:\WINDOWS\system32\uxtheme.dll
0x00007fff23150000 - 0x00007fff23277000 	C:\WINDOWS\System32\MSCTF.dll
0x00007fff228e0000 - 0x00007fff22a7c000 	C:\WINDOWS\System32\ole32.dll
0x00007fff1e6a0000 - 0x00007fff1e6cb000 	C:\WINDOWS\system32\DWMAPI.DLL
0x00007ffee1d30000 - 0x00007ffee1db6000 	C:\Program Files\Java\jdk-19\bin\freetype.dll
0x00007ffedb480000 - 0x00007ffedb545000 	C:\Program Files\Java\jdk-19\bin\fontmanager.dll
0x00007ffefdf40000 - 0x00007ffefe040000 	C:\WINDOWS\system32\opengl32.dll
0x00007fff087b0000 - 0x00007fff087dd000 	C:\WINDOWS\SYSTEM32\GLU32.dll
0x00007fff1e710000 - 0x00007fff1e748000 	C:\WINDOWS\SYSTEM32\dxcore.dll
0x00000218b31e0000 - 0x00000218b31e3000 	C:\Users\Fredy Salvador\Music\javafx-sdk-20.0.1\bin\api-ms-win-core-console-l1-1-0.dll
0x00000218d5f60000 - 0x00000218d5f63000 	C:\Users\Fredy Salvador\Music\javafx-sdk-20.0.1\bin\api-ms-win-core-console-l1-2-0.dll
0x00000218d5f70000 - 0x00000218d5f73000 	C:\Users\Fredy Salvador\Music\javafx-sdk-20.0.1\bin\api-ms-win-core-datetime-l1-1-0.dll
0x00000218d5f80000 - 0x00000218d5f83000 	C:\Users\Fredy Salvador\Music\javafx-sdk-20.0.1\bin\api-ms-win-core-debug-l1-1-0.dll
0x00000218d5f90000 - 0x00000218d5f93000 	C:\Users\Fredy Salvador\Music\javafx-sdk-20.0.1\bin\api-ms-win-core-errorhandling-l1-1-0.dll
0x00000218d5fa0000 - 0x00000218d5fa4000 	C:\Users\Fredy Salvador\Music\javafx-sdk-20.0.1\bin\api-ms-win-core-file-l1-1-0.dll
0x00000218d5fb0000 - 0x00000218d5fb3000 	C:\Users\Fredy Salvador\Music\javafx-sdk-20.0.1\bin\api-ms-win-core-file-l1-2-0.dll
0x00000218d5fc0000 - 0x00000218d5fc3000 	C:\Users\Fredy Salvador\Music\javafx-sdk-20.0.1\bin\api-ms-win-core-file-l2-1-0.dll
0x00000218d5fd0000 - 0x00000218d5fd3000 	C:\Users\Fredy Salvador\Music\javafx-sdk-20.0.1\bin\api-ms-win-core-handle-l1-1-0.dll
0x00000218d5fe0000 - 0x00000218d5fe3000 	C:\Users\Fredy Salvador\Music\javafx-sdk-20.0.1\bin\api-ms-win-core-heap-l1-1-0.dll
0x00000218d5ff0000 - 0x00000218d5ff3000 	C:\Users\Fredy Salvador\Music\javafx-sdk-20.0.1\bin\api-ms-win-core-interlocked-l1-1-0.dll
0x00000218da4f0000 - 0x00000218da4f3000 	C:\Users\Fredy Salvador\Music\javafx-sdk-20.0.1\bin\api-ms-win-core-libraryloader-l1-1-0.dll
0x00000218da500000 - 0x00000218da503000 	C:\Users\Fredy Salvador\Music\javafx-sdk-20.0.1\bin\api-ms-win-core-localization-l1-2-0.dll
0x00000218da510000 - 0x00000218da513000 	C:\Users\Fredy Salvador\Music\javafx-sdk-20.0.1\bin\api-ms-win-core-memory-l1-1-0.dll
0x00000218da520000 - 0x00000218da523000 	C:\Users\Fredy Salvador\Music\javafx-sdk-20.0.1\bin\api-ms-win-core-namedpipe-l1-1-0.dll
0x00000218da530000 - 0x00000218da533000 	C:\Users\Fredy Salvador\Music\javafx-sdk-20.0.1\bin\api-ms-win-core-processenvironment-l1-1-0.dll
0x00000218da540000 - 0x00000218da543000 	C:\Users\Fredy Salvador\Music\javafx-sdk-20.0.1\bin\api-ms-win-core-processthreads-l1-1-0.dll
0x00000218da550000 - 0x00000218da553000 	C:\Users\Fredy Salvador\Music\javafx-sdk-20.0.1\bin\api-ms-win-core-processthreads-l1-1-1.dll
0x00000218da560000 - 0x00000218da563000 	C:\Users\Fredy Salvador\Music\javafx-sdk-20.0.1\bin\api-ms-win-core-profile-l1-1-0.dll
0x00000218da570000 - 0x00000218da573000 	C:\Users\Fredy Salvador\Music\javafx-sdk-20.0.1\bin\api-ms-win-core-rtlsupport-l1-1-0.dll
0x00000218da580000 - 0x00000218da583000 	C:\Users\Fredy Salvador\Music\javafx-sdk-20.0.1\bin\api-ms-win-core-string-l1-1-0.dll
0x00000218da590000 - 0x00000218da593000 	C:\Users\Fredy Salvador\Music\javafx-sdk-20.0.1\bin\api-ms-win-core-synch-l1-1-0.dll
0x00000218da5a0000 - 0x00000218da5a3000 	C:\Users\Fredy Salvador\Music\javafx-sdk-20.0.1\bin\api-ms-win-core-synch-l1-2-0.dll
0x00000218da5b0000 - 0x00000218da5b3000 	C:\Users\Fredy Salvador\Music\javafx-sdk-20.0.1\bin\api-ms-win-core-sysinfo-l1-1-0.dll
0x00000218db1e0000 - 0x00000218db1e3000 	C:\Users\Fredy Salvador\Music\javafx-sdk-20.0.1\bin\api-ms-win-core-timezone-l1-1-0.dll
0x00000218db1f0000 - 0x00000218db1f3000 	C:\Users\Fredy Salvador\Music\javafx-sdk-20.0.1\bin\api-ms-win-core-util-l1-1-0.dll
0x00000218db200000 - 0x00000218db203000 	C:\Users\Fredy Salvador\Music\javafx-sdk-20.0.1\bin\api-ms-win-crt-conio-l1-1-0.dll
0x00000218db210000 - 0x00000218db214000 	C:\Users\Fredy Salvador\Music\javafx-sdk-20.0.1\bin\api-ms-win-crt-convert-l1-1-0.dll
0x00000218db220000 - 0x00000218db223000 	C:\Users\Fredy Salvador\Music\javafx-sdk-20.0.1\bin\api-ms-win-crt-environment-l1-1-0.dll
0x00000218db230000 - 0x00000218db233000 	C:\Users\Fredy Salvador\Music\javafx-sdk-20.0.1\bin\api-ms-win-crt-filesystem-l1-1-0.dll
0x00000218db240000 - 0x00000218db243000 	C:\Users\Fredy Salvador\Music\javafx-sdk-20.0.1\bin\api-ms-win-crt-heap-l1-1-0.dll
0x00000218db250000 - 0x00000218db253000 	C:\Users\Fredy Salvador\Music\javafx-sdk-20.0.1\bin\api-ms-win-crt-locale-l1-1-0.dll
0x00000218db260000 - 0x00000218db265000 	C:\Users\Fredy Salvador\Music\javafx-sdk-20.0.1\bin\api-ms-win-crt-math-l1-1-0.dll
0x00000218db270000 - 0x00000218db275000 	C:\Users\Fredy Salvador\Music\javafx-sdk-20.0.1\bin\api-ms-win-crt-multibyte-l1-1-0.dll
0x00000218db280000 - 0x00000218db290000 	C:\Users\Fredy Salvador\Music\javafx-sdk-20.0.1\bin\api-ms-win-crt-private-l1-1-0.dll
0x00000218db290000 - 0x00000218db293000 	C:\Users\Fredy Salvador\Music\javafx-sdk-20.0.1\bin\api-ms-win-crt-process-l1-1-0.dll
0x00000218db2a0000 - 0x00000218db2a4000 	C:\Users\Fredy Salvador\Music\javafx-sdk-20.0.1\bin\api-ms-win-crt-runtime-l1-1-0.dll
0x00000218db2b0000 - 0x00000218db2b4000 	C:\Users\Fredy Salvador\Music\javafx-sdk-20.0.1\bin\api-ms-win-crt-stdio-l1-1-0.dll
0x00000218db2c0000 - 0x00000218db2c4000 	C:\Users\Fredy Salvador\Music\javafx-sdk-20.0.1\bin\api-ms-win-crt-string-l1-1-0.dll
0x00000218db2d0000 - 0x00000218db2d3000 	C:\Users\Fredy Salvador\Music\javafx-sdk-20.0.1\bin\api-ms-win-crt-time-l1-1-0.dll
0x00000218db2e0000 - 0x00000218db2e3000 	C:\Users\Fredy Salvador\Music\javafx-sdk-20.0.1\bin\api-ms-win-crt-utility-l1-1-0.dll
0x00007fff0b280000 - 0x00007fff0b37c000 	C:\Users\Fredy Salvador\Music\javafx-sdk-20.0.1\bin\ucrtbase.dll
0x00007fff17ea0000 - 0x00007fff17ebb000 	C:\Users\Fredy Salvador\Music\javafx-sdk-20.0.1\bin\vcruntime140.dll
0x00007fff171b0000 - 0x00007fff171bc000 	C:\Users\Fredy Salvador\Music\javafx-sdk-20.0.1\bin\vcruntime140_1.dll
0x00007fff0a0e0000 - 0x00007fff0a16e000 	C:\Users\Fredy Salvador\Music\javafx-sdk-20.0.1\bin\msvcp140.dll
0x00007fff0f4c0000 - 0x00007fff0f4c9000 	C:\Users\Fredy Salvador\Music\javafx-sdk-20.0.1\bin\msvcp140_1.dll
0x00007fff0f410000 - 0x00007fff0f440000 	C:\Users\Fredy Salvador\Music\javafx-sdk-20.0.1\bin\msvcp140_2.dll
0x00007fff0e150000 - 0x00007fff0e17f000 	C:\Users\Fredy Salvador\Music\javafx-sdk-20.0.1\bin\prism_d3d.dll
0x00007ffed5c70000 - 0x00007ffed5e19000 	C:\WINDOWS\system32\d3d9.dll
0x00007ffeeb800000 - 0x00007ffeeb965000 	C:\WINDOWS\System32\DriverStore\FileRepository\iigd_dch.inf_amd64_4de65d949492707a\igdumdim64.dll
0x00007ffe556f0000 - 0x00007ffe5937b000 	C:\WINDOWS\System32\DriverStore\FileRepository\iigd_dch.inf_amd64_4de65d949492707a\igd9dxva64.dll
0x00007fff23300000 - 0x00007fff23774000 	C:\WINDOWS\System32\SETUPAPI.dll
0x00007fff20fb0000 - 0x00007fff20ffe000 	C:\WINDOWS\SYSTEM32\cfgmgr32.dll
0x00007fff12980000 - 0x00007fff12cb6000 	C:\WINDOWS\System32\DriverStore\FileRepository\iigd_dch.inf_amd64_4de65d949492707a\igdgmm64.dll
0x00007fff16ca0000 - 0x00007fff16ce8000 	C:\WINDOWS\SYSTEM32\directxdatabasehelper.dll
0x00007fff08c90000 - 0x00007fff08cd2000 	C:\Users\Fredy Salvador\Music\javafx-sdk-20.0.1\bin\glass.dll
0x00007fff21db0000 - 0x00007fff21ea7000 	C:\WINDOWS\System32\COMDLG32.dll
0x00007fff09110000 - 0x00007fff09137000 	C:\WINDOWS\System32\DriverStore\FileRepository\iigd_dch.inf_amd64_4de65d949492707a\igdinfo64.dll
0x00007fff0fbf0000 - 0x00007fff1297f000 	C:\WINDOWS\System32\DriverStore\FileRepository\iigd_dch.inf_amd64_4de65d949492707a\igc64.dll
0x00007fff03600000 - 0x00007fff0369f000 	C:\Users\Fredy Salvador\Music\javafx-sdk-20.0.1\bin\glib-lite.dll
0x00007ffefd870000 - 0x00007ffefd95e000 	C:\Users\Fredy Salvador\Music\javafx-sdk-20.0.1\bin\gstreamer-lite.dll
0x00007ffef6de0000 - 0x00007ffef6e82000 	C:\WINDOWS\SYSTEM32\DSOUND.dll
0x00007fff212a0000 - 0x00007fff212ed000 	C:\WINDOWS\SYSTEM32\powrprof.dll
0x00007ffeebaa0000 - 0x00007ffeebb51000 	C:\WINDOWS\SYSTEM32\ResampleDmo.DLL
0x00007fff0e3f0000 - 0x00007fff0e3fb000 	C:\WINDOWS\SYSTEM32\msdmo.dll
0x00007fff05960000 - 0x00007fff05989000 	C:\WINDOWS\SYSTEM32\winmmbase.dll
0x00007fff21280000 - 0x00007fff21293000 	C:\WINDOWS\SYSTEM32\UMPDC.dll
0x00007fff0de70000 - 0x00007fff0de94000 	C:\Users\Fredy Salvador\Music\javafx-sdk-20.0.1\bin\jfxmedia.dll
0x00007fff0b800000 - 0x00007fff0b824000 	C:\Users\Fredy Salvador\Music\javafx-sdk-20.0.1\bin\fxplugins.dll
0x00007fff0ac60000 - 0x00007fff0ae2e000 	C:\WINDOWS\SYSTEM32\MFPlat.DLL
0x00007fff0e870000 - 0x00007fff0e8a3000 	C:\WINDOWS\SYSTEM32\RTWorkQ.DLL

dbghelp: loaded successfully - version: 4.0.5 - missing functions: none
symbol engine: initialized successfully - sym options: 0x614 - pdb path: .;C:\Program Files\Java\jdk-19\bin;C:\WINDOWS\SYSTEM32;C:\Program Files\Avast Software\Avast;C:\WINDOWS\WinSxS\amd64_microsoft.windows.common-controls_6595b64144ccf1df_6.0.22621.1635_none_270f70857386168e;C:\Program Files\Java\jdk-19\bin\server;C:\Users\Fredy Salvador\Music\javafx-sdk-20.0.1\bin;C:\WINDOWS\System32\DriverStore\FileRepository\iigd_dch.inf_amd64_4de65d949492707a

VM Arguments:
jvm_args: -Dfile.encoding=UTF-8 --module-path=C:\Users\Fredy Salvador\Documents\NetBeansProjects\InteracFlix\build\classes 
java_command: interacflix.Comienzo
java_class_path (initial): C:\Users\Fredy Salvador\Music\javafx-sdk-20.0.1\lib\javafx.swing.jar;C:\Users\Fredy Salvador\Music\javafx-sdk-20.0.1\lib\javafx.media.jar;C:\Users\Fredy Salvador\Music\javafx-sdk-20.0.1\lib\javafx.graphics.jar;C:\Users\Fredy Salvador\Music\javafx-sdk-20.0.1\lib\javafx.fxml.jar;C:\Users\Fredy Salvador\Music\javafx-sdk-20.0.1\lib\javafx.controls.jar;C:\Users\Fredy Salvador\Music\javafx-sdk-20.0.1\lib\javafx.base.jar;C:\Users\Fredy Salvador\Music\javafx-sdk-20.0.1\lib\javafx.web.jar;C:\Users\Fredy Salvador\Music\javafx-sdk-20.0.1\lib\javafx-swt.jar;C:\Program Files\NetBeans-15\netbeans\java\modules\ext\AbsoluteLayout.jar;C:\Users\Fredy Salvador\Documents\NetBeansProjects\InteracFlix\build\classes
Launcher Type: SUN_STANDARD

[Global flags]
     intx CICompilerCount                          = 3                                         {product} {ergonomic}
     uint ConcGCThreads                            = 1                                         {product} {ergonomic}
     uint G1ConcRefinementThreads                  = 4                                         {product} {ergonomic}
   size_t G1HeapRegionSize                         = 2097152                                   {product} {ergonomic}
    uintx GCDrainStackTargetSize                   = 64                                        {product} {ergonomic}
   size_t InitialHeapSize                          = 266338304                                 {product} {ergonomic}
   size_t MarkStackSize                            = 4194304                                   {product} {ergonomic}
   size_t MaxHeapSize                              = 4232052736                                {product} {ergonomic}
   size_t MaxNewSize                               = 2537553920                                {product} {ergonomic}
   size_t MinHeapDeltaBytes                        = 2097152                                   {product} {ergonomic}
   size_t MinHeapSize                              = 8388608                                   {product} {ergonomic}
    uintx NonNMethodCodeHeapSize                   = 5832780                                {pd product} {ergonomic}
    uintx NonProfiledCodeHeapSize                  = 122912730                              {pd product} {ergonomic}
    uintx ProfiledCodeHeapSize                     = 122912730                              {pd product} {ergonomic}
    uintx ReservedCodeCacheSize                    = 251658240                              {pd product} {ergonomic}
     bool SegmentedCodeCache                       = true                                      {product} {ergonomic}
   size_t SoftMaxHeapSize                          = 4232052736                             {manageable} {ergonomic}
     bool UseCompressedClassPointers               = true                           {product lp64_product} {ergonomic}
     bool UseCompressedOops                        = true                           {product lp64_product} {ergonomic}
     bool UseG1GC                                  = true                                      {product} {ergonomic}
     bool UseLargePagesIndividualAllocation        = false                                  {pd product} {ergonomic}

Logging:
Log output configuration:
 #0: stdout all=warning uptime,level,tags foldmultilines=false
 #1: stderr all=off uptime,level,tags foldmultilines=false

Environment Variables:
PATH=C:\Program Files (x86)\PHP;C:\Program Files\Common Files\Oracle\Java\javapath;C:\WINDOWS\system32;C:\WINDOWS;C:\WINDOWS\System32\Wbem;C:\WINDOWS\System32\WindowsPowerShell\v1.0\;C:\WINDOWS\System32\OpenSSH\;C:\Program Files\Microsoft SQL Server\150\Tools\Binn\;C:\Program Files\dotnet\;C:\Program Files\Microsoft SQL Server\130\Tools\Binn\;C:\Program Files\Microsoft SQL Server\Client SDK\ODBC\170\Tools\Binn\;C:\Program Files\Microsoft\Web Platform Installer\;C:\Program Files (x86)\Windows Kits\8.1\Windows Performance Toolkit\;C:\Program Files\Microsoft SQL Server\110\Tools\Binn\;C:\Program Files\MySQL\MySQL Shell 8.0\bin\;C:\Users\Fredy Salvador\AppData\Local\Microsoft\WindowsApps;C:\Users\Fredy Salvador\.dotnet\tools;C:\SoftlandERP;C:\SoftlandERP\Setup;;%SystemRoot%\system32;%SystemRoot%;%SystemRoot%\System32\Wbem;%SYSTEMROOT%\System32\WindowsPowerShell\v1.0\;%SYSTEMROOT%\System32\OpenSSH\;C:\Program Files\MySQL\MySQL Shell 8.0\bin\;C:\Users\Fredy Salvador\AppData\Local\Microsoft\WindowsApps;C:\Users\Fredy Salvador\.dotnet\tools;
USERNAME=Fredy Salvador
OS=Windows_NT
PROCESSOR_IDENTIFIER=Intel64 Family 6 Model 142 Stepping 12, GenuineIntel
TMP=C:\Users\FREDYS~1\AppData\Local\Temp
TEMP=C:\Users\FREDYS~1\AppData\Local\Temp



---------------  S Y S T E M  ---------------

OS:
 Windows 11 , 64 bit Build 22621 (10.0.22621.1778)
OS uptime: 3 days 4:58 hours

CPU: total 4 (initial active 4) (2 cores per cpu, 2 threads per core) family 6 model 142 stepping 12 microcode 0xde, cx8, cmov, fxsr, ht, mmx, 3dnowpref, sse, sse2, sse3, ssse3, sse4.1, sse4.2, popcnt, lzcnt, tsc, tscinvbit, avx, avx2, aes, erms, clmul, bmi1, bmi2, adx, fma, vzeroupper, clflush, clflushopt, rdtscp

Memory: 4k page, system-wide physical 16141M (1716M free)
TotalPageFile size 18189M (AvailPageFile size 27M)
current process WorkingSet (physical memory assigned to process): 1426M, peak: 1426M
current process commit charge ("private bytes"): 1923M, peak: 2044M

vm_info: Java HotSpot(TM) 64-Bit Server VM (19.0.1+10-21) for windows-amd64 JRE (19.0.1+10-21), built on 2022-09-14T12:45:06Z by "mach5one" with MS VC++ 17.1 (VS2022)

END.
