#
# There is insufficient memory for the Java Runtime Environment to continue.
# Native memory allocation (mmap) failed to map 83886080 bytes for G1 virtual space
# Possible reasons:
#   The system is out of physical RAM or swap space
#   The process is running with CompressedOops enabled, and the Java Heap may be blocking the growth of the native heap
# Possible solutions:
#   Reduce memory load on the system
#   Increase physical memory or swap space
#   Check if swap backing store is full
#   Decrease Java heap size (-Xmx/-Xms)
#   Decrease number of Java threads
#   Decrease Java thread stack sizes (-Xss)
#   Set larger code cache with -XX:ReservedCodeCacheSize=
#   JVM is running with Zero Based Compressed Oops mode in which the Java heap is
#     placed in the first 32GB address space. The Java Heap base address is the
#     maximum limit for the native heap growth. Please use -XX:HeapBaseMinAddress
#     to set the Java Heap base and to place the Java Heap above 32GB virtual address.
# This output file may be truncated or incomplete.
#
#  Out of Memory Error (os_windows.cpp:3527), pid=2880, tid=21428
#
# JRE version: Java(TM) SE Runtime Environment (19.0.1+10) (build 19.0.1+10-21)
# Java VM: Java HotSpot(TM) 64-Bit Server VM (19.0.1+10-21, mixed mode, sharing, tiered, compressed oops, compressed class ptrs, g1 gc, windows-amd64)
# No core dump will be written. Minidumps are not enabled by default on client versions of Windows
#

---------------  S U M M A R Y ------------

Command Line: -Dfile.encoding=UTF-8 --module-path=C:\Users\Fredy Salvador\Documents\NetBeansProjects\InteracFlix\build\classes interacflix.Comienzo

Host: Intel(R) Core(TM) i3-8145U CPU @ 2.10GHz, 4 cores, 15G,  Windows 11 , 64 bit Build 22621 (10.0.22621.1778)
Time: Wed Jun 21 03:49:14 2023 Hora estándar, América Central elapsed time: 3.271569 seconds (0d 0h 0m 3s)

---------------  T H R E A D  ---------------

Current thread (0x000002187f80ca90):  VMThread "VM Thread" [stack: 0x000000b4a2700000,0x000000b4a2800000] [id=21428]

Stack: [0x000000b4a2700000,0x000000b4a2800000]
Native frames: (J=compiled Java code, j=interpreted, Vv=VM code, C=native code)
V  [jvm.dll+0x6ee8fa]
V  [jvm.dll+0x857a1e]
V  [jvm.dll+0x85940e]
V  [jvm.dll+0x859ac3]
V  [jvm.dll+0x28291f]
V  [jvm.dll+0x6eb6e9]
V  [jvm.dll+0x6e028a]
V  [jvm.dll+0x357136]
V  [jvm.dll+0x35eb96]
V  [jvm.dll+0x3b555e]
V  [jvm.dll+0x3b578f]
V  [jvm.dll+0x32c6ea]
V  [jvm.dll+0x32c797]
V  [jvm.dll+0x374b52]
V  [jvm.dll+0x37328f]
V  [jvm.dll+0x32bf10]
V  [jvm.dll+0x37282b]
V  [jvm.dll+0x85ef83]
V  [jvm.dll+0x85fd49]
V  [jvm.dll+0x86027d]
V  [jvm.dll+0x86070b]
V  [jvm.dll+0x8607c7]
V  [jvm.dll+0x8015fa]
V  [jvm.dll+0x6ed5eb]
C  [ucrtbase.dll+0x29363]
C  [KERNEL32.DLL+0x126ad]
C  [ntdll.dll+0x5a9f8]

VM_Operation (0x000000b4a6afee00): G1CollectForAllocation, mode: safepoint, requested by thread 0x000002184c8732e0


---------------  P R O C E S S  ---------------

Threads class SMR info:
_java_thread_list=0x0000021840e39210, length=64, elements={
0x000002187f829870, 0x000002187f829fb0, 0x000002187f82fbe0, 0x000002187f832130,
0x000002187f834e20, 0x000002187f835b00, 0x000002187f846090, 0x000002187f848dc0,
0x000002187f851ad0, 0x000002187f87e660, 0x000002187fbd0470, 0x000002187fc2df80,
0x000002187fc2e4c0, 0x000002187fc2ee10, 0x000002181555e370, 0x000002186ddfeff0,
0x0000021815a36aa0, 0x0000021815aeeeb0, 0x0000021815b195c0, 0x0000021815b18b20,
0x0000021815b19b10, 0x0000021815b1a060, 0x000002181a7fdf10, 0x000002181a7fe460,
0x000002181a7faf40, 0x000002181a7fb9e0, 0x000002181a7f9a00, 0x000002181a7f7f70,
0x000002181a7f7a20, 0x000002181a7fd470, 0x000002181a7f9f50, 0x000002181a7fc9d0,
0x000002181a7f6a30, 0x000002181a7fbf30, 0x000002181a7fc480, 0x000002181a7f8f60,
0x000002181a7f84c0, 0x000002181a7fa4a0, 0x000002181a7fd9c0, 0x000002181a7fa9f0,
0x000002181a7f6f80, 0x000002181af3a760, 0x000002181af3fc60, 0x000002181af39770,
0x000002181af3b200, 0x000002181af3acb0, 0x000002181af3bca0, 0x000002181a7fcf20,
0x000002181af3b750, 0x000002181af3d730, 0x000002181cd6f030, 0x000002181cd9ea40,
0x000002181cdb48c0, 0x000002181af3dc80, 0x000002181cd9da50, 0x000002181cdb38d0,
0x000002181cd9fa30, 0x000002181cd9dfa0, 0x000002181db605c0, 0x000002181cdb3380,
0x000002181cdb4370, 0x000002181db5e090, 0x000002181de11de0, 0x000002184c8732e0
}

Java Threads: ( => current thread )
  0x000002187f829870 JavaThread "Reference Handler" daemon [_thread_blocked, id=24356, stack(0x000000b4a2800000,0x000000b4a2900000)]
  0x000002187f829fb0 JavaThread "Finalizer" daemon [_thread_blocked, id=15488, stack(0x000000b4a2900000,0x000000b4a2a00000)]
  0x000002187f82fbe0 JavaThread "Signal Dispatcher" daemon [_thread_blocked, id=26376, stack(0x000000b4a2a00000,0x000000b4a2b00000)]
  0x000002187f832130 JavaThread "Attach Listener" daemon [_thread_blocked, id=19784, stack(0x000000b4a2b00000,0x000000b4a2c00000)]
  0x000002187f834e20 JavaThread "Service Thread" daemon [_thread_blocked, id=21952, stack(0x000000b4a2c00000,0x000000b4a2d00000)]
  0x000002187f835b00 JavaThread "Monitor Deflation Thread" daemon [_thread_blocked, id=26048, stack(0x000000b4a2d00000,0x000000b4a2e00000)]
  0x000002187f846090 JavaThread "C2 CompilerThread0" daemon [_thread_blocked, id=25136, stack(0x000000b4a2e00000,0x000000b4a2f00000)]
  0x000002187f848dc0 JavaThread "C1 CompilerThread0" daemon [_thread_blocked, id=3044, stack(0x000000b4a2f00000,0x000000b4a3000000)]
  0x000002187f851ad0 JavaThread "Sweeper thread" daemon [_thread_blocked, id=2132, stack(0x000000b4a3000000,0x000000b4a3100000)]
  0x000002187f87e660 JavaThread "Common-Cleaner" daemon [_thread_blocked, id=27312, stack(0x000000b4a3100000,0x000000b4a3200000)]
  0x000002187fbd0470 JavaThread "Notification Thread" daemon [_thread_blocked, id=8548, stack(0x000000b4a3200000,0x000000b4a3300000)]
  0x000002187fc2df80 JavaThread "Java2D Disposer" daemon [_thread_blocked, id=18864, stack(0x000000b4a3400000,0x000000b4a3500000)]
  0x000002187fc2e4c0 JavaThread "AWT-Shutdown" [_thread_blocked, id=340, stack(0x000000b4a3500000,0x000000b4a3600000)]
  0x000002187fc2ee10 JavaThread "AWT-Windows" daemon [_thread_in_native, id=17636, stack(0x000000b4a3600000,0x000000b4a3700000)]
  0x000002181555e370 JavaThread "AWT-EventQueue-0" [_thread_blocked, id=16688, stack(0x000000b4a3700000,0x000000b4a3800000)]
  0x000002186ddfeff0 JavaThread "DestroyJavaVM" [_thread_blocked, id=20332, stack(0x000000b4a2100000,0x000000b4a2200000)]
  0x0000021815a36aa0 JavaThread "QuantumRenderer-0" daemon [_thread_blocked, id=22472, stack(0x000000b4a3a00000,0x000000b4a3b00000)]
  0x0000021815aeeeb0 JavaThread "InvokeLaterDispatcher" daemon [_thread_blocked, id=7852, stack(0x000000b4a3e00000,0x000000b4a3f00000)]
  0x0000021815b195c0 JavaThread "JavaFX Application Thread" [_thread_in_native, id=25792, stack(0x000000b4a3f00000,0x000000b4a4000000)]
  0x0000021815b18b20 JavaThread "Thread-2" daemon [_thread_blocked, id=12908, stack(0x000000b4a3800000,0x000000b4a3900000)]
  0x0000021815b19b10 JavaThread "JFXMedia Player EventQueueThread" daemon [_thread_blocked, id=19436, stack(0x000000b4a4500000,0x000000b4a4600000)]
  0x0000021815b1a060 JavaThread "Media Resource Disposer" daemon [_thread_blocked, id=25460, stack(0x000000b4a4800000,0x000000b4a4900000)]
  0x000002181a7fdf10 JavaThread "JFXMedia Player EventQueueThread" daemon [_thread_blocked, id=27188, stack(0x000000b4a4b00000,0x000000b4a4c00000)]
  0x000002181a7fe460 JavaThread "JFXMedia Player EventQueueThread" daemon [_thread_blocked, id=16244, stack(0x000000b4a4d00000,0x000000b4a4e00000)]
  0x000002181a7faf40 JavaThread "JFXMedia Player EventQueueThread" daemon [_thread_blocked, id=23684, stack(0x000000b4a4f00000,0x000000b4a5000000)]
  0x000002181a7fb9e0 JavaThread "JFXMedia Player EventQueueThread" daemon [_thread_blocked, id=23672, stack(0x000000b4a5300000,0x000000b4a5400000)]
  0x000002181a7f9a00 JavaThread "JFXMedia Player EventQueueThread" daemon [_thread_blocked, id=23052, stack(0x000000b4a5500000,0x000000b4a5600000)]
  0x000002181a7f7f70 JavaThread "JFXMedia Player EventQueueThread" daemon [_thread_blocked, id=16996, stack(0x000000b4a5700000,0x000000b4a5800000)]
  0x000002181a7f7a20 JavaThread "JFXMedia Player EventQueueThread" daemon [_thread_blocked, id=19932, stack(0x000000b4a5b00000,0x000000b4a5c00000)]
  0x000002181a7fd470 JavaThread "JFXMedia Player EventQueueThread" daemon [_thread_blocked, id=24616, stack(0x000000b4a6000000,0x000000b4a6100000)]
  0x000002181a7f9f50 JavaThread "JFXMedia Player EventQueueThread" daemon [_thread_blocked, id=14940, stack(0x000000b4a6200000,0x000000b4a6300000)]
  0x000002181a7fc9d0 JavaThread "JFXMedia Player EventQueueThread" daemon [_thread_blocked, id=26464, stack(0x000000b4a6600000,0x000000b4a6700000)]
  0x000002181a7f6a30 JavaThread "JFXMedia Player EventQueueThread" daemon [_thread_blocked, id=4020, stack(0x000000b4a6900000,0x000000b4a6a00000)]
  0x000002181a7fbf30 JavaThread "JFXMedia Player EventQueueThread" daemon [_thread_blocked, id=8736, stack(0x000000b4a6c00000,0x000000b4a6d00000)]
  0x000002181a7fc480 JavaThread "JFXMedia Player EventQueueThread" daemon [_thread_blocked, id=25832, stack(0x000000b4a6f00000,0x000000b4a7000000)]
  0x000002181a7f8f60 JavaThread "JFXMedia Player EventQueueThread" daemon [_thread_blocked, id=15940, stack(0x000000b4a7200000,0x000000b4a7300000)]
  0x000002181a7f84c0 JavaThread "JFXMedia Player EventQueueThread" daemon [_thread_blocked, id=2296, stack(0x000000b4a7100000,0x000000b4a7200000)]
  0x000002181a7fa4a0 JavaThread "JFXMedia Player EventQueueThread" daemon [_thread_blocked, id=24380, stack(0x000000b4a7700000,0x000000b4a7800000)]
  0x000002181a7fd9c0 JavaThread "JFXMedia Player EventQueueThread" daemon [_thread_blocked, id=24272, stack(0x000000b4a7b00000,0x000000b4a7c00000)]
  0x000002181a7fa9f0 JavaThread "JFXMedia Player EventQueueThread" daemon [_thread_blocked, id=25252, stack(0x000000b4a7f00000,0x000000b4a8000000)]
  0x000002181a7f6f80 JavaThread "JFXMedia Player EventQueueThread" daemon [_thread_blocked, id=23848, stack(0x000000b4a8400000,0x000000b4a8500000)]
  0x000002181af3a760 JavaThread "JFXMedia Player EventQueueThread" daemon [_thread_blocked, id=18400, stack(0x000000b4a8b00000,0x000000b4a8c00000)]
  0x000002181af3fc60 JavaThread "JFXMedia Player EventQueueThread" daemon [_thread_blocked, id=11752, stack(0x000000b4a9100000,0x000000b4a9200000)]
  0x000002181af39770 JavaThread "JFXMedia Player EventQueueThread" daemon [_thread_blocked, id=24008, stack(0x000000b4a9300000,0x000000b4a9400000)]
  0x000002181af3b200 JavaThread "JFXMedia Player EventQueueThread" daemon [_thread_blocked, id=20220, stack(0x000000b4a9500000,0x000000b4a9600000)]
  0x000002181af3acb0 JavaThread "JFXMedia Player EventQueueThread" daemon [_thread_blocked, id=12160, stack(0x000000b4aac00000,0x000000b4aad00000)]
  0x000002181af3bca0 JavaThread "JFXMedia Player EventQueueThread" daemon [_thread_blocked, id=2528, stack(0x000000b4ab300000,0x000000b4ab400000)]
  0x000002181a7fcf20 JavaThread "JFXMedia Player EventQueueThread" daemon [_thread_blocked, id=19684, stack(0x000000b4abe00000,0x000000b4abf00000)]
  0x000002181af3b750 JavaThread "JFXMedia Player EventQueueThread" daemon [_thread_blocked, id=26060, stack(0x000000b4ac000000,0x000000b4ac100000)]
  0x000002181af3d730 JavaThread "JFXMedia Player EventQueueThread" daemon [_thread_blocked, id=10112, stack(0x000000b4ac200000,0x000000b4ac300000)]
  0x000002181cd6f030 JavaThread "JFXMedia Player EventQueueThread" daemon [_thread_blocked, id=12416, stack(0x000000b4ac400000,0x000000b4ac500000)]
  0x000002181cd9ea40 JavaThread "JFXMedia Player EventQueueThread" daemon [_thread_blocked, id=16912, stack(0x000000b4ac800000,0x000000b4ac900000)]
  0x000002181cdb48c0 JavaThread "JFXMedia Player EventQueueThread" daemon [_thread_blocked, id=7032, stack(0x000000b4acb00000,0x000000b4acc00000)]
  0x000002181af3dc80 JavaThread "JFXMedia Player EventQueueThread" daemon [_thread_blocked, id=1336, stack(0x000000b4ace00000,0x000000b4acf00000)]
  0x000002181cd9da50 JavaThread "JFXMedia Player EventQueueThread" daemon [_thread_blocked, id=25012, stack(0x000000b4ae100000,0x000000b4ae200000)]
  0x000002181cdb38d0 JavaThread "JFXMedia Player EventQueueThread" daemon [_thread_blocked, id=13268, stack(0x000000b4ae500000,0x000000b4ae600000)]
  0x000002181cd9fa30 JavaThread "JFXMedia Player EventQueueThread" daemon [_thread_blocked, id=10056, stack(0x000000b4aea00000,0x000000b4aeb00000)]
  0x000002181cd9dfa0 JavaThread "JFXMedia Player EventQueueThread" daemon [_thread_blocked, id=11616, stack(0x000000b4aec00000,0x000000b4aed00000)]
  0x000002181db605c0 JavaThread "JFXMedia Player EventQueueThread" daemon [_thread_blocked, id=6500, stack(0x000000b4aee00000,0x000000b4aef00000)]
  0x000002181cdb3380 JavaThread "JFXMedia Player EventQueueThread" daemon [_thread_blocked, id=17336, stack(0x000000b4af000000,0x000000b4af100000)]
  0x000002181cdb4370 JavaThread "JFXMedia Player EventQueueThread" daemon [_thread_blocked, id=27080, stack(0x000000b4af200000,0x000000b4af300000)]
  0x000002181db5e090 JavaThread "JFXMedia Player EventQueueThread" daemon [_thread_blocked, id=21376, stack(0x000000b4af500000,0x000000b4af600000)]
  0x000002181de11de0 JavaThread "JFXMedia Player EventQueueThread" daemon [_thread_blocked, id=14676, stack(0x000000b4afb00000,0x000000b4afc00000)]
  0x000002184c8732e0 JavaThread "Unknown thread" [_thread_blocked, id=24176, stack(0x000000b4a6a00000,0x000000b4a6b00000)]

Other Threads:
=>0x000002187f80ca90 VMThread "VM Thread" [stack: 0x000000b4a2700000,0x000000b4a2800000] [id=21428]
  0x000002187fb66b30 WatcherThread "VM Periodic Task Thread" [stack: 0x000000b4a3300000,0x000000b4a3400000] [id=10260]
  0x000002186de70bb0 WorkerThread "GC Thread#0" [stack: 0x000000b4a2200000,0x000000b4a2300000] [id=380]
  0x0000021815a8f950 WorkerThread "GC Thread#1" [stack: 0x000000b4a3b00000,0x000000b4a3c00000] [id=25456]
  0x0000021815aa6ef0 WorkerThread "GC Thread#2" [stack: 0x000000b4a3c00000,0x000000b4a3d00000] [id=11256]
  0x0000021815aa71c0 WorkerThread "GC Thread#3" [stack: 0x000000b4a3d00000,0x000000b4a3e00000] [id=15924]
  0x000002186de81750 ConcurrentGCThread "G1 Main Marker" [stack: 0x000000b4a2300000,0x000000b4a2400000] [id=17556]
  0x000002186de82c20 WorkerThread "G1 Conc#0" [stack: 0x000000b4a2400000,0x000000b4a2500000] [id=26684]
  0x000002186debe920 ConcurrentGCThread "G1 Refine#0" [stack: 0x000000b4a2500000,0x000000b4a2600000] [id=10768]
  0x000002187f6c9670 ConcurrentGCThread "G1 Service" [stack: 0x000000b4a2600000,0x000000b4a2700000] [id=22644]

Threads with active compile tasks:

VM state: at safepoint (normal execution)

VM Mutex/Monitor currently owned by a thread:  ([mutex/lock_event])
[0x000002186ddfc1f0] Threads_lock - owner thread: 0x000002187f80ca90
[0x000002186ddfb470] Heap_lock - owner thread: 0x000002184c8732e0

Heap address: 0x0000000703c00000, size: 4036 MB, Compressed Oops mode: Zero based, Oop shift amount: 3

CDS archive(s) mapped at: [0x0000000800000000-0x0000000800c40000-0x0000000800c40000), size 12845056, SharedBaseAddress: 0x0000000800000000, ArchiveRelocationMode: 0.
Compressed class space mapped at: 0x0000000801000000-0x0000000841000000, reserved size: 1073741824
Narrow klass base: 0x0000000800000000, Narrow klass shift: 0, Narrow klass range: 0x100000000

GC Precious Log:
 CardTable entry size: 512
 Card Set container configuration: InlinePtr #cards 4 size 8 Array Of Cards #cards 16 size 48 Howl #buckets 8 coarsen threshold 3686 Howl Bitmap #cards 512 size 80 coarsen threshold 460 Card regions per heap region 1 cards per card region 4096
 CPUs: 4 total, 4 available
 Memory: 16141M
 Large Page Support: Disabled
 NUMA Support: Disabled
 Compressed Oops: Enabled (Zero based)
 Heap Region Size: 2M
 Heap Min Capacity: 8M
 Heap Initial Capacity: 254M
 Heap Max Capacity: 4036M
 Pre-touch: Disabled
 Parallel Workers: 4
 Concurrent Workers: 1
 Concurrent Refinement Workers: 4
 Periodic GC: Disabled

Heap:
 garbage-first heap   total 313344K, used 5981K [0x0000000703c00000, 0x0000000800000000)
  region size 2048K, 2 young (4096K), 2 survivors (4096K)
 Metaspace       used 13495K, committed 13760K, reserved 1114112K
  class space    used 1686K, committed 1792K, reserved 1048576K

Heap Regions: E=young(eden), S=young(survivor), O=old, HS=humongous(starts), HC=humongous(continues), CS=collection set, F=free, OA=open archive, CA=closed archive, TAMS=top-at-mark-start (previous, next)
|   0|0x0000000703c00000, 0x0000000703e00000, 0x0000000703e00000|100%| O|  |TAMS 0x0000000703c00000, 0x0000000703c00000| Untracked 
|   1|0x0000000703e00000, 0x0000000703f7f400, 0x0000000704000000| 74%| O|  |TAMS 0x0000000703e00000, 0x0000000703e00000| Untracked 
|   2|0x0000000704000000, 0x0000000704000000, 0x0000000704200000|  0%| F|  |TAMS 0x0000000704000000, 0x0000000704000000| Untracked 
|   3|0x0000000704200000, 0x0000000704200000, 0x0000000704400000|  0%| F|  |TAMS 0x0000000704200000, 0x0000000704200000| Untracked 
|   4|0x0000000704400000, 0x0000000704400000, 0x0000000704600000|  0%| F|  |TAMS 0x0000000704400000, 0x0000000704400000| Untracked 
|   5|0x0000000704600000, 0x0000000704600000, 0x0000000704800000|  0%| F|  |TAMS 0x0000000704600000, 0x0000000704600000| Untracked 
|   6|0x0000000704800000, 0x0000000704800000, 0x0000000704a00000|  0%| F|  |TAMS 0x0000000704800000, 0x0000000704800000| Untracked 
|   7|0x0000000704a00000, 0x0000000704a00000, 0x0000000704c00000|  0%| F|  |TAMS 0x0000000704a00000, 0x0000000704a00000| Untracked 
|   8|0x0000000704c00000, 0x0000000704c00000, 0x0000000704e00000|  0%| F|  |TAMS 0x0000000704c00000, 0x0000000704c00000| Untracked 
|   9|0x0000000704e00000, 0x0000000704e00000, 0x0000000705000000|  0%| F|  |TAMS 0x0000000704e00000, 0x0000000704e00000| Untracked 
|  10|0x0000000705000000, 0x0000000705000000, 0x0000000705200000|  0%| F|  |TAMS 0x0000000705000000, 0x0000000705000000| Untracked 
|  11|0x0000000705200000, 0x0000000705200000, 0x0000000705400000|  0%| F|  |TAMS 0x0000000705200000, 0x0000000705200000| Untracked 
|  12|0x0000000705400000, 0x0000000705400000, 0x0000000705600000|  0%| F|  |TAMS 0x0000000705400000, 0x0000000705400000| Untracked 
|  13|0x0000000705600000, 0x0000000705600000, 0x0000000705800000|  0%| F|  |TAMS 0x0000000705600000, 0x0000000705600000| Untracked 
|  14|0x0000000705800000, 0x0000000705800000, 0x0000000705a00000|  0%| F|  |TAMS 0x0000000705800000, 0x0000000705800000| Untracked 
|  15|0x0000000705a00000, 0x0000000705a00000, 0x0000000705c00000|  0%| F|  |TAMS 0x0000000705a00000, 0x0000000705a00000| Untracked 
|  16|0x0000000705c00000, 0x0000000705c00000, 0x0000000705e00000|  0%| F|  |TAMS 0x0000000705c00000, 0x0000000705c00000| Untracked 
|  17|0x0000000705e00000, 0x0000000705e00000, 0x0000000706000000|  0%| F|  |TAMS 0x0000000705e00000, 0x0000000705e00000| Untracked 
|  18|0x0000000706000000, 0x0000000706000000, 0x0000000706200000|  0%| F|  |TAMS 0x0000000706000000, 0x0000000706000000| Untracked 
|  19|0x0000000706200000, 0x0000000706200000, 0x0000000706400000|  0%| F|  |TAMS 0x0000000706200000, 0x0000000706200000| Untracked 
|  20|0x0000000706400000, 0x0000000706400000, 0x0000000706600000|  0%| F|  |TAMS 0x0000000706400000, 0x0000000706400000| Untracked 
|  21|0x0000000706600000, 0x0000000706600000, 0x0000000706800000|  0%| F|  |TAMS 0x0000000706600000, 0x0000000706600000| Untracked 
|  22|0x0000000706800000, 0x0000000706800000, 0x0000000706a00000|  0%| F|  |TAMS 0x0000000706800000, 0x0000000706800000| Untracked 
|  23|0x0000000706a00000, 0x0000000706a00000, 0x0000000706c00000|  0%| F|  |TAMS 0x0000000706a00000, 0x0000000706a00000| Untracked 
|  24|0x0000000706c00000, 0x0000000706c00000, 0x0000000706e00000|  0%| F|  |TAMS 0x0000000706c00000, 0x0000000706c00000| Untracked 
|  25|0x0000000706e00000, 0x0000000706e00000, 0x0000000707000000|  0%| F|  |TAMS 0x0000000706e00000, 0x0000000706e00000| Untracked 
|  26|0x0000000707000000, 0x0000000707000000, 0x0000000707200000|  0%| F|  |TAMS 0x0000000707000000, 0x0000000707000000| Untracked 
|  27|0x0000000707200000, 0x0000000707200000, 0x0000000707400000|  0%| F|  |TAMS 0x0000000707200000, 0x0000000707200000| Untracked 
|  28|0x0000000707400000, 0x0000000707400000, 0x0000000707600000|  0%| F|  |TAMS 0x0000000707400000, 0x0000000707400000| Untracked 
|  29|0x0000000707600000, 0x0000000707600000, 0x0000000707800000|  0%| F|  |TAMS 0x0000000707600000, 0x0000000707600000| Untracked 
|  30|0x0000000707800000, 0x0000000707800000, 0x0000000707a00000|  0%| F|  |TAMS 0x0000000707800000, 0x0000000707800000| Untracked 
|  31|0x0000000707a00000, 0x0000000707a00000, 0x0000000707c00000|  0%| F|  |TAMS 0x0000000707a00000, 0x0000000707a00000| Untracked 
|  32|0x0000000707c00000, 0x0000000707c00000, 0x0000000707e00000|  0%| F|  |TAMS 0x0000000707c00000, 0x0000000707c00000| Untracked 
|  33|0x0000000707e00000, 0x0000000707e00000, 0x0000000708000000|  0%| F|  |TAMS 0x0000000707e00000, 0x0000000707e00000| Untracked 
|  34|0x0000000708000000, 0x0000000708000000, 0x0000000708200000|  0%| F|  |TAMS 0x0000000708000000, 0x0000000708000000| Untracked 
|  35|0x0000000708200000, 0x0000000708200000, 0x0000000708400000|  0%| F|  |TAMS 0x0000000708200000, 0x0000000708200000| Untracked 
|  36|0x0000000708400000, 0x0000000708400000, 0x0000000708600000|  0%| F|  |TAMS 0x0000000708400000, 0x0000000708400000| Untracked 
|  37|0x0000000708600000, 0x0000000708600000, 0x0000000708800000|  0%| F|  |TAMS 0x0000000708600000, 0x0000000708600000| Untracked 
|  38|0x0000000708800000, 0x0000000708800000, 0x0000000708a00000|  0%| F|  |TAMS 0x0000000708800000, 0x0000000708800000| Untracked 
|  39|0x0000000708a00000, 0x0000000708a00000, 0x0000000708c00000|  0%| F|  |TAMS 0x0000000708a00000, 0x0000000708a00000| Untracked 
|  40|0x0000000708c00000, 0x0000000708c00000, 0x0000000708e00000|  0%| F|  |TAMS 0x0000000708c00000, 0x0000000708c00000| Untracked 
|  41|0x0000000708e00000, 0x0000000708e00000, 0x0000000709000000|  0%| F|  |TAMS 0x0000000708e00000, 0x0000000708e00000| Untracked 
|  42|0x0000000709000000, 0x0000000709000000, 0x0000000709200000|  0%| F|  |TAMS 0x0000000709000000, 0x0000000709000000| Untracked 
|  43|0x0000000709200000, 0x0000000709200000, 0x0000000709400000|  0%| F|  |TAMS 0x0000000709200000, 0x0000000709200000| Untracked 
|  44|0x0000000709400000, 0x0000000709400000, 0x0000000709600000|  0%| F|  |TAMS 0x0000000709400000, 0x0000000709400000| Untracked 
|  45|0x0000000709600000, 0x0000000709600000, 0x0000000709800000|  0%| F|  |TAMS 0x0000000709600000, 0x0000000709600000| Untracked 
|  46|0x0000000709800000, 0x0000000709800000, 0x0000000709a00000|  0%| F|  |TAMS 0x0000000709800000, 0x0000000709800000| Untracked 
|  47|0x0000000709a00000, 0x0000000709a00000, 0x0000000709c00000|  0%| F|  |TAMS 0x0000000709a00000, 0x0000000709a00000| Untracked 
|  48|0x0000000709c00000, 0x0000000709c00000, 0x0000000709e00000|  0%| F|  |TAMS 0x0000000709c00000, 0x0000000709c00000| Untracked 
|  49|0x0000000709e00000, 0x0000000709e00000, 0x000000070a000000|  0%| F|  |TAMS 0x0000000709e00000, 0x0000000709e00000| Untracked 
|  50|0x000000070a000000, 0x000000070a000000, 0x000000070a200000|  0%| F|  |TAMS 0x000000070a000000, 0x000000070a000000| Untracked 
|  51|0x000000070a200000, 0x000000070a200000, 0x000000070a400000|  0%| F|  |TAMS 0x000000070a200000, 0x000000070a200000| Untracked 
|  52|0x000000070a400000, 0x000000070a400000, 0x000000070a600000|  0%| F|  |TAMS 0x000000070a400000, 0x000000070a400000| Untracked 
|  53|0x000000070a600000, 0x000000070a600000, 0x000000070a800000|  0%| F|  |TAMS 0x000000070a600000, 0x000000070a600000| Untracked 
|  54|0x000000070a800000, 0x000000070a800000, 0x000000070aa00000|  0%| F|  |TAMS 0x000000070a800000, 0x000000070a800000| Untracked 
|  55|0x000000070aa00000, 0x000000070aa00000, 0x000000070ac00000|  0%| F|  |TAMS 0x000000070aa00000, 0x000000070aa00000| Untracked 
|  56|0x000000070ac00000, 0x000000070ac00000, 0x000000070ae00000|  0%| F|  |TAMS 0x000000070ac00000, 0x000000070ac00000| Untracked 
|  57|0x000000070ae00000, 0x000000070ae00000, 0x000000070b000000|  0%| F|  |TAMS 0x000000070ae00000, 0x000000070ae00000| Untracked 
|  58|0x000000070b000000, 0x000000070b000000, 0x000000070b200000|  0%| F|  |TAMS 0x000000070b000000, 0x000000070b000000| Untracked 
|  59|0x000000070b200000, 0x000000070b200000, 0x000000070b400000|  0%| F|  |TAMS 0x000000070b200000, 0x000000070b200000| Untracked 
|  60|0x000000070b400000, 0x000000070b4582e0, 0x000000070b600000| 17%| S|CS|TAMS 0x000000070b400000, 0x000000070b400000| Complete 
|  61|0x000000070b600000, 0x000000070b800000, 0x000000070b800000|100%| S|CS|TAMS 0x000000070b600000, 0x000000070b600000| Complete 
|  62|0x000000070b800000, 0x000000070b800000, 0x000000070ba00000|  0%| F|  |TAMS 0x000000070b800000, 0x000000070b800000| Untracked 
|  63|0x000000070ba00000, 0x000000070ba00000, 0x000000070bc00000|  0%| F|  |TAMS 0x000000070ba00000, 0x000000070ba00000| Untracked 
|  64|0x000000070bc00000, 0x000000070bc00000, 0x000000070be00000|  0%| F|  |TAMS 0x000000070bc00000, 0x000000070bc00000| Untracked 
|  65|0x000000070be00000, 0x000000070be00000, 0x000000070c000000|  0%| F|  |TAMS 0x000000070be00000, 0x000000070be00000| Untracked 
|  66|0x000000070c000000, 0x000000070c000000, 0x000000070c200000|  0%| F|  |TAMS 0x000000070c000000, 0x000000070c000000| Untracked 
|  67|0x000000070c200000, 0x000000070c200000, 0x000000070c400000|  0%| F|  |TAMS 0x000000070c200000, 0x000000070c200000| Untracked 
|  68|0x000000070c400000, 0x000000070c400000, 0x000000070c600000|  0%| F|  |TAMS 0x000000070c400000, 0x000000070c400000| Untracked 
|  69|0x000000070c600000, 0x000000070c600000, 0x000000070c800000|  0%| F|  |TAMS 0x000000070c600000, 0x000000070c600000| Untracked 
|  70|0x000000070c800000, 0x000000070c800000, 0x000000070ca00000|  0%| F|  |TAMS 0x000000070c800000, 0x000000070c800000| Untracked 
|  71|0x000000070ca00000, 0x000000070ca00000, 0x000000070cc00000|  0%| F|  |TAMS 0x000000070ca00000, 0x000000070ca00000| Untracked 
|  72|0x000000070cc00000, 0x000000070cc00000, 0x000000070ce00000|  0%| F|  |TAMS 0x000000070cc00000, 0x000000070cc00000| Untracked 
|  73|0x000000070ce00000, 0x000000070ce00000, 0x000000070d000000|  0%| F|  |TAMS 0x000000070ce00000, 0x000000070ce00000| Untracked 
|  74|0x000000070d000000, 0x000000070d000000, 0x000000070d200000|  0%| F|  |TAMS 0x000000070d000000, 0x000000070d000000| Untracked 
|  75|0x000000070d200000, 0x000000070d200000, 0x000000070d400000|  0%| F|  |TAMS 0x000000070d200000, 0x000000070d200000| Untracked 
|  76|0x000000070d400000, 0x000000070d400000, 0x000000070d600000|  0%| F|  |TAMS 0x000000070d400000, 0x000000070d400000| Untracked 
|  77|0x000000070d600000, 0x000000070d600000, 0x000000070d800000|  0%| F|  |TAMS 0x000000070d600000, 0x000000070d600000| Untracked 
|  78|0x000000070d800000, 0x000000070d800000, 0x000000070da00000|  0%| F|  |TAMS 0x000000070d800000, 0x000000070d800000| Untracked 
|  79|0x000000070da00000, 0x000000070da00000, 0x000000070dc00000|  0%| F|  |TAMS 0x000000070da00000, 0x000000070da00000| Untracked 
|  80|0x000000070dc00000, 0x000000070dc00000, 0x000000070de00000|  0%| F|  |TAMS 0x000000070dc00000, 0x000000070dc00000| Untracked 
|  81|0x000000070de00000, 0x000000070de00000, 0x000000070e000000|  0%| F|  |TAMS 0x000000070de00000, 0x000000070de00000| Untracked 
|  82|0x000000070e000000, 0x000000070e000000, 0x000000070e200000|  0%| F|  |TAMS 0x000000070e000000, 0x000000070e000000| Untracked 
|  83|0x000000070e200000, 0x000000070e200000, 0x000000070e400000|  0%| F|  |TAMS 0x000000070e200000, 0x000000070e200000| Untracked 
|  84|0x000000070e400000, 0x000000070e400000, 0x000000070e600000|  0%| F|  |TAMS 0x000000070e400000, 0x000000070e400000| Untracked 
|  85|0x000000070e600000, 0x000000070e600000, 0x000000070e800000|  0%| F|  |TAMS 0x000000070e600000, 0x000000070e600000| Untracked 
|  86|0x000000070e800000, 0x000000070e800000, 0x000000070ea00000|  0%| F|  |TAMS 0x000000070e800000, 0x000000070e800000| Untracked 
|  87|0x000000070ea00000, 0x000000070ea00000, 0x000000070ec00000|  0%| F|  |TAMS 0x000000070ea00000, 0x000000070ea00000| Untracked 
|  88|0x000000070ec00000, 0x000000070ec00000, 0x000000070ee00000|  0%| F|  |TAMS 0x000000070ec00000, 0x000000070ec00000| Untracked 
|  89|0x000000070ee00000, 0x000000070ee00000, 0x000000070f000000|  0%| F|  |TAMS 0x000000070ee00000, 0x000000070ee00000| Untracked 
|  90|0x000000070f000000, 0x000000070f000000, 0x000000070f200000|  0%| F|  |TAMS 0x000000070f000000, 0x000000070f000000| Untracked 
|  91|0x000000070f200000, 0x000000070f200000, 0x000000070f400000|  0%| F|  |TAMS 0x000000070f200000, 0x000000070f200000| Untracked 
|  92|0x000000070f400000, 0x000000070f400000, 0x000000070f600000|  0%| F|  |TAMS 0x000000070f400000, 0x000000070f400000| Untracked 
|  93|0x000000070f600000, 0x000000070f600000, 0x000000070f800000|  0%| F|  |TAMS 0x000000070f600000, 0x000000070f600000| Untracked 
|  94|0x000000070f800000, 0x000000070f800000, 0x000000070fa00000|  0%| F|  |TAMS 0x000000070f800000, 0x000000070f800000| Untracked 
|  95|0x000000070fa00000, 0x000000070fa00000, 0x000000070fc00000|  0%| F|  |TAMS 0x000000070fa00000, 0x000000070fa00000| Untracked 
|  96|0x000000070fc00000, 0x000000070fc00000, 0x000000070fe00000|  0%| F|  |TAMS 0x000000070fc00000, 0x000000070fc00000| Untracked 
|  97|0x000000070fe00000, 0x000000070fe00000, 0x0000000710000000|  0%| F|  |TAMS 0x000000070fe00000, 0x000000070fe00000| Untracked 
|  98|0x0000000710000000, 0x0000000710000000, 0x0000000710200000|  0%| F|  |TAMS 0x0000000710000000, 0x0000000710000000| Untracked 
|  99|0x0000000710200000, 0x0000000710200000, 0x0000000710400000|  0%| F|  |TAMS 0x0000000710200000, 0x0000000710200000| Untracked 
| 100|0x0000000710400000, 0x0000000710400000, 0x0000000710600000|  0%| F|  |TAMS 0x0000000710400000, 0x0000000710400000| Untracked 
| 101|0x0000000710600000, 0x0000000710600000, 0x0000000710800000|  0%| F|  |TAMS 0x0000000710600000, 0x0000000710600000| Untracked 
| 102|0x0000000710800000, 0x0000000710800000, 0x0000000710a00000|  0%| F|  |TAMS 0x0000000710800000, 0x0000000710800000| Untracked 
| 103|0x0000000710a00000, 0x0000000710a00000, 0x0000000710c00000|  0%| F|  |TAMS 0x0000000710a00000, 0x0000000710a00000| Untracked 
| 104|0x0000000710c00000, 0x0000000710c00000, 0x0000000710e00000|  0%| F|  |TAMS 0x0000000710c00000, 0x0000000710c00000| Untracked 
| 105|0x0000000710e00000, 0x0000000710e00000, 0x0000000711000000|  0%| F|  |TAMS 0x0000000710e00000, 0x0000000710e00000| Untracked 
| 106|0x0000000711000000, 0x0000000711000000, 0x0000000711200000|  0%| F|  |TAMS 0x0000000711000000, 0x0000000711000000| Untracked 
| 107|0x0000000711200000, 0x0000000711200000, 0x0000000711400000|  0%| F|  |TAMS 0x0000000711200000, 0x0000000711200000| Untracked 
| 108|0x0000000711400000, 0x0000000711400000, 0x0000000711600000|  0%| F|  |TAMS 0x0000000711400000, 0x0000000711400000| Untracked 
| 109|0x0000000711600000, 0x0000000711600000, 0x0000000711800000|  0%| F|  |TAMS 0x0000000711600000, 0x0000000711600000| Untracked 
| 110|0x0000000711800000, 0x0000000711800000, 0x0000000711a00000|  0%| F|  |TAMS 0x0000000711800000, 0x0000000711800000| Untracked 
| 111|0x0000000711a00000, 0x0000000711a00000, 0x0000000711c00000|  0%| F|  |TAMS 0x0000000711a00000, 0x0000000711a00000| Untracked 
| 112|0x0000000711c00000, 0x0000000711c00000, 0x0000000711e00000|  0%| F|  |TAMS 0x0000000711c00000, 0x0000000711c00000| Untracked 
| 113|0x0000000711e00000, 0x0000000711e00000, 0x0000000712000000|  0%| F|  |TAMS 0x0000000711e00000, 0x0000000711e00000| Untracked 
| 114|0x0000000712000000, 0x0000000712000000, 0x0000000712200000|  0%| F|  |TAMS 0x0000000712000000, 0x0000000712000000| Untracked 
| 115|0x0000000712200000, 0x0000000712200000, 0x0000000712400000|  0%| F|  |TAMS 0x0000000712200000, 0x0000000712200000| Untracked 
| 116|0x0000000712400000, 0x0000000712400000, 0x0000000712600000|  0%| F|  |TAMS 0x0000000712400000, 0x0000000712400000| Untracked 
| 117|0x0000000712600000, 0x0000000712600000, 0x0000000712800000|  0%| F|  |TAMS 0x0000000712600000, 0x0000000712600000| Untracked 
| 118|0x0000000712800000, 0x0000000712800000, 0x0000000712a00000|  0%| F|  |TAMS 0x0000000712800000, 0x0000000712800000| Untracked 
| 119|0x0000000712a00000, 0x0000000712a00000, 0x0000000712c00000|  0%| F|  |TAMS 0x0000000712a00000, 0x0000000712a00000| Untracked 
| 120|0x0000000712c00000, 0x0000000712c00000, 0x0000000712e00000|  0%| F|  |TAMS 0x0000000712c00000, 0x0000000712c00000| Untracked 
| 121|0x0000000712e00000, 0x0000000712e00000, 0x0000000713000000|  0%| F|  |TAMS 0x0000000712e00000, 0x0000000712e00000| Untracked 
| 122|0x0000000713000000, 0x0000000713000000, 0x0000000713200000|  0%| F|  |TAMS 0x0000000713000000, 0x0000000713000000| Untracked 
| 123|0x0000000713200000, 0x0000000713200000, 0x0000000713400000|  0%| F|  |TAMS 0x0000000713200000, 0x0000000713200000| Untracked 
| 124|0x0000000713400000, 0x0000000713400000, 0x0000000713600000|  0%| F|  |TAMS 0x0000000713400000, 0x0000000713400000| Untracked 
| 125|0x0000000713600000, 0x0000000713600000, 0x0000000713800000|  0%| F|  |TAMS 0x0000000713600000, 0x0000000713600000| Untracked 
| 126|0x0000000713800000, 0x0000000713800000, 0x0000000713a00000|  0%| F|  |TAMS 0x0000000713800000, 0x0000000713800000| Untracked 
| 127|0x0000000713a00000, 0x0000000713a00000, 0x0000000713c00000|  0%| F|  |TAMS 0x0000000713a00000, 0x0000000713a00000| Untracked 
| 128|0x0000000713c00000, 0x0000000713c00000, 0x0000000713e00000|  0%| F|  |TAMS 0x0000000713c00000, 0x0000000713c00000| Untracked 
| 129|0x0000000713e00000, 0x0000000713e00000, 0x0000000714000000|  0%| F|  |TAMS 0x0000000713e00000, 0x0000000713e00000| Untracked 
| 130|0x0000000714000000, 0x0000000714000000, 0x0000000714200000|  0%| F|  |TAMS 0x0000000714000000, 0x0000000714000000| Untracked 
| 131|0x0000000714200000, 0x0000000714200000, 0x0000000714400000|  0%| F|  |TAMS 0x0000000714200000, 0x0000000714200000| Untracked 
| 132|0x0000000714400000, 0x0000000714400000, 0x0000000714600000|  0%| F|  |TAMS 0x0000000714400000, 0x0000000714400000| Untracked 
| 133|0x0000000714600000, 0x0000000714600000, 0x0000000714800000|  0%| F|  |TAMS 0x0000000714600000, 0x0000000714600000| Untracked 
| 134|0x0000000714800000, 0x0000000714800000, 0x0000000714a00000|  0%| F|  |TAMS 0x0000000714800000, 0x0000000714800000| Untracked 
| 135|0x0000000714a00000, 0x0000000714a00000, 0x0000000714c00000|  0%| F|  |TAMS 0x0000000714a00000, 0x0000000714a00000| Untracked 
| 136|0x0000000714c00000, 0x0000000714c00000, 0x0000000714e00000|  0%| F|  |TAMS 0x0000000714c00000, 0x0000000714c00000| Untracked 
| 137|0x0000000714e00000, 0x0000000714e00000, 0x0000000715000000|  0%| F|  |TAMS 0x0000000714e00000, 0x0000000714e00000| Untracked 
| 138|0x0000000715000000, 0x0000000715000000, 0x0000000715200000|  0%| F|  |TAMS 0x0000000715000000, 0x0000000715000000| Untracked 
| 139|0x0000000715200000, 0x0000000715200000, 0x0000000715400000|  0%| F|  |TAMS 0x0000000715200000, 0x0000000715200000| Untracked 
| 140|0x0000000715400000, 0x0000000715400000, 0x0000000715600000|  0%| F|  |TAMS 0x0000000715400000, 0x0000000715400000| Untracked 
| 141|0x0000000715600000, 0x0000000715600000, 0x0000000715800000|  0%| F|  |TAMS 0x0000000715600000, 0x0000000715600000| Untracked 
| 142|0x0000000715800000, 0x0000000715800000, 0x0000000715a00000|  0%| F|  |TAMS 0x0000000715800000, 0x0000000715800000| Untracked 
| 143|0x0000000715a00000, 0x0000000715a00000, 0x0000000715c00000|  0%| F|  |TAMS 0x0000000715a00000, 0x0000000715a00000| Untracked 
| 144|0x0000000715c00000, 0x0000000715c00000, 0x0000000715e00000|  0%| F|  |TAMS 0x0000000715c00000, 0x0000000715c00000| Untracked 
| 145|0x0000000715e00000, 0x0000000715e00000, 0x0000000716000000|  0%| F|  |TAMS 0x0000000715e00000, 0x0000000715e00000| Untracked 
| 146|0x0000000716000000, 0x0000000716000000, 0x0000000716200000|  0%| F|  |TAMS 0x0000000716000000, 0x0000000716000000| Untracked 
| 147|0x0000000716200000, 0x0000000716200000, 0x0000000716400000|  0%| F|  |TAMS 0x0000000716200000, 0x0000000716200000| Untracked 
| 148|0x0000000716400000, 0x0000000716400000, 0x0000000716600000|  0%| F|  |TAMS 0x0000000716400000, 0x0000000716400000| Untracked 
| 149|0x0000000716600000, 0x0000000716600000, 0x0000000716800000|  0%| F|  |TAMS 0x0000000716600000, 0x0000000716600000| Untracked 
| 150|0x0000000716800000, 0x0000000716800000, 0x0000000716a00000|  0%| F|  |TAMS 0x0000000716800000, 0x0000000716800000| Untracked 
| 151|0x0000000716a00000, 0x0000000716a00000, 0x0000000716c00000|  0%| F|  |TAMS 0x0000000716a00000, 0x0000000716a00000| Untracked 
| 152|0x0000000716c00000, 0x0000000716c00000, 0x0000000716e00000|  0%| F|  |TAMS 0x0000000716c00000, 0x0000000716c00000| Untracked 

Card table byte_map: [0x0000021876550000,0x0000021876d40000] _byte_map_base: 0x0000021872d32000

Marking Bits (Prev, Next): (CMBitMap*) 0x000002186de711e0, (CMBitMap*) 0x000002186de71220
 Prev Bits: [0x0000021877530000, 0x000002187b440000)
 Next Bits: [0x000002187b440000, 0x000002187f350000)

Polling page: 0x000002186bf90000

Metaspace:

Usage:
  Non-class:     11.53 MB used.
      Class:      1.65 MB used.
       Both:     13.18 MB used.

Virtual space:
  Non-class space:       64.00 MB reserved,      11.69 MB ( 18%) committed,  1 nodes.
      Class space:        1.00 GB reserved,       1.75 MB ( <1%) committed,  1 nodes.
             Both:        1.06 GB reserved,      13.44 MB (  1%) committed. 

Chunk freelists:
   Non-Class:  3.72 MB
       Class:  2.27 MB
        Both:  5.98 MB

MaxMetaspaceSize: unlimited
CompressedClassSpaceSize: 1.00 GB
Initial GC threshold: 21.00 MB
Current GC threshold: 21.00 MB
CDS: on
MetaspaceReclaimPolicy: balanced
 - commit_granule_bytes: 65536.
 - commit_granule_words: 8192.
 - virtual_space_node_default_size: 8388608.
 - enlarge_chunks_in_place: 1.
 - new_chunks_are_fully_committed: 0.
 - uncommit_free_chunks: 1.
 - use_allocation_guard: 0.


Internal statistics:

num_allocs_failed_limit: 0.
num_arena_births: 220.
num_arena_deaths: 0.
num_vsnodes_births: 2.
num_vsnodes_deaths: 0.
num_space_committed: 215.
num_space_uncommitted: 0.
num_chunks_returned_to_freelist: 0.
num_chunks_taken_from_freelist: 425.
num_chunk_merges: 0.
num_chunk_splits: 291.
num_chunks_enlarged: 215.
num_inconsistent_stats: 0.

CodeHeap 'non-profiled nmethods': size=120000Kb used=539Kb max_used=539Kb free=119461Kb
 bounds [0x0000021807ad0000, 0x0000021807d40000, 0x000002180f000000]
CodeHeap 'profiled nmethods': size=120000Kb used=3209Kb max_used=3209Kb free=116790Kb
 bounds [0x0000021800000000, 0x0000021800330000, 0x0000021807530000]
CodeHeap 'non-nmethods': size=5760Kb used=1430Kb max_used=1463Kb free=4329Kb
 bounds [0x0000021807530000, 0x00000218077a0000, 0x0000021807ad0000]
 total_blobs=2442 nmethods=1749 adapters=604
 compilation: enabled
              stopped_count=0, restarted_count=0
 full_count=0

Compilation events (20 events):
Event: 3.002 Thread 0x000002187f848dc0 1739       3       java.util.RegularEnumSet::add (9 bytes)
Event: 3.002 Thread 0x000002187f848dc0 nmethod 1739 0x000002180031d710 code [0x000002180031d8c0, 0x000002180031db08]
Event: 3.002 Thread 0x000002187f848dc0 1740       3       java.util.RegularEnumSet::add (40 bytes)
Event: 3.003 Thread 0x000002187f848dc0 nmethod 1740 0x000002180031dc10 code [0x000002180031ddc0, 0x000002180031dfa8]
Event: 3.003 Thread 0x000002187f848dc0 1741       3       java.util.EnumSet::typeCheck (59 bytes)
Event: 3.003 Thread 0x000002187f848dc0 nmethod 1741 0x000002180031e090 code [0x000002180031e320, 0x000002180031ed88]
Event: 3.010 Thread 0x000002187f848dc0 1742       3       com.sun.javafx.tk.Toolkit$$Lambda$241/0x00000008011b0690::run (8 bytes)
Event: 3.011 Thread 0x000002187f848dc0 nmethod 1742 0x000002180031f190 code [0x000002180031f340, 0x000002180031f548]
Event: 3.011 Thread 0x000002187f848dc0 1744   !   3       javafx.scene.media.MediaPlayer$RendererListener::pulse (170 bytes)
Event: 3.012 Thread 0x000002187f848dc0 nmethod 1744 0x000002180031f690 code [0x000002180031f920, 0x0000021800320868]
Event: 3.012 Thread 0x000002187f848dc0 1743       3       com.sun.javafx.tk.Toolkit::lambda$runPulse$2 (8 bytes)
Event: 3.012 Thread 0x000002187f848dc0 nmethod 1743 0x0000021800320f90 code [0x0000021800321140, 0x00000218003212a8]
Event: 3.115 Thread 0x000002187f848dc0 1745       3       java.util.Collections$UnmodifiableCollection$1::next (10 bytes)
Event: 3.115 Thread 0x000002187f848dc0 nmethod 1745 0x0000021800321390 code [0x0000021800321540, 0x0000021800321728]
Event: 3.225 Thread 0x000002187f848dc0 1746       3       java.lang.invoke.StringConcatFactory::classIndex (72 bytes)
Event: 3.227 Thread 0x000002187f848dc0 nmethod 1746 0x0000021800321810 code [0x0000021800321a80, 0x0000021800322358]
Event: 3.230 Thread 0x000002187f846090 1747       4       java.lang.Class::getName (18 bytes)
Event: 3.233 Thread 0x000002187f846090 nmethod 1747 0x0000021807b56190 code [0x0000021807b56320, 0x0000021807b563c8]
Event: 3.251 Thread 0x000002187f846090 1749       4       java.nio.Buffer::position (52 bytes)
Event: 3.258 Thread 0x000002187f846090 nmethod 1749 0x0000021807b56890 code [0x0000021807b56a20, 0x0000021807b56af8]

GC Heap History (20 events):
Event: 1.065 GC heap after
{Heap after GC invocations=4 (full 0):
 garbage-first heap   total 260096K, used 5774K [0x0000000703c00000, 0x0000000800000000)
  region size 2048K, 2 young (4096K), 2 survivors (4096K)
 Metaspace       used 12420K, committed 12672K, reserved 1114112K
  class space    used 1483K, committed 1600K, reserved 1048576K
}
Event: 1.317 GC heap before
{Heap before GC invocations=4 (full 0):
 garbage-first heap   total 260096K, used 157326K [0x0000000703c00000, 0x0000000800000000)
  region size 2048K, 76 young (155648K), 2 survivors (4096K)
 Metaspace       used 12834K, committed 13120K, reserved 1114112K
  class space    used 1556K, committed 1664K, reserved 1048576K
}
Event: 1.320 GC heap after
{Heap after GC invocations=5 (full 0):
 garbage-first heap   total 260096K, used 5852K [0x0000000703c00000, 0x0000000800000000)
  region size 2048K, 2 young (4096K), 2 survivors (4096K)
 Metaspace       used 12834K, committed 13120K, reserved 1114112K
  class space    used 1556K, committed 1664K, reserved 1048576K
}
Event: 1.593 GC heap before
{Heap before GC invocations=5 (full 0):
 garbage-first heap   total 260096K, used 157404K [0x0000000703c00000, 0x0000000800000000)
  region size 2048K, 76 young (155648K), 2 survivors (4096K)
 Metaspace       used 13391K, committed 13632K, reserved 1114112K
  class space    used 1670K, committed 1792K, reserved 1048576K
}
Event: 1.595 GC heap after
{Heap after GC invocations=6 (full 0):
 garbage-first heap   total 260096K, used 5949K [0x0000000703c00000, 0x0000000800000000)
  region size 2048K, 2 young (4096K), 2 survivors (4096K)
 Metaspace       used 13391K, committed 13632K, reserved 1114112K
  class space    used 1670K, committed 1792K, reserved 1048576K
}
Event: 1.794 GC heap before
{Heap before GC invocations=6 (full 0):
 garbage-first heap   total 260096K, used 157501K [0x0000000703c00000, 0x0000000800000000)
  region size 2048K, 76 young (155648K), 2 survivors (4096K)
 Metaspace       used 13393K, committed 13632K, reserved 1114112K
  class space    used 1670K, committed 1792K, reserved 1048576K
}
Event: 1.797 GC heap after
{Heap after GC invocations=7 (full 0):
 garbage-first heap   total 260096K, used 6059K [0x0000000703c00000, 0x0000000800000000)
  region size 2048K, 2 young (4096K), 2 survivors (4096K)
 Metaspace       used 13393K, committed 13632K, reserved 1114112K
  class space    used 1670K, committed 1792K, reserved 1048576K
}
Event: 1.845 GC heap before
{Heap before GC invocations=7 (full 0):
 garbage-first heap   total 260096K, used 157611K [0x0000000703c00000, 0x0000000800000000)
  region size 2048K, 76 young (155648K), 2 survivors (4096K)
 Metaspace       used 13394K, committed 13696K, reserved 1114112K
  class space    used 1670K, committed 1792K, reserved 1048576K
}
Event: 1.848 GC heap after
{Heap after GC invocations=8 (full 0):
 garbage-first heap   total 313344K, used 5973K [0x0000000703c00000, 0x0000000800000000)
  region size 2048K, 2 young (4096K), 2 survivors (4096K)
 Metaspace       used 13394K, committed 13696K, reserved 1114112K
  class space    used 1670K, committed 1792K, reserved 1048576K
}
Event: 1.983 GC heap before
{Heap before GC invocations=8 (full 0):
 garbage-first heap   total 313344K, used 188245K [0x0000000703c00000, 0x0000000800000000)
  region size 2048K, 91 young (186368K), 2 survivors (4096K)
 Metaspace       used 13394K, committed 13696K, reserved 1114112K
  class space    used 1670K, committed 1792K, reserved 1048576K
}
Event: 1.986 GC heap after
{Heap after GC invocations=9 (full 0):
 garbage-first heap   total 313344K, used 5973K [0x0000000703c00000, 0x0000000800000000)
  region size 2048K, 2 young (4096K), 2 survivors (4096K)
 Metaspace       used 13394K, committed 13696K, reserved 1114112K
  class space    used 1670K, committed 1792K, reserved 1048576K
}
Event: 2.192 GC heap before
{Heap before GC invocations=9 (full 0):
 garbage-first heap   total 313344K, used 188245K [0x0000000703c00000, 0x0000000800000000)
  region size 2048K, 91 young (186368K), 2 survivors (4096K)
 Metaspace       used 13395K, committed 13696K, reserved 1114112K
  class space    used 1670K, committed 1792K, reserved 1048576K
}
Event: 2.196 GC heap after
{Heap after GC invocations=10 (full 0):
 garbage-first heap   total 313344K, used 5894K [0x0000000703c00000, 0x0000000800000000)
  region size 2048K, 2 young (4096K), 2 survivors (4096K)
 Metaspace       used 13395K, committed 13696K, reserved 1114112K
  class space    used 1670K, committed 1792K, reserved 1048576K
}
Event: 2.645 GC heap before
{Heap before GC invocations=10 (full 0):
 garbage-first heap   total 313344K, used 188166K [0x0000000703c00000, 0x0000000800000000)
  region size 2048K, 91 young (186368K), 2 survivors (4096K)
 Metaspace       used 13435K, committed 13696K, reserved 1114112K
  class space    used 1679K, committed 1792K, reserved 1048576K
}
Event: 2.647 GC heap after
{Heap after GC invocations=11 (full 0):
 garbage-first heap   total 313344K, used 5977K [0x0000000703c00000, 0x0000000800000000)
  region size 2048K, 2 young (4096K), 2 survivors (4096K)
 Metaspace       used 13435K, committed 13696K, reserved 1114112K
  class space    used 1679K, committed 1792K, reserved 1048576K
}
Event: 3.163 GC heap before
{Heap before GC invocations=11 (full 0):
 garbage-first heap   total 313344K, used 188249K [0x0000000703c00000, 0x0000000800000000)
  region size 2048K, 91 young (186368K), 2 survivors (4096K)
 Metaspace       used 13451K, committed 13696K, reserved 1114112K
  class space    used 1679K, committed 1792K, reserved 1048576K
}
Event: 3.165 GC heap after
{Heap after GC invocations=12 (full 0):
 garbage-first heap   total 313344K, used 6066K [0x0000000703c00000, 0x0000000800000000)
  region size 2048K, 2 young (4096K), 2 survivors (4096K)
 Metaspace       used 13451K, committed 13696K, reserved 1114112K
  class space    used 1679K, committed 1792K, reserved 1048576K
}
Event: 3.212 GC heap before
{Heap before GC invocations=12 (full 0):
 garbage-first heap   total 313344K, used 188338K [0x0000000703c00000, 0x0000000800000000)
  region size 2048K, 91 young (186368K), 2 survivors (4096K)
 Metaspace       used 13451K, committed 13696K, reserved 1114112K
  class space    used 1679K, committed 1792K, reserved 1048576K
}
Event: 3.214 GC heap after
{Heap after GC invocations=13 (full 0):
 garbage-first heap   total 313344K, used 6069K [0x0000000703c00000, 0x0000000800000000)
  region size 2048K, 2 young (4096K), 2 survivors (4096K)
 Metaspace       used 13451K, committed 13696K, reserved 1114112K
  class space    used 1679K, committed 1792K, reserved 1048576K
}
Event: 3.262 GC heap before
{Heap before GC invocations=13 (full 0):
 garbage-first heap   total 313344K, used 188341K [0x0000000703c00000, 0x0000000800000000)
  region size 2048K, 91 young (186368K), 2 survivors (4096K)
 Metaspace       used 13495K, committed 13760K, reserved 1114112K
  class space    used 1686K, committed 1792K, reserved 1048576K
}

Dll operation events (20 events):
Event: 0.435 Loaded shared library C:\Users\Fredy Salvador\Music\javafx-sdk-20.0.1\bin\api-ms-win-crt-math-l1-1-0.dll
Event: 0.436 Loaded shared library C:\Users\Fredy Salvador\Music\javafx-sdk-20.0.1\bin\api-ms-win-crt-multibyte-l1-1-0.dll
Event: 0.437 Loaded shared library C:\Users\Fredy Salvador\Music\javafx-sdk-20.0.1\bin\api-ms-win-crt-private-l1-1-0.dll
Event: 0.439 Loaded shared library C:\Users\Fredy Salvador\Music\javafx-sdk-20.0.1\bin\api-ms-win-crt-process-l1-1-0.dll
Event: 0.440 Loaded shared library C:\Users\Fredy Salvador\Music\javafx-sdk-20.0.1\bin\api-ms-win-crt-runtime-l1-1-0.dll
Event: 0.441 Loaded shared library C:\Users\Fredy Salvador\Music\javafx-sdk-20.0.1\bin\api-ms-win-crt-stdio-l1-1-0.dll
Event: 0.442 Loaded shared library C:\Users\Fredy Salvador\Music\javafx-sdk-20.0.1\bin\api-ms-win-crt-string-l1-1-0.dll
Event: 0.444 Loaded shared library C:\Users\Fredy Salvador\Music\javafx-sdk-20.0.1\bin\api-ms-win-crt-time-l1-1-0.dll
Event: 0.445 Loaded shared library C:\Users\Fredy Salvador\Music\javafx-sdk-20.0.1\bin\api-ms-win-crt-utility-l1-1-0.dll
Event: 0.446 Loaded shared library C:\Users\Fredy Salvador\Music\javafx-sdk-20.0.1\bin\ucrtbase.dll
Event: 0.448 Loaded shared library C:\Users\Fredy Salvador\Music\javafx-sdk-20.0.1\bin\vcruntime140.dll
Event: 0.449 Loaded shared library C:\Users\Fredy Salvador\Music\javafx-sdk-20.0.1\bin\vcruntime140_1.dll
Event: 0.451 Loaded shared library C:\Users\Fredy Salvador\Music\javafx-sdk-20.0.1\bin\msvcp140.dll
Event: 0.452 Loaded shared library C:\Users\Fredy Salvador\Music\javafx-sdk-20.0.1\bin\msvcp140_1.dll
Event: 0.453 Loaded shared library C:\Users\Fredy Salvador\Music\javafx-sdk-20.0.1\bin\msvcp140_2.dll
Event: 0.481 Loaded shared library C:\Users\Fredy Salvador\Music\javafx-sdk-20.0.1\bin\prism_d3d.dll
Event: 0.519 Loaded shared library C:\Users\Fredy Salvador\Music\javafx-sdk-20.0.1\bin\glass.dll
Event: 0.770 Loaded shared library C:\Users\Fredy Salvador\Music\javafx-sdk-20.0.1\bin\glib-lite.dll
Event: 0.773 Loaded shared library C:\Users\Fredy Salvador\Music\javafx-sdk-20.0.1\bin\gstreamer-lite.dll
Event: 0.775 Loaded shared library C:\Users\Fredy Salvador\Music\javafx-sdk-20.0.1\bin\jfxmedia.dll

Deoptimization events (20 events):
Event: 0.806 Thread 0x000002181555e370 DEOPT PACKING pc=0x0000021807b36db0 sp=0x000000b4a37fe340
Event: 0.806 Thread 0x000002181555e370 DEOPT UNPACKING pc=0x0000021807596da3 sp=0x000000b4a37fe268 mode 2
Event: 0.806 Thread 0x000002181555e370 Uncommon trap: trap_request=0xffffff45 fr.pc=0x0000021807b3737c relative=0x000000000000005c
Event: 0.806 Thread 0x000002181555e370 Uncommon trap: reason=unstable_if action=reinterpret pc=0x0000021807b3737c method=java.lang.AbstractStringBuilder.isLatin1()Z @ 10 c2
Event: 0.806 Thread 0x000002181555e370 DEOPT PACKING pc=0x0000021807b3737c sp=0x000000b4a37fe210
Event: 0.806 Thread 0x000002181555e370 DEOPT UNPACKING pc=0x0000021807596da3 sp=0x000000b4a37fe1a0 mode 2
Event: 0.822 Thread 0x000002181555e370 Uncommon trap: trap_request=0xffffff45 fr.pc=0x0000021807aff1fc relative=0x0000000000000a5c
Event: 0.822 Thread 0x000002181555e370 Uncommon trap: reason=unstable_if action=reinterpret pc=0x0000021807aff1fc method=java.util.HashMap.putVal(ILjava/lang/Object;Ljava/lang/Object;ZZ)Ljava/lang/Object; @ 109 c2
Event: 0.822 Thread 0x000002181555e370 DEOPT PACKING pc=0x0000021807aff1fc sp=0x000000b4a37fdca0
Event: 0.822 Thread 0x000002181555e370 DEOPT UNPACKING pc=0x0000021807596da3 sp=0x000000b4a37fdbe0 mode 2
Event: 0.849 Thread 0x0000021815b195c0 DEOPT PACKING pc=0x00000218002acf65 sp=0x000000b4a3ffd2f0
Event: 0.849 Thread 0x0000021815b195c0 DEOPT UNPACKING pc=0x0000021807597543 sp=0x000000b4a3ffc740 mode 0
Event: 1.331 Thread 0x000002181a7f84c0 Uncommon trap: trap_request=0xffffffde fr.pc=0x0000021807b35240 relative=0x0000000000000d80
Event: 1.332 Thread 0x000002181a7f84c0 Uncommon trap: reason=class_check action=maybe_recompile pc=0x0000021807b35240 method=java.util.concurrent.ConcurrentHashMap.putVal(Ljava/lang/Object;Ljava/lang/Object;Z)Ljava/lang/Object; @ 159 c2
Event: 1.332 Thread 0x000002181a7f84c0 DEOPT PACKING pc=0x0000021807b35240 sp=0x000000b4a71fe050
Event: 1.333 Thread 0x000002181a7f84c0 DEOPT UNPACKING pc=0x0000021807596da3 sp=0x000000b4a71fdfd0 mode 2
Event: 1.382 Thread 0x000002181555e370 Uncommon trap: trap_request=0xffffff45 fr.pc=0x0000021807b07374 relative=0x00000000000000d4
Event: 1.382 Thread 0x000002181555e370 Uncommon trap: reason=unstable_if action=reinterpret pc=0x0000021807b07374 method=java.util.concurrent.locks.ReentrantLock$Sync.tryRelease(I)Z @ 26 c2
Event: 1.382 Thread 0x000002181555e370 DEOPT PACKING pc=0x0000021807b07374 sp=0x000000b4a37fec30
Event: 1.382 Thread 0x000002181555e370 DEOPT UNPACKING pc=0x0000021807596da3 sp=0x000000b4a37febd0 mode 2

Classes loaded (20 events):
Event: 1.382 Loading class java/lang/Throwable$WrappedPrintStream
Event: 1.382 Loading class java/lang/Throwable$PrintStreamOrWriter
Event: 1.382 Loading class java/lang/Throwable$PrintStreamOrWriter done
Event: 1.382 Loading class java/lang/Throwable$WrappedPrintStream done
Event: 1.383 Loading class java/lang/StackTraceElement$HashedModules
Event: 1.384 Loading class java/lang/StackTraceElement$HashedModules done
Event: 1.384 Loading class java/awt/event/PaintEvent
Event: 1.384 Loading class java/awt/event/PaintEvent done
Event: 1.384 Loading class java/awt/EventQueue$5
Event: 1.385 Loading class java/awt/EventQueue$5 done
Event: 1.385 Loading class javax/swing/RepaintManager$2$1
Event: 1.385 Loading class javax/swing/RepaintManager$2$1 done
Event: 1.385 Loading class sun/awt/dnd/SunDropTargetEvent
Event: 1.386 Loading class sun/awt/dnd/SunDropTargetEvent done
Event: 2.366 Loading class java/lang/NoSuchFieldError
Event: 2.367 Loading class java/lang/NoSuchFieldError done
Event: 3.229 Loading class java/lang/CloneNotSupportedException
Event: 3.229 Loading class java/lang/CloneNotSupportedException done
Event: 3.232 Loading class java/util/WeakHashMap$KeyIterator
Event: 3.232 Loading class java/util/WeakHashMap$KeyIterator done

Classes unloaded (0 events):
No events

Classes redefined (0 events):
No events

Internal exceptions (20 events):
Event: 1.038 Thread 0x000002181555e370 Exception <a 'java/lang/NullPointerException'{0x000000070d207938}> (0x000000070d207938) 
thrown [s\open\src\hotspot\share\interpreter\linkResolver.cpp, line 1458]
Event: 1.043 Thread 0x000002181555e370 Exception <a 'java/lang/NullPointerException'{0x000000070d20ffc0}> (0x000000070d20ffc0) 
thrown [s\open\src\hotspot\share\interpreter\linkResolver.cpp, line 1458]
Event: 1.047 Thread 0x000002181555e370 Exception <a 'java/lang/NullPointerException'{0x000000070d2186e0}> (0x000000070d2186e0) 
thrown [s\open\src\hotspot\share\interpreter\linkResolver.cpp, line 1458]
Event: 1.067 Thread 0x000002181555e370 Exception <a 'java/lang/NullPointerException'{0x0000000713842af8}> (0x0000000713842af8) 
thrown [s\open\src\hotspot\share\interpreter\linkResolver.cpp, line 1458]
Event: 1.070 Thread 0x000002181555e370 Exception <a 'java/lang/NullPointerException'{0x000000071384b180}> (0x000000071384b180) 
thrown [s\open\src\hotspot\share\interpreter\linkResolver.cpp, line 1458]
Event: 1.075 Thread 0x000002181555e370 Exception <a 'java/lang/NullPointerException'{0x0000000713853818}> (0x0000000713853818) 
thrown [s\open\src\hotspot\share\interpreter\linkResolver.cpp, line 1458]
Event: 1.081 Thread 0x000002181555e370 Exception <a 'java/lang/NullPointerException'{0x000000071385bfd8}> (0x000000071385bfd8) 
thrown [s\open\src\hotspot\share\interpreter\linkResolver.cpp, line 1458]
Event: 1.085 Thread 0x000002181555e370 Exception <a 'java/lang/NullPointerException'{0x0000000713864680}> (0x0000000713864680) 
thrown [s\open\src\hotspot\share\interpreter\linkResolver.cpp, line 1458]
Event: 1.090 Thread 0x000002181555e370 Exception <a 'java/lang/NullPointerException'{0x000000071386cd18}> (0x000000071386cd18) 
thrown [s\open\src\hotspot\share\interpreter\linkResolver.cpp, line 1458]
Event: 1.093 Thread 0x000002181555e370 Exception <a 'java/lang/NullPointerException'{0x00000007138753b0}> (0x00000007138753b0) 
thrown [s\open\src\hotspot\share\interpreter\linkResolver.cpp, line 1458]
Event: 1.103 Thread 0x000002181555e370 Exception <a 'java/lang/NullPointerException'{0x000000071387d958}> (0x000000071387d958) 
thrown [s\open\src\hotspot\share\interpreter\linkResolver.cpp, line 1458]
Event: 1.338 Thread 0x000002181a7fdf10 Exception <a 'java/lang/NoSuchMethodError'{0x00000007131a0740}: 'java.lang.Object java.lang.invoke.DirectMethodHandle$Holder.newInvokeSpecial(java.lang.Object, java.lang.Object, int, int)'> (0x00000007131a0740) 
thrown [s\open\src\hotspot\share\interpreter\linkResolver.cpp, line 774]
Event: 1.339 Thread 0x000002181a7f7f70 Exception <a 'java/lang/NoSuchMethodError'{0x00000007131db510}: 'java.lang.Object java.lang.invoke.DirectMethodHandle$Holder.newInvokeSpecial(java.lang.Object, java.lang.Object, int, int)'> (0x00000007131db510) 
thrown [s\open\src\hotspot\share\interpreter\linkResolver.cpp, line 774]
Event: 1.339 Thread 0x000002181a7f84c0 Exception <a 'java/lang/NoSuchMethodError'{0x00000007129d6480}: 'java.lang.Object java.lang.invoke.DirectMethodHandle$Holder.newInvokeSpecial(java.lang.Object, java.lang.Object, int, int)'> (0x00000007129d6480) 
thrown [s\open\src\hotspot\share\interpreter\linkResolver.cpp, line 774]
Event: 1.340 Thread 0x000002181a7fdf10 Exception <a 'java/lang/NoSuchMethodError'{0x00000007131a4698}: 'java.lang.Object java.lang.invoke.DirectMethodHandle$Holder.invokeSpecial(java.lang.Object, java.lang.Object, java.lang.Object, int, int)'> (0x00000007131a4698) 
thrown [s\open\src\hotspot\share\interpreter\linkResolver.cpp, line 774]
Event: 1.340 Thread 0x000002181a7f7f70 Exception <a 'java/lang/NoSuchMethodError'{0x00000007131ded90}: 'java.lang.Object java.lang.invoke.DirectMethodHandle$Holder.invokeSpecial(java.lang.Object, java.lang.Object, java.lang.Object, int, int)'> (0x00000007131ded90) 
thrown [s\open\src\hotspot\share\interpreter\linkResolver.cpp, line 774]
Event: 1.342 Thread 0x000002181a7f84c0 Exception <a 'java/lang/NoSuchMethodError'{0x00000007129d9d00}: 'java.lang.Object java.lang.invoke.DirectMethodHandle$Holder.invokeSpecial(java.lang.Object, java.lang.Object, java.lang.Object, int, int)'> (0x00000007129d9d00) 
thrown [s\open\src\hotspot\share\interpreter\linkResolver.cpp, line 774]
Event: 1.342 Thread 0x000002181a7f7f70 Exception <a 'java/lang/NoSuchMethodError'{0x00000007131e2110}: 'java.lang.Object java.lang.invoke.Invokers$Holder.linkToTargetMethod(java.lang.Object, int, int, java.lang.Object)'> (0x00000007131e2110) 
thrown [s\open\src\hotspot\share\interpreter\linkResolver.cpp, line 774]
Event: 1.343 Thread 0x000002181a7f84c0 Exception <a 'java/lang/NoSuchMethodError'{0x00000007129dd080}: 'java.lang.Object java.lang.invoke.Invokers$Holder.linkToTargetMethod(java.lang.Object, int, int, java.lang.Object)'> (0x00000007129dd080) 
thrown [s\open\src\hotspot\share\interpreter\linkResolver.cpp, line 774]
Event: 1.364 Thread 0x000002181555e370 Exception <a 'java/lang/NoSuchMethodError'{0x0000000713894578}: 'java.lang.Object java.lang.invoke.DirectMethodHandle$Holder.invokeStaticInit(java.lang.Object, java.lang.Object, java.lang.Object, java.lang.Object)'> (0x0000000713894578) 
thrown [s\open\src\hotspot\share\interpreter\linkResolver.cpp, line 774]

VM Operations (20 events):
Event: 1.066 Executing VM operation: G1CollectForAllocation done
Event: 1.172 Executing VM operation: G1CollectForAllocation
Event: 1.321 Executing VM operation: G1CollectForAllocation done
Event: 1.593 Executing VM operation: G1CollectForAllocation
Event: 1.595 Executing VM operation: G1CollectForAllocation done
Event: 1.794 Executing VM operation: G1CollectForAllocation
Event: 1.797 Executing VM operation: G1CollectForAllocation done
Event: 1.845 Executing VM operation: G1CollectForAllocation
Event: 1.848 Executing VM operation: G1CollectForAllocation done
Event: 1.983 Executing VM operation: G1CollectForAllocation
Event: 1.986 Executing VM operation: G1CollectForAllocation done
Event: 2.192 Executing VM operation: G1CollectForAllocation
Event: 2.196 Executing VM operation: G1CollectForAllocation done
Event: 2.645 Executing VM operation: G1CollectForAllocation
Event: 2.647 Executing VM operation: G1CollectForAllocation done
Event: 3.163 Executing VM operation: G1CollectForAllocation
Event: 3.165 Executing VM operation: G1CollectForAllocation done
Event: 3.212 Executing VM operation: G1CollectForAllocation
Event: 3.214 Executing VM operation: G1CollectForAllocation done
Event: 3.262 Executing VM operation: G1CollectForAllocation

Events (20 events):
Event: 3.261 Thread 0x000002184c870860 Thread exited: 0x000002184c870860
Event: 3.261 Thread 0x000002184c871da0 Thread added: 0x000002184c871da0
Event: 3.261 Thread 0x000002184c871da0 Thread exited: 0x000002184c871da0
Event: 3.261 Thread 0x000002184c870310 Thread added: 0x000002184c870310
Event: 3.261 Thread 0x000002184c870310 Thread exited: 0x000002184c870310
Event: 3.261 Thread 0x000002181af411a0 Thread added: 0x000002181af411a0
Event: 3.261 Thread 0x000002181af411a0 Thread exited: 0x000002181af411a0
Event: 3.262 Thread 0x000002184c871300 Thread added: 0x000002184c871300
Event: 3.262 Thread 0x000002181db09f10 Thread added: 0x000002181db09f10
Event: 3.262 Thread 0x000002184c871300 Thread exited: 0x000002184c871300
Event: 3.262 Thread 0x000002184c871850 Thread added: 0x000002184c871850
Event: 3.262 Thread 0x000002184c870db0 Thread added: 0x000002184c870db0
Event: 3.262 Thread 0x000002181db09f10 Thread exited: 0x000002181db09f10
Event: 3.262 Thread 0x000002184c871850 Thread exited: 0x000002184c871850
Event: 3.262 Thread 0x000002184c870db0 Thread exited: 0x000002184c870db0
Event: 3.262 Thread 0x000002181cd9e4f0 Thread added: 0x000002181cd9e4f0
Event: 3.262 Thread 0x000002184c8722f0 Thread added: 0x000002184c8722f0
Event: 3.262 Thread 0x000002184c8722f0 Thread exited: 0x000002184c8722f0
Event: 3.262 Thread 0x000002181cd9e4f0 Thread exited: 0x000002181cd9e4f0
Event: 3.262 Thread 0x000002184c8732e0 Thread added: 0x000002184c8732e0


Dynamic libraries:
0x00007ff649120000 - 0x00007ff649130000 	C:\Program Files\Java\jdk-19\bin\java.exe
0x00007fff23fd0000 - 0x00007fff241e4000 	C:\WINDOWS\SYSTEM32\ntdll.dll
0x00007fff16f10000 - 0x00007fff16f29000 	C:\Program Files\Avast Software\Avast\aswhook.dll
0x00007fff22eb0000 - 0x00007fff22f72000 	C:\WINDOWS\System32\KERNEL32.DLL
0x00007fff21450000 - 0x00007fff217f3000 	C:\WINDOWS\System32\KERNELBASE.dll
0x00007fff21800000 - 0x00007fff21911000 	C:\WINDOWS\System32\ucrtbase.dll
0x00007fff0e1c0000 - 0x00007fff0e1d8000 	C:\Program Files\Java\jdk-19\bin\jli.dll
0x00007fff16e50000 - 0x00007fff16e6b000 	C:\Program Files\Java\jdk-19\bin\VCRUNTIME140.dll
0x00007fff22a80000 - 0x00007fff22b2e000 	C:\WINDOWS\System32\ADVAPI32.dll
0x00007fff22cc0000 - 0x00007fff22d67000 	C:\WINDOWS\System32\msvcrt.dll
0x00007fff22810000 - 0x00007fff228b4000 	C:\WINDOWS\System32\sechost.dll
0x00007fff22d70000 - 0x00007fff22e87000 	C:\WINDOWS\System32\RPCRT4.dll
0x00007fff22460000 - 0x00007fff2260b000 	C:\WINDOWS\System32\USER32.dll
0x00007fff21a50000 - 0x00007fff21a76000 	C:\WINDOWS\System32\win32u.dll
0x00007fff04b20000 - 0x00007fff04dae000 	C:\WINDOWS\WinSxS\amd64_microsoft.windows.common-controls_6595b64144ccf1df_6.0.22621.1635_none_270f70857386168e\COMCTL32.dll
0x00007fff23280000 - 0x00007fff232a9000 	C:\WINDOWS\System32\GDI32.dll
0x00007fff21c90000 - 0x00007fff21da9000 	C:\WINDOWS\System32\gdi32full.dll
0x00007fff21bf0000 - 0x00007fff21c8a000 	C:\WINDOWS\System32\msvcp_win.dll
0x00007fff0eb40000 - 0x00007fff0eb4a000 	C:\WINDOWS\SYSTEM32\VERSION.dll
0x00007fff22410000 - 0x00007fff22441000 	C:\WINDOWS\System32\IMM32.DLL
0x00007fff0b890000 - 0x00007fff0b89c000 	C:\Program Files\Java\jdk-19\bin\vcruntime140_1.dll
0x00007ffee1dc0000 - 0x00007ffee1e4e000 	C:\Program Files\Java\jdk-19\bin\msvcp140.dll
0x00007ffed83a0000 - 0x00007ffed9060000 	C:\Program Files\Java\jdk-19\bin\server\jvm.dll
0x00007fff06d90000 - 0x00007fff06d99000 	C:\WINDOWS\SYSTEM32\WSOCK32.dll
0x00007fff15720000 - 0x00007fff15754000 	C:\WINDOWS\SYSTEM32\WINMM.dll
0x00007fff22710000 - 0x00007fff22781000 	C:\WINDOWS\System32\WS2_32.dll
0x00007fff20400000 - 0x00007fff20418000 	C:\WINDOWS\SYSTEM32\kernel.appcore.dll
0x00007fff0b7e0000 - 0x00007fff0b7ea000 	C:\Program Files\Java\jdk-19\bin\jimage.dll
0x00007fff1eeb0000 - 0x00007fff1f0de000 	C:\WINDOWS\SYSTEM32\DBGHELP.DLL
0x00007fff22080000 - 0x00007fff22409000 	C:\WINDOWS\System32\combase.dll
0x00007fff22f80000 - 0x00007fff23057000 	C:\WINDOWS\System32\OLEAUT32.dll
0x00007fff0edb0000 - 0x00007fff0ede2000 	C:\WINDOWS\SYSTEM32\dbgcore.DLL
0x00007fff213d0000 - 0x00007fff2144b000 	C:\WINDOWS\System32\bcryptPrimitives.dll
0x00007ffef7cf0000 - 0x00007ffef7d16000 	C:\Program Files\Java\jdk-19\bin\java.dll
0x00007ffef7c10000 - 0x00007ffef7ce7000 	C:\Program Files\Java\jdk-19\bin\jsvml.dll
0x00007fff23780000 - 0x00007fff23f7a000 	C:\WINDOWS\System32\SHELL32.dll
0x00007fff1f3b0000 - 0x00007fff1fc7e000 	C:\WINDOWS\SYSTEM32\windows.storage.dll
0x00007fff1f270000 - 0x00007fff1f3ae000 	C:\WINDOWS\SYSTEM32\wintypes.dll
0x00007fff22610000 - 0x00007fff22701000 	C:\WINDOWS\System32\SHCORE.dll
0x00007fff23060000 - 0x00007fff230be000 	C:\WINDOWS\System32\shlwapi.dll
0x00007fff21300000 - 0x00007fff21321000 	C:\WINDOWS\SYSTEM32\profapi.dll
0x00007ffef7f80000 - 0x00007ffef7f93000 	C:\Program Files\Java\jdk-19\bin\net.dll
0x00007fff1bff0000 - 0x00007fff1c127000 	C:\WINDOWS\SYSTEM32\WINHTTP.dll
0x00007fff20870000 - 0x00007fff208d9000 	C:\WINDOWS\system32\mswsock.dll
0x00007ffef7bf0000 - 0x00007ffef7c06000 	C:\Program Files\Java\jdk-19\bin\nio.dll
0x00007ffef7bd0000 - 0x00007ffef7be8000 	C:\Program Files\Java\jdk-19\bin\zip.dll
0x00007ffef21b0000 - 0x00007ffef2341000 	C:\Program Files\Java\jdk-19\bin\awt.dll
0x00007fff1e250000 - 0x00007fff1e2e7000 	C:\WINDOWS\SYSTEM32\apphelp.dll
0x00007fff1e410000 - 0x00007fff1e4bb000 	C:\WINDOWS\system32\uxtheme.dll
0x00007fff23150000 - 0x00007fff23277000 	C:\WINDOWS\System32\MSCTF.dll
0x00007fff228e0000 - 0x00007fff22a7c000 	C:\WINDOWS\System32\ole32.dll
0x00007fff1e6a0000 - 0x00007fff1e6cb000 	C:\WINDOWS\system32\DWMAPI.DLL
0x00007ffee1d30000 - 0x00007ffee1db6000 	C:\Program Files\Java\jdk-19\bin\freetype.dll
0x00007ffedb480000 - 0x00007ffedb545000 	C:\Program Files\Java\jdk-19\bin\fontmanager.dll
0x00007ffefdf40000 - 0x00007ffefe040000 	C:\WINDOWS\system32\opengl32.dll
0x00007fff087b0000 - 0x00007fff087dd000 	C:\WINDOWS\SYSTEM32\GLU32.dll
0x00007fff1e710000 - 0x00007fff1e748000 	C:\WINDOWS\SYSTEM32\dxcore.dll
0x0000021815d20000 - 0x0000021815d23000 	C:\Users\Fredy Salvador\Music\javafx-sdk-20.0.1\bin\api-ms-win-core-console-l1-1-0.dll
0x0000021815d30000 - 0x0000021815d33000 	C:\Users\Fredy Salvador\Music\javafx-sdk-20.0.1\bin\api-ms-win-core-console-l1-2-0.dll
0x0000021815d40000 - 0x0000021815d43000 	C:\Users\Fredy Salvador\Music\javafx-sdk-20.0.1\bin\api-ms-win-core-datetime-l1-1-0.dll
0x0000021815d50000 - 0x0000021815d53000 	C:\Users\Fredy Salvador\Music\javafx-sdk-20.0.1\bin\api-ms-win-core-debug-l1-1-0.dll
0x0000021815d60000 - 0x0000021815d63000 	C:\Users\Fredy Salvador\Music\javafx-sdk-20.0.1\bin\api-ms-win-core-errorhandling-l1-1-0.dll
0x0000021815d70000 - 0x0000021815d74000 	C:\Users\Fredy Salvador\Music\javafx-sdk-20.0.1\bin\api-ms-win-core-file-l1-1-0.dll
0x0000021815d80000 - 0x0000021815d83000 	C:\Users\Fredy Salvador\Music\javafx-sdk-20.0.1\bin\api-ms-win-core-file-l1-2-0.dll
0x0000021815d90000 - 0x0000021815d93000 	C:\Users\Fredy Salvador\Music\javafx-sdk-20.0.1\bin\api-ms-win-core-file-l2-1-0.dll
0x0000021815da0000 - 0x0000021815da3000 	C:\Users\Fredy Salvador\Music\javafx-sdk-20.0.1\bin\api-ms-win-core-handle-l1-1-0.dll
0x0000021815db0000 - 0x0000021815db3000 	C:\Users\Fredy Salvador\Music\javafx-sdk-20.0.1\bin\api-ms-win-core-heap-l1-1-0.dll
0x0000021815dc0000 - 0x0000021815dc3000 	C:\Users\Fredy Salvador\Music\javafx-sdk-20.0.1\bin\api-ms-win-core-interlocked-l1-1-0.dll
0x0000021815dd0000 - 0x0000021815dd3000 	C:\Users\Fredy Salvador\Music\javafx-sdk-20.0.1\bin\api-ms-win-core-libraryloader-l1-1-0.dll
0x0000021815de0000 - 0x0000021815de3000 	C:\Users\Fredy Salvador\Music\javafx-sdk-20.0.1\bin\api-ms-win-core-localization-l1-2-0.dll
0x0000021815df0000 - 0x0000021815df3000 	C:\Users\Fredy Salvador\Music\javafx-sdk-20.0.1\bin\api-ms-win-core-memory-l1-1-0.dll
0x0000021815e00000 - 0x0000021815e03000 	C:\Users\Fredy Salvador\Music\javafx-sdk-20.0.1\bin\api-ms-win-core-namedpipe-l1-1-0.dll
0x0000021815e10000 - 0x0000021815e13000 	C:\Users\Fredy Salvador\Music\javafx-sdk-20.0.1\bin\api-ms-win-core-processenvironment-l1-1-0.dll
0x0000021815e20000 - 0x0000021815e23000 	C:\Users\Fredy Salvador\Music\javafx-sdk-20.0.1\bin\api-ms-win-core-processthreads-l1-1-0.dll
0x0000021815e30000 - 0x0000021815e33000 	C:\Users\Fredy Salvador\Music\javafx-sdk-20.0.1\bin\api-ms-win-core-processthreads-l1-1-1.dll
0x0000021815e40000 - 0x0000021815e43000 	C:\Users\Fredy Salvador\Music\javafx-sdk-20.0.1\bin\api-ms-win-core-profile-l1-1-0.dll
0x0000021815e50000 - 0x0000021815e53000 	C:\Users\Fredy Salvador\Music\javafx-sdk-20.0.1\bin\api-ms-win-core-rtlsupport-l1-1-0.dll
0x0000021815e60000 - 0x0000021815e63000 	C:\Users\Fredy Salvador\Music\javafx-sdk-20.0.1\bin\api-ms-win-core-string-l1-1-0.dll
0x0000021815e70000 - 0x0000021815e73000 	C:\Users\Fredy Salvador\Music\javafx-sdk-20.0.1\bin\api-ms-win-core-synch-l1-1-0.dll
0x0000021815e80000 - 0x0000021815e83000 	C:\Users\Fredy Salvador\Music\javafx-sdk-20.0.1\bin\api-ms-win-core-synch-l1-2-0.dll
0x0000021815e90000 - 0x0000021815e93000 	C:\Users\Fredy Salvador\Music\javafx-sdk-20.0.1\bin\api-ms-win-core-sysinfo-l1-1-0.dll
0x0000021815ea0000 - 0x0000021815ea3000 	C:\Users\Fredy Salvador\Music\javafx-sdk-20.0.1\bin\api-ms-win-core-timezone-l1-1-0.dll
0x0000021815eb0000 - 0x0000021815eb3000 	C:\Users\Fredy Salvador\Music\javafx-sdk-20.0.1\bin\api-ms-win-core-util-l1-1-0.dll
0x0000021815ec0000 - 0x0000021815ec3000 	C:\Users\Fredy Salvador\Music\javafx-sdk-20.0.1\bin\api-ms-win-crt-conio-l1-1-0.dll
0x0000021815ed0000 - 0x0000021815ed4000 	C:\Users\Fredy Salvador\Music\javafx-sdk-20.0.1\bin\api-ms-win-crt-convert-l1-1-0.dll
0x0000021815ee0000 - 0x0000021815ee3000 	C:\Users\Fredy Salvador\Music\javafx-sdk-20.0.1\bin\api-ms-win-crt-environment-l1-1-0.dll
0x0000021815ef0000 - 0x0000021815ef3000 	C:\Users\Fredy Salvador\Music\javafx-sdk-20.0.1\bin\api-ms-win-crt-filesystem-l1-1-0.dll
0x0000021815f00000 - 0x0000021815f03000 	C:\Users\Fredy Salvador\Music\javafx-sdk-20.0.1\bin\api-ms-win-crt-heap-l1-1-0.dll
0x0000021815f10000 - 0x0000021815f13000 	C:\Users\Fredy Salvador\Music\javafx-sdk-20.0.1\bin\api-ms-win-crt-locale-l1-1-0.dll
0x0000021815f20000 - 0x0000021815f25000 	C:\Users\Fredy Salvador\Music\javafx-sdk-20.0.1\bin\api-ms-win-crt-math-l1-1-0.dll
0x0000021815f30000 - 0x0000021815f35000 	C:\Users\Fredy Salvador\Music\javafx-sdk-20.0.1\bin\api-ms-win-crt-multibyte-l1-1-0.dll
0x0000021815f40000 - 0x0000021815f50000 	C:\Users\Fredy Salvador\Music\javafx-sdk-20.0.1\bin\api-ms-win-crt-private-l1-1-0.dll
0x0000021815f50000 - 0x0000021815f53000 	C:\Users\Fredy Salvador\Music\javafx-sdk-20.0.1\bin\api-ms-win-crt-process-l1-1-0.dll
0x0000021815f60000 - 0x0000021815f64000 	C:\Users\Fredy Salvador\Music\javafx-sdk-20.0.1\bin\api-ms-win-crt-runtime-l1-1-0.dll
0x0000021815f70000 - 0x0000021815f74000 	C:\Users\Fredy Salvador\Music\javafx-sdk-20.0.1\bin\api-ms-win-crt-stdio-l1-1-0.dll
0x0000021815f80000 - 0x0000021815f84000 	C:\Users\Fredy Salvador\Music\javafx-sdk-20.0.1\bin\api-ms-win-crt-string-l1-1-0.dll
0x0000021815f90000 - 0x0000021815f93000 	C:\Users\Fredy Salvador\Music\javafx-sdk-20.0.1\bin\api-ms-win-crt-time-l1-1-0.dll
0x0000021815fa0000 - 0x0000021815fa3000 	C:\Users\Fredy Salvador\Music\javafx-sdk-20.0.1\bin\api-ms-win-crt-utility-l1-1-0.dll
0x00007ffef68b0000 - 0x00007ffef69ac000 	C:\Users\Fredy Salvador\Music\javafx-sdk-20.0.1\bin\ucrtbase.dll
0x00007fff0e1a0000 - 0x00007fff0e1bb000 	C:\Users\Fredy Salvador\Music\javafx-sdk-20.0.1\bin\vcruntime140.dll
0x00007fff0ee00000 - 0x00007fff0ee0c000 	C:\Users\Fredy Salvador\Music\javafx-sdk-20.0.1\bin\vcruntime140_1.dll
0x00007fff0a0e0000 - 0x00007fff0a16e000 	C:\Users\Fredy Salvador\Music\javafx-sdk-20.0.1\bin\msvcp140.dll
0x00007fff0e970000 - 0x00007fff0e979000 	C:\Users\Fredy Salvador\Music\javafx-sdk-20.0.1\bin\msvcp140_1.dll
0x00007fff0e170000 - 0x00007fff0e1a0000 	C:\Users\Fredy Salvador\Music\javafx-sdk-20.0.1\bin\msvcp140_2.dll
0x00007fff0de70000 - 0x00007fff0de9f000 	C:\Users\Fredy Salvador\Music\javafx-sdk-20.0.1\bin\prism_d3d.dll
0x00007ffed5c70000 - 0x00007ffed5e19000 	C:\WINDOWS\system32\d3d9.dll
0x00007ffee3490000 - 0x00007ffee35f5000 	C:\WINDOWS\System32\DriverStore\FileRepository\iigd_dch.inf_amd64_4de65d949492707a\igdumdim64.dll
0x00007ffe556f0000 - 0x00007ffe5937b000 	C:\WINDOWS\System32\DriverStore\FileRepository\iigd_dch.inf_amd64_4de65d949492707a\igd9dxva64.dll
0x00007fff23300000 - 0x00007fff23774000 	C:\WINDOWS\System32\SETUPAPI.dll
0x00007fff20fb0000 - 0x00007fff20ffe000 	C:\WINDOWS\SYSTEM32\cfgmgr32.dll
0x00007fff12980000 - 0x00007fff12cb6000 	C:\WINDOWS\System32\DriverStore\FileRepository\iigd_dch.inf_amd64_4de65d949492707a\igdgmm64.dll
0x00007fff16ca0000 - 0x00007fff16ce8000 	C:\WINDOWS\SYSTEM32\directxdatabasehelper.dll
0x00007fff08c90000 - 0x00007fff08cd2000 	C:\Users\Fredy Salvador\Music\javafx-sdk-20.0.1\bin\glass.dll
0x00007fff21db0000 - 0x00007fff21ea7000 	C:\WINDOWS\System32\COMDLG32.dll
0x00007fff09110000 - 0x00007fff09137000 	C:\WINDOWS\System32\DriverStore\FileRepository\iigd_dch.inf_amd64_4de65d949492707a\igdinfo64.dll
0x00007fff0fbf0000 - 0x00007fff1297f000 	C:\WINDOWS\System32\DriverStore\FileRepository\iigd_dch.inf_amd64_4de65d949492707a\igc64.dll
0x00007ffee3070000 - 0x00007ffee310f000 	C:\Users\Fredy Salvador\Music\javafx-sdk-20.0.1\bin\glib-lite.dll
0x00007ffee2260000 - 0x00007ffee234e000 	C:\Users\Fredy Salvador\Music\javafx-sdk-20.0.1\bin\gstreamer-lite.dll
0x00007ffef6de0000 - 0x00007ffef6e82000 	C:\WINDOWS\SYSTEM32\DSOUND.dll
0x00007fff212a0000 - 0x00007fff212ed000 	C:\WINDOWS\SYSTEM32\powrprof.dll
0x00007ffeebaa0000 - 0x00007ffeebb51000 	C:\WINDOWS\SYSTEM32\ResampleDmo.DLL
0x00007fff05960000 - 0x00007fff05989000 	C:\WINDOWS\SYSTEM32\winmmbase.dll
0x00007fff0e3f0000 - 0x00007fff0e3fb000 	C:\WINDOWS\SYSTEM32\msdmo.dll
0x00007fff21280000 - 0x00007fff21293000 	C:\WINDOWS\SYSTEM32\UMPDC.dll
0x00007fff0b800000 - 0x00007fff0b824000 	C:\Users\Fredy Salvador\Music\javafx-sdk-20.0.1\bin\jfxmedia.dll
0x00007fff0b3d0000 - 0x00007fff0b3f4000 	C:\Users\Fredy Salvador\Music\javafx-sdk-20.0.1\bin\fxplugins.dll
0x00007fff0ac60000 - 0x00007fff0ae2e000 	C:\WINDOWS\SYSTEM32\MFPlat.DLL
0x00007fff0e870000 - 0x00007fff0e8a3000 	C:\WINDOWS\SYSTEM32\RTWorkQ.DLL

dbghelp: loaded successfully - version: 4.0.5 - missing functions: none
symbol engine: initialized successfully - sym options: 0x614 - pdb path: .;C:\Program Files\Java\jdk-19\bin;C:\WINDOWS\SYSTEM32;C:\Program Files\Avast Software\Avast;C:\WINDOWS\WinSxS\amd64_microsoft.windows.common-controls_6595b64144ccf1df_6.0.22621.1635_none_270f70857386168e;C:\Program Files\Java\jdk-19\bin\server;C:\Users\Fredy Salvador\Music\javafx-sdk-20.0.1\bin;C:\WINDOWS\System32\DriverStore\FileRepository\iigd_dch.inf_amd64_4de65d949492707a

VM Arguments:
jvm_args: -Dfile.encoding=UTF-8 --module-path=C:\Users\Fredy Salvador\Documents\NetBeansProjects\InteracFlix\build\classes 
java_command: interacflix.Comienzo
java_class_path (initial): C:\Users\Fredy Salvador\Music\javafx-sdk-20.0.1\lib\javafx.swing.jar;C:\Users\Fredy Salvador\Music\javafx-sdk-20.0.1\lib\javafx.media.jar;C:\Users\Fredy Salvador\Music\javafx-sdk-20.0.1\lib\javafx.graphics.jar;C:\Users\Fredy Salvador\Music\javafx-sdk-20.0.1\lib\javafx.fxml.jar;C:\Users\Fredy Salvador\Music\javafx-sdk-20.0.1\lib\javafx.controls.jar;C:\Users\Fredy Salvador\Music\javafx-sdk-20.0.1\lib\javafx.base.jar;C:\Users\Fredy Salvador\Music\javafx-sdk-20.0.1\lib\javafx.web.jar;C:\Users\Fredy Salvador\Music\javafx-sdk-20.0.1\lib\javafx-swt.jar;C:\Program Files\NetBeans-15\netbeans\java\modules\ext\AbsoluteLayout.jar;C:\Users\Fredy Salvador\Documents\NetBeansProjects\InteracFlix\build\classes
Launcher Type: SUN_STANDARD

[Global flags]
     intx CICompilerCount                          = 3                                         {product} {ergonomic}
     uint ConcGCThreads                            = 1                                         {product} {ergonomic}
     uint G1ConcRefinementThreads                  = 4                                         {product} {ergonomic}
   size_t G1HeapRegionSize                         = 2097152                                   {product} {ergonomic}
    uintx GCDrainStackTargetSize                   = 64                                        {product} {ergonomic}
   size_t InitialHeapSize                          = 266338304                                 {product} {ergonomic}
   size_t MarkStackSize                            = 4194304                                   {product} {ergonomic}
   size_t MaxHeapSize                              = 4232052736                                {product} {ergonomic}
   size_t MaxNewSize                               = 2537553920                                {product} {ergonomic}
   size_t MinHeapDeltaBytes                        = 2097152                                   {product} {ergonomic}
   size_t MinHeapSize                              = 8388608                                   {product} {ergonomic}
    uintx NonNMethodCodeHeapSize                   = 5832780                                {pd product} {ergonomic}
    uintx NonProfiledCodeHeapSize                  = 122912730                              {pd product} {ergonomic}
    uintx ProfiledCodeHeapSize                     = 122912730                              {pd product} {ergonomic}
    uintx ReservedCodeCacheSize                    = 251658240                              {pd product} {ergonomic}
     bool SegmentedCodeCache                       = true                                      {product} {ergonomic}
   size_t SoftMaxHeapSize                          = 4232052736                             {manageable} {ergonomic}
     bool UseCompressedClassPointers               = true                           {product lp64_product} {ergonomic}
     bool UseCompressedOops                        = true                           {product lp64_product} {ergonomic}
     bool UseG1GC                                  = true                                      {product} {ergonomic}
     bool UseLargePagesIndividualAllocation        = false                                  {pd product} {ergonomic}

Logging:
Log output configuration:
 #0: stdout all=warning uptime,level,tags foldmultilines=false
 #1: stderr all=off uptime,level,tags foldmultilines=false

Environment Variables:
PATH=C:\Program Files (x86)\PHP;C:\Program Files\Common Files\Oracle\Java\javapath;C:\WINDOWS\system32;C:\WINDOWS;C:\WINDOWS\System32\Wbem;C:\WINDOWS\System32\WindowsPowerShell\v1.0\;C:\WINDOWS\System32\OpenSSH\;C:\Program Files\Microsoft SQL Server\150\Tools\Binn\;C:\Program Files\dotnet\;C:\Program Files\Microsoft SQL Server\130\Tools\Binn\;C:\Program Files\Microsoft SQL Server\Client SDK\ODBC\170\Tools\Binn\;C:\Program Files\Microsoft\Web Platform Installer\;C:\Program Files (x86)\Windows Kits\8.1\Windows Performance Toolkit\;C:\Program Files\Microsoft SQL Server\110\Tools\Binn\;C:\Program Files\MySQL\MySQL Shell 8.0\bin\;C:\Users\Fredy Salvador\AppData\Local\Microsoft\WindowsApps;C:\Users\Fredy Salvador\.dotnet\tools;C:\SoftlandERP;C:\SoftlandERP\Setup;;%SystemRoot%\system32;%SystemRoot%;%SystemRoot%\System32\Wbem;%SYSTEMROOT%\System32\WindowsPowerShell\v1.0\;%SYSTEMROOT%\System32\OpenSSH\;C:\Program Files\MySQL\MySQL Shell 8.0\bin\;C:\Users\Fredy Salvador\AppData\Local\Microsoft\WindowsApps;C:\Users\Fredy Salvador\.dotnet\tools;
USERNAME=Fredy Salvador
OS=Windows_NT
PROCESSOR_IDENTIFIER=Intel64 Family 6 Model 142 Stepping 12, GenuineIntel
TMP=C:\Users\FREDYS~1\AppData\Local\Temp
TEMP=C:\Users\FREDYS~1\AppData\Local\Temp



---------------  S Y S T E M  ---------------

OS:
 Windows 11 , 64 bit Build 22621 (10.0.22621.1778)
OS uptime: 3 days 4:37 hours

CPU: total 4 (initial active 4) (2 cores per cpu, 2 threads per core) family 6 model 142 stepping 12 microcode 0xde, cx8, cmov, fxsr, ht, mmx, 3dnowpref, sse, sse2, sse3, ssse3, sse4.1, sse4.2, popcnt, lzcnt, tsc, tscinvbit, avx, avx2, aes, erms, clmul, bmi1, bmi2, adx, fma, vzeroupper, clflush, clflushopt, rdtscp

Memory: 4k page, system-wide physical 16141M (2224M free)
TotalPageFile size 18189M (AvailPageFile size 1M)
current process WorkingSet (physical memory assigned to process): 1321M, peak: 1321M
current process commit charge ("private bytes"): 1810M, peak: 1889M

vm_info: Java HotSpot(TM) 64-Bit Server VM (19.0.1+10-21) for windows-amd64 JRE (19.0.1+10-21), built on 2022-09-14T12:45:06Z by "mach5one" with MS VC++ 17.1 (VS2022)

END.
